#
# There is insufficient memory for the Java Runtime Environment to continue.
# Native memory allocation (mmap) failed to map 65536 bytes for Failed to commit metaspace.
# Possible reasons:
#   The system is out of physical RAM or swap space
#   The process is running with CompressedOops enabled, and the Java Heap may be blocking the growth of the native heap
# Possible solutions:
#   Reduce memory load on the system
#   Increase physical memory or swap space
#   Check if swap backing store is full
#   Decrease Java heap size (-Xmx/-Xms)
#   Decrease number of Java threads
#   Decrease Java thread stack sizes (-Xss)
#   Set larger code cache with -XX:ReservedCodeCacheSize=
#   JVM is running with Unscaled Compressed Oops mode in which the Java heap is
#     placed in the first 4GB address space. The Java Heap base address is the
#     maximum limit for the native heap growth. Please use -XX:HeapBaseMinAddress
#     to set the Java Heap base and to place the Java Heap above 4GB virtual address.
# This output file may be truncated or incomplete.
#
#  Out of Memory Error (virtualSpaceNode.cpp:110), pid=13024, tid=11764
#
# JRE version: OpenJDK Runtime Environment Corretto-18.0.2.9.1 (18.0.2+9) (build 18.0.2+9-FR)
# Java VM: OpenJDK 64-Bit Server VM Corretto-18.0.2.9.1 (18.0.2+9-FR, mixed mode, tiered, compressed oops, compressed class ptrs, g1 gc, windows-amd64)
# No core dump will be written. Minidumps are not enabled by default on client versions of Windows
#

---------------  S U M M A R Y ------------

Command Line: -Dnet.bytebuddy.agent.attacher.dump= net.bytebuddy.agent.Attacher com.sun.tools.attach.VirtualMachine 8804 C:\Users\ERIN_JAVALead\.m2\repository\net\bytebuddy\byte-buddy-agent\1.14.12\byte-buddy-agent-1.14.12.jar false 

Host: Intel(R) Core(TM) i3-6006U CPU @ 2.00GHz, 4 cores, 3G,  Windows 10 , 64 bit Build 19041 (10.0.19041.3636)
Time: Thu Feb 29 16:39:53 2024 W. Europe Standard Time elapsed time: 0.218286 seconds (0d 0h 0m 0s)

---------------  T H R E A D  ---------------

Current thread (0x00000213aec3fe50):  JavaThread "main" [_thread_in_vm, id=11764, stack(0x000000e698700000,0x000000e698800000)]

Stack: [0x000000e698700000,0x000000e698800000]
Native frames: (J=compiled Java code, j=interpreted, Vv=VM code, C=native code)
V  [jvm.dll+0x685a2a]
V  [jvm.dll+0x82ae8d]
V  [jvm.dll+0x82c75e]
V  [jvm.dll+0x82ce03]
V  [jvm.dll+0x25ef4b]
V  [jvm.dll+0x826bdb]
V  [jvm.dll+0x62d206]
V  [jvm.dll+0x62d26a]
V  [jvm.dll+0x62f9b6]
V  [jvm.dll+0x62f88e]
V  [jvm.dll+0x62dbc5]
V  [jvm.dll+0x254bd3]
V  [jvm.dll+0x207dbe]
V  [jvm.dll+0x1fde59]
V  [jvm.dll+0x54c245]
V  [jvm.dll+0x20e717]
V  [jvm.dll+0x7a7e76]
V  [jvm.dll+0x7a9106]
V  [jvm.dll+0x7a9438]
V  [jvm.dll+0x257363]
V  [jvm.dll+0x2575af]
V  [jvm.dll+0x56bd88]
V  [jvm.dll+0x56ec3e]
V  [jvm.dll+0x3a3b98]
V  [jvm.dll+0x3a31cf]
C  0x00000213b804a582

Java frames: (J=compiled Java code, j=interpreted, Vv=VM code)
j  java.util.jar.Attributes.putValue(Ljava/lang/String;Ljava/lang/String;)Ljava/lang/String;+2 java.base@18.0.2
j  java.util.jar.Attributes.read(Ljava/util/jar/Manifest$FastInputStream;[BLjava/lang/String;I)I+392 java.base@18.0.2
j  java.util.jar.Attributes.read(Ljava/util/jar/Manifest$FastInputStream;[B)V+5 java.base@18.0.2
j  java.util.jar.JarFile.checkForSpecialAttributes()V+127 java.base@18.0.2
j  java.util.jar.JarFile.hasClassPathAttribute()Z+1 java.base@18.0.2
j  java.util.jar.JavaUtilJarAccessImpl.jarFileHasClassPathAttribute(Ljava/util/jar/JarFile;)Z+1 java.base@18.0.2
j  jdk.internal.loader.URLClassPath$JarLoader.getClassPath()[Ljava/net/URL;+20 java.base@18.0.2
j  jdk.internal.loader.URLClassPath.getLoader(I)Ljdk/internal/loader/URLClassPath$Loader;+88 java.base@18.0.2
j  jdk.internal.loader.URLClassPath.getResource(Ljava/lang/String;Z)Ljdk/internal/loader/Resource;+42 java.base@18.0.2
j  jdk.internal.loader.BuiltinClassLoader.findClassOnClassPathOrNull(Ljava/lang/String;)Ljava/lang/Class;+26 java.base@18.0.2
j  jdk.internal.loader.BuiltinClassLoader.loadClassOrNull(Ljava/lang/String;Z)Ljava/lang/Class;+111 java.base@18.0.2
j  jdk.internal.loader.BuiltinClassLoader.loadClass(Ljava/lang/String;Z)Ljava/lang/Class;+3 java.base@18.0.2
j  jdk.internal.loader.ClassLoaders$AppClassLoader.loadClass(Ljava/lang/String;Z)Ljava/lang/Class;+36 java.base@18.0.2
j  java.lang.ClassLoader.loadClass(Ljava/lang/String;)Ljava/lang/Class;+3 java.base@18.0.2
v  ~StubRoutines::call_stub
j  java.lang.Class.forName0(Ljava/lang/String;ZLjava/lang/ClassLoader;Ljava/lang/Class;)Ljava/lang/Class;+0 java.base@18.0.2
j  java.lang.Class.forName(Ljava/lang/String;ZLjava/lang/ClassLoader;Ljava/lang/Class;)Ljava/lang/Class;+37 java.base@18.0.2
j  java.lang.Class.forName(Ljava/lang/String;ZLjava/lang/ClassLoader;)Ljava/lang/Class;+20 java.base@18.0.2
j  sun.launcher.LauncherHelper.loadMainClass(ILjava/lang/String;)Ljava/lang/Class;+95 java.base@18.0.2
j  sun.launcher.LauncherHelper.checkAndLoadMain(ZILjava/lang/String;)Ljava/lang/Class;+42 java.base@18.0.2
v  ~StubRoutines::call_stub

---------------  P R O C E S S  ---------------

Threads class SMR info:
_java_thread_list=0x00000213cc1c2a20, length=12, elements={
0x00000213aec3fe50, 0x00000213cc154010, 0x00000213cc1688b0, 0x00000213cc1a55e0,
0x00000213cc1a60b0, 0x00000213cc1a8ac0, 0x00000213cc1a9480, 0x00000213cc1ce280,
0x00000213cc1ce870, 0x00000213cc1b60a0, 0x00000213d05432d0, 0x00000213d0552090
}

Java Threads: ( => current thread )
=>0x00000213aec3fe50 JavaThread "main" [_thread_in_vm, id=11764, stack(0x000000e698700000,0x000000e698800000)]
  0x00000213cc154010 JavaThread "Reference Handler" daemon [_thread_blocked, id=10888, stack(0x000000e698e00000,0x000000e698f00000)]
  0x00000213cc1688b0 JavaThread "Finalizer" daemon [_thread_blocked, id=10460, stack(0x000000e698f00000,0x000000e699000000)]
  0x00000213cc1a55e0 JavaThread "Signal Dispatcher" daemon [_thread_blocked, id=13960, stack(0x000000e699000000,0x000000e699100000)]
  0x00000213cc1a60b0 JavaThread "Attach Listener" daemon [_thread_blocked, id=14268, stack(0x000000e699100000,0x000000e699200000)]
  0x00000213cc1a8ac0 JavaThread "Service Thread" daemon [_thread_blocked, id=4876, stack(0x000000e699200000,0x000000e699300000)]
  0x00000213cc1a9480 JavaThread "Monitor Deflation Thread" daemon [_thread_blocked, id=13596, stack(0x000000e699300000,0x000000e699400000)]
  0x00000213cc1ce280 JavaThread "C2 CompilerThread0" daemon [_thread_blocked, id=1328, stack(0x000000e699400000,0x000000e699500000)]
  0x00000213cc1ce870 JavaThread "C1 CompilerThread0" daemon [_thread_blocked, id=1848, stack(0x000000e699500000,0x000000e699600000)]
  0x00000213cc1b60a0 JavaThread "Sweeper thread" daemon [_thread_blocked, id=8484, stack(0x000000e699600000,0x000000e699700000)]
  0x00000213d05432d0 JavaThread "Notification Thread" daemon [_thread_blocked, id=4016, stack(0x000000e699700000,0x000000e699800000)]
  0x00000213d0552090 JavaThread "Common-Cleaner" daemon [_thread_blocked, id=7444, stack(0x000000e699900000,0x000000e699a00000)]

Other Threads:
  0x00000213aec9c1a0 VMThread "VM Thread" [stack: 0x000000e698d00000,0x000000e698e00000] [id=3812]
  0x00000213d05457a0 WatcherThread "VM Periodic Task Thread" [stack: 0x000000e699800000,0x000000e699900000] [id=1580]
  0x00000213aec80b00 WorkerThread "GC Thread#0" [stack: 0x000000e698800000,0x000000e698900000] [id=14264]
  0x00000213aec897b0 ConcurrentGCThread "G1 Main Marker" [stack: 0x000000e698900000,0x000000e698a00000] [id=8852]
  0x00000213aec8b1b0 WorkerThread "G1 Conc#0" [stack: 0x000000e698a00000,0x000000e698b00000] [id=8648]
  0x00000213aecb6950 ConcurrentGCThread "G1 Refine#0" [stack: 0x000000e698b00000,0x000000e698c00000] [id=6368]
  0x00000213aecb8e80 ConcurrentGCThread "G1 Service" [stack: 0x000000e698c00000,0x000000e698d00000] [id=3100]

Threads with active compile tasks:

VM state: not at safepoint (normal execution)

VM Mutex/Monitor currently owned by a thread:  ([mutex/lock_event])
[0x00000213aec3a120] Metaspace_lock - owner thread: 0x00000213aec3fe50

Heap address: 0x00000000c1400000, size: 1004 MB, Compressed Oops mode: 32-bit

CDS archive(s) not mapped
Compressed class space mapped at: 0x0000000100000000-0x0000000140000000, reserved size: 1073741824
Narrow klass base: 0x0000000000000000, Narrow klass shift: 3, Narrow klass range: 0x140000000

GC Precious Log:
 CardTable entry size: 512
 Card Set container configuration: InlinePtr #cards 5 size 8 Array Of Cards #cards 12 size 40 Howl #buckets 4 coarsen threshold 1843 Howl Bitmap #cards 512 size 80 coarsen threshold 460 Card regions per heap region 1 cards per card region 2048
 CPUs: 4 total, 4 available
 Memory: 4012M
 Large Page Support: Disabled
 NUMA Support: Disabled
 Compressed Oops: Enabled (32-bit)
 Heap Region Size: 1M
 Heap Min Capacity: 8M
 Heap Initial Capacity: 64M
 Heap Max Capacity: 1004M
 Pre-touch: Disabled
 Parallel Workers: 4
 Concurrent Workers: 1
 Concurrent Refinement Workers: 4
 Periodic GC: Disabled

Heap:
 garbage-first heap   total 65536K, used 1024K [0x00000000c1400000, 0x0000000100000000)
  region size 1024K, 2 young (2048K), 0 survivors (0K)
 Metaspace       used 4595K, committed 4608K, reserved 1114112K
  class space    used 372K, committed 384K, reserved 1048576K

Heap Regions: E=young(eden), S=young(survivor), O=old, HS=humongous(starts), HC=humongous(continues), CS=collection set, F=free, OA=open archive, CA=closed archive, TAMS=top-at-mark-start (previous, next)
|   0|0x00000000c1400000, 0x00000000c1400000, 0x00000000c1500000|  0%| F|  |TAMS 0x00000000c1400000, 0x00000000c1400000| Untracked 
|   1|0x00000000c1500000, 0x00000000c1500000, 0x00000000c1600000|  0%| F|  |TAMS 0x00000000c1500000, 0x00000000c1500000| Untracked 
|   2|0x00000000c1600000, 0x00000000c1600000, 0x00000000c1700000|  0%| F|  |TAMS 0x00000000c1600000, 0x00000000c1600000| Untracked 
|   3|0x00000000c1700000, 0x00000000c1700000, 0x00000000c1800000|  0%| F|  |TAMS 0x00000000c1700000, 0x00000000c1700000| Untracked 
|   4|0x00000000c1800000, 0x00000000c1800000, 0x00000000c1900000|  0%| F|  |TAMS 0x00000000c1800000, 0x00000000c1800000| Untracked 
|   5|0x00000000c1900000, 0x00000000c1900000, 0x00000000c1a00000|  0%| F|  |TAMS 0x00000000c1900000, 0x00000000c1900000| Untracked 
|   6|0x00000000c1a00000, 0x00000000c1a00000, 0x00000000c1b00000|  0%| F|  |TAMS 0x00000000c1a00000, 0x00000000c1a00000| Untracked 
|   7|0x00000000c1b00000, 0x00000000c1b00000, 0x00000000c1c00000|  0%| F|  |TAMS 0x00000000c1b00000, 0x00000000c1b00000| Untracked 
|   8|0x00000000c1c00000, 0x00000000c1c00000, 0x00000000c1d00000|  0%| F|  |TAMS 0x00000000c1c00000, 0x00000000c1c00000| Untracked 
|   9|0x00000000c1d00000, 0x00000000c1d00000, 0x00000000c1e00000|  0%| F|  |TAMS 0x00000000c1d00000, 0x00000000c1d00000| Untracked 
|  10|0x00000000c1e00000, 0x00000000c1e00000, 0x00000000c1f00000|  0%| F|  |TAMS 0x00000000c1e00000, 0x00000000c1e00000| Untracked 
|  11|0x00000000c1f00000, 0x00000000c1f00000, 0x00000000c2000000|  0%| F|  |TAMS 0x00000000c1f00000, 0x00000000c1f00000| Untracked 
|  12|0x00000000c2000000, 0x00000000c2000000, 0x00000000c2100000|  0%| F|  |TAMS 0x00000000c2000000, 0x00000000c2000000| Untracked 
|  13|0x00000000c2100000, 0x00000000c2100000, 0x00000000c2200000|  0%| F|  |TAMS 0x00000000c2100000, 0x00000000c2100000| Untracked 
|  14|0x00000000c2200000, 0x00000000c2200000, 0x00000000c2300000|  0%| F|  |TAMS 0x00000000c2200000, 0x00000000c2200000| Untracked 
|  15|0x00000000c2300000, 0x00000000c2300000, 0x00000000c2400000|  0%| F|  |TAMS 0x00000000c2300000, 0x00000000c2300000| Untracked 
|  16|0x00000000c2400000, 0x00000000c2400000, 0x00000000c2500000|  0%| F|  |TAMS 0x00000000c2400000, 0x00000000c2400000| Untracked 
|  17|0x00000000c2500000, 0x00000000c2500000, 0x00000000c2600000|  0%| F|  |TAMS 0x00000000c2500000, 0x00000000c2500000| Untracked 
|  18|0x00000000c2600000, 0x00000000c2600000, 0x00000000c2700000|  0%| F|  |TAMS 0x00000000c2600000, 0x00000000c2600000| Untracked 
|  19|0x00000000c2700000, 0x00000000c2700000, 0x00000000c2800000|  0%| F|  |TAMS 0x00000000c2700000, 0x00000000c2700000| Untracked 
|  20|0x00000000c2800000, 0x00000000c2800000, 0x00000000c2900000|  0%| F|  |TAMS 0x00000000c2800000, 0x00000000c2800000| Untracked 
|  21|0x00000000c2900000, 0x00000000c2900000, 0x00000000c2a00000|  0%| F|  |TAMS 0x00000000c2900000, 0x00000000c2900000| Untracked 
|  22|0x00000000c2a00000, 0x00000000c2a00000, 0x00000000c2b00000|  0%| F|  |TAMS 0x00000000c2a00000, 0x00000000c2a00000| Untracked 
|  23|0x00000000c2b00000, 0x00000000c2b00000, 0x00000000c2c00000|  0%| F|  |TAMS 0x00000000c2b00000, 0x00000000c2b00000| Untracked 
|  24|0x00000000c2c00000, 0x00000000c2c00000, 0x00000000c2d00000|  0%| F|  |TAMS 0x00000000c2c00000, 0x00000000c2c00000| Untracked 
|  25|0x00000000c2d00000, 0x00000000c2d00000, 0x00000000c2e00000|  0%| F|  |TAMS 0x00000000c2d00000, 0x00000000c2d00000| Untracked 
|  26|0x00000000c2e00000, 0x00000000c2e00000, 0x00000000c2f00000|  0%| F|  |TAMS 0x00000000c2e00000, 0x00000000c2e00000| Untracked 
|  27|0x00000000c2f00000, 0x00000000c2f00000, 0x00000000c3000000|  0%| F|  |TAMS 0x00000000c2f00000, 0x00000000c2f00000| Untracked 
|  28|0x00000000c3000000, 0x00000000c3000000, 0x00000000c3100000|  0%| F|  |TAMS 0x00000000c3000000, 0x00000000c3000000| Untracked 
|  29|0x00000000c3100000, 0x00000000c3100000, 0x00000000c3200000|  0%| F|  |TAMS 0x00000000c3100000, 0x00000000c3100000| Untracked 
|  30|0x00000000c3200000, 0x00000000c3200000, 0x00000000c3300000|  0%| F|  |TAMS 0x00000000c3200000, 0x00000000c3200000| Untracked 
|  31|0x00000000c3300000, 0x00000000c3300000, 0x00000000c3400000|  0%| F|  |TAMS 0x00000000c3300000, 0x00000000c3300000| Untracked 
|  32|0x00000000c3400000, 0x00000000c3400000, 0x00000000c3500000|  0%| F|  |TAMS 0x00000000c3400000, 0x00000000c3400000| Untracked 
|  33|0x00000000c3500000, 0x00000000c3500000, 0x00000000c3600000|  0%| F|  |TAMS 0x00000000c3500000, 0x00000000c3500000| Untracked 
|  34|0x00000000c3600000, 0x00000000c3600000, 0x00000000c3700000|  0%| F|  |TAMS 0x00000000c3600000, 0x00000000c3600000| Untracked 
|  35|0x00000000c3700000, 0x00000000c3700000, 0x00000000c3800000|  0%| F|  |TAMS 0x00000000c3700000, 0x00000000c3700000| Untracked 
|  36|0x00000000c3800000, 0x00000000c3800000, 0x00000000c3900000|  0%| F|  |TAMS 0x00000000c3800000, 0x00000000c3800000| Untracked 
|  37|0x00000000c3900000, 0x00000000c3900000, 0x00000000c3a00000|  0%| F|  |TAMS 0x00000000c3900000, 0x00000000c3900000| Untracked 
|  38|0x00000000c3a00000, 0x00000000c3a00000, 0x00000000c3b00000|  0%| F|  |TAMS 0x00000000c3a00000, 0x00000000c3a00000| Untracked 
|  39|0x00000000c3b00000, 0x00000000c3b00000, 0x00000000c3c00000|  0%| F|  |TAMS 0x00000000c3b00000, 0x00000000c3b00000| Untracked 
|  40|0x00000000c3c00000, 0x00000000c3c00000, 0x00000000c3d00000|  0%| F|  |TAMS 0x00000000c3c00000, 0x00000000c3c00000| Untracked 
|  41|0x00000000c3d00000, 0x00000000c3d00000, 0x00000000c3e00000|  0%| F|  |TAMS 0x00000000c3d00000, 0x00000000c3d00000| Untracked 
|  42|0x00000000c3e00000, 0x00000000c3e00000, 0x00000000c3f00000|  0%| F|  |TAMS 0x00000000c3e00000, 0x00000000c3e00000| Untracked 
|  43|0x00000000c3f00000, 0x00000000c3f00000, 0x00000000c4000000|  0%| F|  |TAMS 0x00000000c3f00000, 0x00000000c3f00000| Untracked 
|  44|0x00000000c4000000, 0x00000000c4000000, 0x00000000c4100000|  0%| F|  |TAMS 0x00000000c4000000, 0x00000000c4000000| Untracked 
|  45|0x00000000c4100000, 0x00000000c4100000, 0x00000000c4200000|  0%| F|  |TAMS 0x00000000c4100000, 0x00000000c4100000| Untracked 
|  46|0x00000000c4200000, 0x00000000c4200000, 0x00000000c4300000|  0%| F|  |TAMS 0x00000000c4200000, 0x00000000c4200000| Untracked 
|  47|0x00000000c4300000, 0x00000000c4300000, 0x00000000c4400000|  0%| F|  |TAMS 0x00000000c4300000, 0x00000000c4300000| Untracked 
|  48|0x00000000c4400000, 0x00000000c4400000, 0x00000000c4500000|  0%| F|  |TAMS 0x00000000c4400000, 0x00000000c4400000| Untracked 
|  49|0x00000000c4500000, 0x00000000c4500000, 0x00000000c4600000|  0%| F|  |TAMS 0x00000000c4500000, 0x00000000c4500000| Untracked 
|  50|0x00000000c4600000, 0x00000000c4600000, 0x00000000c4700000|  0%| F|  |TAMS 0x00000000c4600000, 0x00000000c4600000| Untracked 
|  51|0x00000000c4700000, 0x00000000c4700000, 0x00000000c4800000|  0%| F|  |TAMS 0x00000000c4700000, 0x00000000c4700000| Untracked 
|  52|0x00000000c4800000, 0x00000000c4800000, 0x00000000c4900000|  0%| F|  |TAMS 0x00000000c4800000, 0x00000000c4800000| Untracked 
|  53|0x00000000c4900000, 0x00000000c4900000, 0x00000000c4a00000|  0%| F|  |TAMS 0x00000000c4900000, 0x00000000c4900000| Untracked 
|  54|0x00000000c4a00000, 0x00000000c4a00000, 0x00000000c4b00000|  0%| F|  |TAMS 0x00000000c4a00000, 0x00000000c4a00000| Untracked 
|  55|0x00000000c4b00000, 0x00000000c4b00000, 0x00000000c4c00000|  0%| F|  |TAMS 0x00000000c4b00000, 0x00000000c4b00000| Untracked 
|  56|0x00000000c4c00000, 0x00000000c4c00000, 0x00000000c4d00000|  0%| F|  |TAMS 0x00000000c4c00000, 0x00000000c4c00000| Untracked 
|  57|0x00000000c4d00000, 0x00000000c4d00000, 0x00000000c4e00000|  0%| F|  |TAMS 0x00000000c4d00000, 0x00000000c4d00000| Untracked 
|  58|0x00000000c4e00000, 0x00000000c4e00000, 0x00000000c4f00000|  0%| F|  |TAMS 0x00000000c4e00000, 0x00000000c4e00000| Untracked 
|  59|0x00000000c4f00000, 0x00000000c4f00000, 0x00000000c5000000|  0%| F|  |TAMS 0x00000000c4f00000, 0x00000000c4f00000| Untracked 
|  60|0x00000000c5000000, 0x00000000c5000000, 0x00000000c5100000|  0%| F|  |TAMS 0x00000000c5000000, 0x00000000c5000000| Untracked 
|  61|0x00000000c5100000, 0x00000000c5100000, 0x00000000c5200000|  0%| F|  |TAMS 0x00000000c5100000, 0x00000000c5100000| Untracked 
|  62|0x00000000c5200000, 0x00000000c5243120, 0x00000000c5300000| 26%| E|  |TAMS 0x00000000c5200000, 0x00000000c5200000| Complete 
|  63|0x00000000c5300000, 0x00000000c5400000, 0x00000000c5400000|100%| E|CS|TAMS 0x00000000c5300000, 0x00000000c5300000| Complete 

Card table byte_map: [0x00000213c7850000,0x00000213c7a50000] _byte_map_base: 0x00000213c7246000

Marking Bits (Prev, Next): (CMBitMap*) 0x00000213aec81100, (CMBitMap*) 0x00000213aec81140
 Prev Bits: [0x00000213c7c50000, 0x00000213c8c00000)
 Next Bits: [0x00000213c8c00000, 0x00000213c9bb0000)

Polling page: 0x00000213aea10000

Metaspace:

Usage:
  Non-class:      4.12 MB used.
      Class:    372.09 KB used.
       Both:      4.49 MB used.

Virtual space:
  Non-class space:       64.00 MB reserved,       4.13 MB (  6%) committed,  1 nodes.
      Class space:        1.00 GB reserved,     384.00 KB ( <1%) committed,  1 nodes.
             Both:        1.06 GB reserved,       4.50 MB ( <1%) committed. 

Chunk freelists:
   Non-Class:  3.00 MB
       Class:  3.62 MB
        Both:  6.62 MB

MaxMetaspaceSize: unlimited
CompressedClassSpaceSize: 1.00 GB
Initial GC threshold: 21.00 MB
Current GC threshold: 21.00 MB
CDS: off
MetaspaceReclaimPolicy: balanced
 - commit_granule_bytes: 65536.
 - commit_granule_words: 8192.
 - virtual_space_node_default_size: 8388608.
 - enlarge_chunks_in_place: 1.
 - new_chunks_are_fully_committed: 0.
 - uncommit_free_chunks: 1.
 - use_allocation_guard: 0.


Internal statistics:

num_allocs_failed_limit: 0.
num_arena_births: 2.
num_arena_deaths: 0.
num_vsnodes_births: 2.
num_vsnodes_deaths: 0.
num_space_committed: 72.
num_space_uncommitted: 0.
num_chunks_returned_to_freelist: 0.
num_chunks_taken_from_freelist: 5.
num_chunk_merges: 0.
num_chunk_splits: 2.
num_chunks_enlarged: 0.
num_inconsistent_stats: 0.

CodeHeap 'non-profiled nmethods': size=120000Kb used=13Kb max_used=13Kb free=119986Kb
 bounds [0x00000213bfb00000, 0x00000213bfd70000, 0x00000213c7030000]
CodeHeap 'profiled nmethods': size=120000Kb used=89Kb max_used=89Kb free=119910Kb
 bounds [0x00000213b85d0000, 0x00000213b8840000, 0x00000213bfb00000]
CodeHeap 'non-nmethods': size=5760Kb used=1067Kb max_used=1067Kb free=4692Kb
 bounds [0x00000213b8030000, 0x00000213b82a0000, 0x00000213b85d0000]
 total_blobs=389 nmethods=71 adapters=231
 compilation: enabled
              stopped_count=0, restarted_count=0
 full_count=0

Compilation events (20 events):
Event: 0.180 Thread 0x00000213cc1ce870   62       3       java.lang.StringLatin1::canEncode (13 bytes)
Event: 0.181 Thread 0x00000213cc1ce870 nmethod 62 0x00000213b85e3310 code [0x00000213b85e34a0, 0x00000213b85e35f8]
Event: 0.181 Thread 0x00000213cc1ce870   63       3       java.lang.AbstractStringBuilder::isLatin1 (19 bytes)
Event: 0.181 Thread 0x00000213cc1ce870 nmethod 63 0x00000213b85e3690 code [0x00000213b85e3820, 0x00000213b85e3998]
Event: 0.181 Thread 0x00000213cc1ce870   64       3       java.util.Optional::<init> (10 bytes)
Event: 0.182 Thread 0x00000213cc1ce870 nmethod 64 0x00000213b85e3a10 code [0x00000213b85e3ba0, 0x00000213b85e3d58]
Event: 0.182 Thread 0x00000213cc1ce870   65       3       java.lang.StringBuilder::append (8 bytes)
Event: 0.182 Thread 0x00000213cc1ce870 nmethod 65 0x00000213b85e3e10 code [0x00000213b85e3fa0, 0x00000213b85e40e8]
Event: 0.182 Thread 0x00000213cc1ce870   66       3       java.lang.AbstractStringBuilder::append (77 bytes)
Event: 0.183 Thread 0x00000213cc1ce870 nmethod 66 0x00000213b85e4190 code [0x00000213b85e43a0, 0x00000213b85e4a98]
Event: 0.186 Thread 0x00000213cc1ce870   67       3       java.lang.StringLatin1::indexOfChar (33 bytes)
Event: 0.187 Thread 0x00000213cc1ce870 nmethod 67 0x00000213b85e4d10 code [0x00000213b85e4ec0, 0x00000213b85e50f8]
Event: 0.191 Thread 0x00000213cc1ce870   68       3       java.lang.String::indexOf (29 bytes)
Event: 0.191 Thread 0x00000213cc1ce870 nmethod 68 0x00000213b85e5210 code [0x00000213b85e53e0, 0x00000213b85e5678]
Event: 0.191 Thread 0x00000213cc1ce870   69       3       java.lang.StringLatin1::indexOf (36 bytes)
Event: 0.192 Thread 0x00000213cc1ce870 nmethod 69 0x00000213b85e5790 code [0x00000213b85e5960, 0x00000213b85e5d98]
Event: 0.196 Thread 0x00000213cc1ce870   70       3       java.lang.String::isEmpty (14 bytes)
Event: 0.196 Thread 0x00000213cc1ce870 nmethod 70 0x00000213b85e5f10 code [0x00000213b85e60a0, 0x00000213b85e6218]
Event: 0.204 Thread 0x00000213cc1ce870   71       3       java.util.zip.ZipUtils::SH (21 bytes)
Event: 0.205 Thread 0x00000213cc1ce870 nmethod 71 0x00000213b85e6310 code [0x00000213b85e64a0, 0x00000213b85e65f8]

GC Heap History (0 events):
No events

Deoptimization events (0 events):
No events

Classes loaded (20 events):
Event: 0.208 Loading class java/util/zip/ZipFile$ZipFileInputStream done
Event: 0.208 Loading class java/util/zip/ZipFile$ZipFileInflaterInputStream
Event: 0.208 Loading class java/util/zip/InflaterInputStream
Event: 0.209 Loading class java/util/zip/InflaterInputStream done
Event: 0.209 Loading class java/util/zip/ZipFile$ZipFileInflaterInputStream done
Event: 0.209 Loading class java/util/zip/Inflater
Event: 0.209 Loading class java/util/zip/Inflater done
Event: 0.211 Loading class java/util/zip/Inflater$InflaterZStreamRef
Event: 0.211 Loading class java/util/zip/Inflater$InflaterZStreamRef done
Event: 0.211 Loading class java/util/zip/ZipFile$InflaterCleanupAction
Event: 0.211 Loading class java/util/zip/ZipFile$InflaterCleanupAction done
Event: 0.212 Loading class java/util/jar/Attributes
Event: 0.212 Loading class java/util/jar/Attributes done
Event: 0.212 Loading class java/util/LinkedHashMap
Event: 0.213 Loading class java/util/LinkedHashMap done
Event: 0.213 Loading class java/util/jar/Manifest$FastInputStream
Event: 0.213 Loading class java/util/jar/Manifest$FastInputStream done
Event: 0.213 Loading class java/io/ByteArrayOutputStream
Event: 0.213 Loading class java/io/ByteArrayOutputStream done
Event: 0.213 Loading class java/util/jar/Attributes$Name

Classes unloaded (0 events):
No events

Classes redefined (0 events):
No events

Internal exceptions (0 events):
No events

VM Operations (2 events):
Event: 0.213 Executing VM operation: HandshakeAllThreads
Event: 0.213 Executing VM operation: HandshakeAllThreads done

Events (17 events):
Event: 0.017 Loaded shared library C:\Users\ERIN_JAVALead\.jdks\corretto-18.0.2\bin\java.dll
Event: 0.072 Loaded shared library C:\Users\ERIN_JAVALead\.jdks\corretto-18.0.2\bin\jsvml.dll
Event: 0.072 Thread 0x00000213aec3fe50 Thread added: 0x00000213aec3fe50
Event: 0.083 Thread 0x00000213cc154010 Thread added: 0x00000213cc154010
Event: 0.084 Thread 0x00000213cc1688b0 Thread added: 0x00000213cc1688b0
Event: 0.126 Thread 0x00000213cc1a55e0 Thread added: 0x00000213cc1a55e0
Event: 0.126 Thread 0x00000213cc1a60b0 Thread added: 0x00000213cc1a60b0
Event: 0.126 Thread 0x00000213cc1a8ac0 Thread added: 0x00000213cc1a8ac0
Event: 0.126 Thread 0x00000213cc1a9480 Thread added: 0x00000213cc1a9480
Event: 0.127 Thread 0x00000213cc1ce280 Thread added: 0x00000213cc1ce280
Event: 0.127 Thread 0x00000213cc1ce870 Thread added: 0x00000213cc1ce870
Event: 0.127 Thread 0x00000213cc1b60a0 Thread added: 0x00000213cc1b60a0
Event: 0.174 Thread 0x00000213d05432d0 Thread added: 0x00000213d05432d0
Event: 0.184 Thread 0x00000213d0552090 Thread added: 0x00000213d0552090
Event: 0.195 Loaded shared library C:\Users\ERIN_JAVALead\.jdks\corretto-18.0.2\bin\net.dll
Event: 0.199 Loaded shared library C:\Users\ERIN_JAVALead\.jdks\corretto-18.0.2\bin\nio.dll
Event: 0.210 Loaded shared library C:\Users\ERIN_JAVALead\.jdks\corretto-18.0.2\bin\zip.dll


Dynamic libraries:
0x00007ff74be10000 - 0x00007ff74be1d000 	C:\Users\ERIN_JAVALead\.jdks\corretto-18.0.2\bin\java.exe
0x00007ffc5d2d0000 - 0x00007ffc5d4c8000 	C:\WINDOWS\SYSTEM32\ntdll.dll
0x00007ffc5c180000 - 0x00007ffc5c23d000 	C:\WINDOWS\System32\KERNEL32.DLL
0x00007ffc5af00000 - 0x00007ffc5b1f6000 	C:\WINDOWS\System32\KERNELBASE.dll
0x00007ffc5ae00000 - 0x00007ffc5af00000 	C:\WINDOWS\System32\ucrtbase.dll
0x00007ffc47f30000 - 0x00007ffc47f45000 	C:\Users\ERIN_JAVALead\.jdks\corretto-18.0.2\bin\VCRUNTIME140.dll
0x00007ffc47f10000 - 0x00007ffc47f27000 	C:\Users\ERIN_JAVALead\.jdks\corretto-18.0.2\bin\jli.dll
0x00007ffc5d0c0000 - 0x00007ffc5d25e000 	C:\WINDOWS\System32\USER32.dll
0x00007ffc5ad40000 - 0x00007ffc5ad62000 	C:\WINDOWS\System32\win32u.dll
0x00007ffc44900000 - 0x00007ffc44b9a000 	C:\WINDOWS\WinSxS\amd64_microsoft.windows.common-controls_6595b64144ccf1df_6.0.19041.3636_none_60b6a03d71f818d5\COMCTL32.dll
0x00007ffc5b400000 - 0x00007ffc5b42b000 	C:\WINDOWS\System32\GDI32.dll
0x00007ffc5b4f0000 - 0x00007ffc5b58e000 	C:\WINDOWS\System32\msvcrt.dll
0x00007ffc5aa00000 - 0x00007ffc5ab17000 	C:\WINDOWS\System32\gdi32full.dll
0x00007ffc5a960000 - 0x00007ffc5a9fd000 	C:\WINDOWS\System32\msvcp_win.dll
0x00007ffc5b6d0000 - 0x00007ffc5b702000 	C:\WINDOWS\System32\IMM32.DLL
0x00007ffc3a5c0000 - 0x00007ffc3a65b000 	C:\Users\ERIN_JAVALead\.jdks\corretto-18.0.2\bin\msvcp140.dll
0x00007ffc20ef0000 - 0x00007ffc21b61000 	C:\Users\ERIN_JAVALead\.jdks\corretto-18.0.2\bin\server\jvm.dll
0x00007ffc5b430000 - 0x00007ffc5b4e3000 	C:\WINDOWS\System32\ADVAPI32.dll
0x00007ffc5ca20000 - 0x00007ffc5cabf000 	C:\WINDOWS\System32\sechost.dll
0x00007ffc5b5a0000 - 0x00007ffc5b6c6000 	C:\WINDOWS\System32\RPCRT4.dll
0x00007ffc5b200000 - 0x00007ffc5b227000 	C:\WINDOWS\System32\bcrypt.dll
0x00007ffc5baa0000 - 0x00007ffc5baa8000 	C:\WINDOWS\System32\PSAPI.DLL
0x00007ffbdf5a0000 - 0x00007ffbdf5a9000 	C:\WINDOWS\SYSTEM32\WSOCK32.dll
0x00007ffc37f10000 - 0x00007ffc37f37000 	C:\WINDOWS\SYSTEM32\WINMM.dll
0x00007ffc5c9b0000 - 0x00007ffc5ca1b000 	C:\WINDOWS\System32\WS2_32.dll
0x00007ffc54990000 - 0x00007ffc5499a000 	C:\WINDOWS\SYSTEM32\VERSION.dll
0x00007ffc587d0000 - 0x00007ffc587e2000 	C:\WINDOWS\SYSTEM32\kernel.appcore.dll
0x00007ffc49120000 - 0x00007ffc4912a000 	C:\Users\ERIN_JAVALead\.jdks\corretto-18.0.2\bin\jimage.dll
0x00007ffc3c230000 - 0x00007ffc3c414000 	C:\WINDOWS\SYSTEM32\DBGHELP.DLL
0x00007ffc3c1f0000 - 0x00007ffc3c224000 	C:\WINDOWS\SYSTEM32\dbgcore.DLL
0x00007ffc5ad70000 - 0x00007ffc5adf2000 	C:\WINDOWS\System32\bcryptPrimitives.dll
0x00007ffc3d1d0000 - 0x00007ffc3d1f5000 	C:\Users\ERIN_JAVALead\.jdks\corretto-18.0.2\bin\java.dll
0x00007ffc32310000 - 0x00007ffc323e6000 	C:\Users\ERIN_JAVALead\.jdks\corretto-18.0.2\bin\jsvml.dll
0x00007ffc5c260000 - 0x00007ffc5c9a5000 	C:\WINDOWS\System32\SHELL32.dll
0x00007ffc589d0000 - 0x00007ffc5916c000 	C:\WINDOWS\SYSTEM32\windows.storage.dll
0x00007ffc5cb20000 - 0x00007ffc5ce74000 	C:\WINDOWS\System32\combase.dll
0x00007ffc5a1e0000 - 0x00007ffc5a20e000 	C:\WINDOWS\SYSTEM32\Wldp.dll
0x00007ffc5bc40000 - 0x00007ffc5bd0d000 	C:\WINDOWS\System32\OLEAUT32.dll
0x00007ffc5bb90000 - 0x00007ffc5bc3d000 	C:\WINDOWS\System32\SHCORE.dll
0x00007ffc5b850000 - 0x00007ffc5b8a5000 	C:\WINDOWS\System32\shlwapi.dll
0x00007ffc5a890000 - 0x00007ffc5a8b5000 	C:\WINDOWS\SYSTEM32\profapi.dll
0x00007ffc47ef0000 - 0x00007ffc47f03000 	C:\Users\ERIN_JAVALead\.jdks\corretto-18.0.2\bin\net.dll
0x00007ffc544a0000 - 0x00007ffc545aa000 	C:\WINDOWS\SYSTEM32\WINHTTP.dll
0x00007ffc59fc0000 - 0x00007ffc5a02a000 	C:\WINDOWS\system32\mswsock.dll
0x00007ffc47a10000 - 0x00007ffc47a25000 	C:\Users\ERIN_JAVALead\.jdks\corretto-18.0.2\bin\nio.dll
0x00007ffc3c760000 - 0x00007ffc3c778000 	C:\Users\ERIN_JAVALead\.jdks\corretto-18.0.2\bin\zip.dll

dbghelp: loaded successfully - version: 4.0.5 - missing functions: none
symbol engine: initialized successfully - sym options: 0x614 - pdb path: .;C:\Users\ERIN_JAVALead\.jdks\corretto-18.0.2\bin;C:\WINDOWS\SYSTEM32;C:\WINDOWS\WinSxS\amd64_microsoft.windows.common-controls_6595b64144ccf1df_6.0.19041.3636_none_60b6a03d71f818d5;C:\Users\ERIN_JAVALead\.jdks\corretto-18.0.2\bin\server

VM Arguments:
jvm_args: -Dnet.bytebuddy.agent.attacher.dump= 
java_command: net.bytebuddy.agent.Attacher com.sun.tools.attach.VirtualMachine 8804 C:\Users\ERIN_JAVALead\.m2\repository\net\bytebuddy\byte-buddy-agent\1.14.12\byte-buddy-agent-1.14.12.jar false 
java_class_path (initial): C:\Users\ERIN_JAVALead\.m2\repository\net\bytebuddy\byte-buddy-agent\1.14.12\byte-buddy-agent-1.14.12.jar
Launcher Type: SUN_STANDARD

[Global flags]
     intx CICompilerCount                          = 3                                         {product} {ergonomic}
     uint ConcGCThreads                            = 1                                         {product} {ergonomic}
     uint G1ConcRefinementThreads                  = 4                                         {product} {ergonomic}
   size_t G1HeapRegionSize                         = 1048576                                   {product} {ergonomic}
    uintx GCDrainStackTargetSize                   = 64                                        {product} {ergonomic}
   size_t InitialHeapSize                          = 67108864                                  {product} {ergonomic}
   size_t MarkStackSize                            = 4194304                                   {product} {ergonomic}
   size_t MaxHeapSize                              = 1052770304                                {product} {ergonomic}
   size_t MaxNewSize                               = 631242752                                 {product} {ergonomic}
   size_t MinHeapDeltaBytes                        = 1048576                                   {product} {ergonomic}
   size_t MinHeapSize                              = 8388608                                   {product} {ergonomic}
    uintx NonNMethodCodeHeapSize                   = 5832780                                {pd product} {ergonomic}
    uintx NonProfiledCodeHeapSize                  = 122912730                              {pd product} {ergonomic}
    uintx ProfiledCodeHeapSize                     = 122912730                              {pd product} {ergonomic}
    uintx ReservedCodeCacheSize                    = 251658240                              {pd product} {ergonomic}
     bool SegmentedCodeCache                       = true                                      {product} {ergonomic}
   size_t SoftMaxHeapSize                          = 1052770304                             {manageable} {ergonomic}
     bool UseCompressedClassPointers               = true                           {product lp64_product} {ergonomic}
     bool UseCompressedOops                        = true                           {product lp64_product} {ergonomic}
     bool UseG1GC                                  = true                                      {product} {ergonomic}
     bool UseLargePagesIndividualAllocation        = false                                  {pd product} {ergonomic}

Logging:
Log output configuration:
 #0: stdout all=warning uptime,level,tags foldmultilines=false
 #1: stderr all=off uptime,level,tags foldmultilines=false

Environment Variables:
JAVA_HOME=C:\Program Files\Java\jdk1.8.0_202
PATH=C:\Program Files (x86)\Common Files\Oracle\Java\javapath;C:\WINDOWS\system32;C:\WINDOWS;C:\WINDOWS\System32\Wbem;C:\WINDOWS\System32\WindowsPowerShell\v1.0\;C:\WINDOWS\System32\OpenSSH\;C:\Program Files (x86)\nodejs\;C:\Program Files (x86)\nodejs\npm;C:\Users\ERIN_JAVALead\AppData\Roaming\npm;C:\Program Files\Git\cmd;C:\Program Files (x86)\dotnet\;C:\Program Files (x86)\Microsoft SQL Server\160\DTS\Binn\;C:\Program Files\Azure Data Studio\bin;C:\Program Files (x86)\Microsoft SQL Server\160\Tools\Binn\;C:\Program Files\Microsoft SQL Server\160\Tools\Binn\;C:\Program Files\Microsoft SQL Server\Client SDK\ODBC\170\Tools\Binn\;C:\Program Files\Microsoft SQL Server\160\DTS\Binn\;C:\Program Files\Java\jdk1.8.0_202\bin;C:\Program Files\Java\jdk1.8.0_202\jre\bin;C:\kafkasrc\bin\windows;C:\Program Files\Docker\Docker\resources\bin;C:\Program Files\Docker\Docker;C:\Users\ERIN_JAVALead\AppData\Local\Microsoft\WindowsApps;;C:\Users\ERIN_JAVALead\AppData\Local\Programs\Microsoft VS Code\bin;C:\Users\ERIN_JAVALead\AppData\Roaming\npm;C:\Program Files\Azure Data Studio\bin
USERNAME=ERIN_JAVALead
OS=Windows_NT
PROCESSOR_IDENTIFIER=Intel64 Family 6 Model 78 Stepping 3, GenuineIntel



---------------  S Y S T E M  ---------------

OS:
 Windows 10 , 64 bit Build 19041 (10.0.19041.3636)
OS uptime: 0 days 8:35 hours
Hyper-V role detected

CPU: total 4 (initial active 4) (2 cores per cpu, 2 threads per core) family 6 model 78 stepping 3 microcode 0xcc, cx8, cmov, fxsr, ht, mmx, 3dnowpref, sse, sse2, sse3, ssse3, sse4.1, sse4.2, popcnt, lzcnt, tsc, tscinvbit, avx, avx2, aes, erms, clmul, bmi1, bmi2, adx, fma, vzeroupper, clflush, clflushopt, hv

Memory: 4k page, system-wide physical 4012M (361M free)
TotalPageFile size 6060M (AvailPageFile size 2M)
current process WorkingSet (physical memory assigned to process): 26M, peak: 26M
current process commit charge ("private bytes"): 127M, peak: 127M

vm_info: OpenJDK 64-Bit Server VM (18.0.2+9-FR) for windows-amd64 JRE (18.0.2+9-FR), built on Jul 15 2022 20:03:03 by "Administrator" with MS VC++ 15.9 (VS2017)

END.
