#
# There is insufficient memory for the Java Runtime Environment to continue.
# Native memory allocation (malloc) failed to allocate 285136 bytes for Chunk::new
# Possible reasons:
#   The system is out of physical RAM or swap space
#   The process is running with CompressedOops enabled, and the Java Heap may be blocking the growth of the native heap
# Possible solutions:
#   Reduce memory load on the system
#   Increase physical memory or swap space
#   Check if swap backing store is full
#   Decrease Java heap size (-Xmx/-Xms)
#   Decrease number of Java threads
#   Decrease Java thread stack sizes (-Xss)
#   Set larger code cache with -XX:ReservedCodeCacheSize=
#   JVM is running with Unscaled Compressed Oops mode in which the Java heap is
#     placed in the first 4GB address space. The Java Heap base address is the
#     maximum limit for the native heap growth. Please use -XX:HeapBaseMinAddress
#     to set the Java Heap base and to place the Java Heap above 4GB virtual address.
# This output file may be truncated or incomplete.
#
#  Out of Memory Error (arena.cpp:184), pid=1840, tid=3368
#
# JRE version: OpenJDK Runtime Environment Corretto-18.0.2.9.1 (18.0.2+9) (build 18.0.2+9-FR)
# Java VM: OpenJDK 64-Bit Server VM Corretto-18.0.2.9.1 (18.0.2+9-FR, mixed mode, tiered, compressed oops, compressed class ptrs, g1 gc, windows-amd64)
# No core dump will be written. Minidumps are not enabled by default on client versions of Windows
#

---------------  S U M M A R Y ------------

Command Line: -Dnet.bytebuddy.agent.attacher.dump= net.bytebuddy.agent.Attacher com.sun.tools.attach.VirtualMachine 9796 C:\Users\ERIN_JAVALead\.m2\repository\net\bytebuddy\byte-buddy-agent\1.14.12\byte-buddy-agent-1.14.12.jar false 

Host: Intel(R) Core(TM) i3-6006U CPU @ 2.00GHz, 4 cores, 3G,  Windows 10 , 64 bit Build 19041 (10.0.19041.3636)
Time: Thu Feb 29 16:41:00 2024 W. Europe Standard Time elapsed time: 0.614257 seconds (0d 0h 0m 0s)

---------------  T H R E A D  ---------------

Current thread (0x00000263c8c2cd10):  JavaThread "C2 CompilerThread0" daemon [_thread_in_native, id=3368, stack(0x000000ba66500000,0x000000ba66600000)]


Current CompileTask:
C2:    614  325       4       java.io.StreamTokenizer::nextToken (1266 bytes)

Stack: [0x000000ba66500000,0x000000ba66600000]
Native frames: (J=compiled Java code, j=interpreted, Vv=VM code, C=native code)
V  [jvm.dll+0x685a2a]
V  [jvm.dll+0x82ae8d]
V  [jvm.dll+0x82c75e]
V  [jvm.dll+0x82ce03]
V  [jvm.dll+0x25ef4b]
V  [jvm.dll+0xd42d2]
V  [jvm.dll+0xd4665]
V  [jvm.dll+0x2ca852]
V  [jvm.dll+0x5907bf]
V  [jvm.dll+0x23bae0]
V  [jvm.dll+0x234e99]
V  [jvm.dll+0x232e1f]
V  [jvm.dll+0x1c0a35]
V  [jvm.dll+0x24212c]
V  [jvm.dll+0x240534]
V  [jvm.dll+0x7df6db]
V  [jvm.dll+0x7d9cba]
V  [jvm.dll+0x6848a5]
C  [ucrtbase.dll+0x21bb2]
C  [KERNEL32.DLL+0x17344]
C  [ntdll.dll+0x526b1]


---------------  P R O C E S S  ---------------

Threads class SMR info:
_java_thread_list=0x00000263c8c228c0, length=12, elements={
0x00000263ad68f340, 0x00000263c8bec150, 0x00000263c8bed7d0, 0x00000263c8c26350,
0x00000263c8c26cf0, 0x00000263c8c27690, 0x00000263c8c28030, 0x00000263c8c2cd10,
0x00000263c8c2d6f0, 0x00000263c8c9ae70, 0x00000263c8e2eb90, 0x00000263c8e3b3b0
}

Java Threads: ( => current thread )
  0x00000263ad68f340 JavaThread "main" [_thread_in_vm, id=3108, stack(0x000000ba65800000,0x000000ba65900000)]
  0x00000263c8bec150 JavaThread "Reference Handler" daemon [_thread_blocked, id=12136, stack(0x000000ba65f00000,0x000000ba66000000)]
  0x00000263c8bed7d0 JavaThread "Finalizer" daemon [_thread_blocked, id=13360, stack(0x000000ba66000000,0x000000ba66100000)]
  0x00000263c8c26350 JavaThread "Signal Dispatcher" daemon [_thread_blocked, id=1520, stack(0x000000ba66100000,0x000000ba66200000)]
  0x00000263c8c26cf0 JavaThread "Attach Listener" daemon [_thread_blocked, id=8016, stack(0x000000ba66200000,0x000000ba66300000)]
  0x00000263c8c27690 JavaThread "Service Thread" daemon [_thread_blocked, id=1224, stack(0x000000ba66300000,0x000000ba66400000)]
  0x00000263c8c28030 JavaThread "Monitor Deflation Thread" daemon [_thread_blocked, id=13004, stack(0x000000ba66400000,0x000000ba66500000)]
=>0x00000263c8c2cd10 JavaThread "C2 CompilerThread0" daemon [_thread_in_native, id=3368, stack(0x000000ba66500000,0x000000ba66600000)]
  0x00000263c8c2d6f0 JavaThread "C1 CompilerThread0" daemon [_thread_blocked, id=10336, stack(0x000000ba66600000,0x000000ba66700000)]
  0x00000263c8c9ae70 JavaThread "Sweeper thread" daemon [_thread_blocked, id=12600, stack(0x000000ba66700000,0x000000ba66800000)]
  0x00000263c8e2eb90 JavaThread "Notification Thread" daemon [_thread_blocked, id=12928, stack(0x000000ba66800000,0x000000ba66900000)]
  0x00000263c8e3b3b0 JavaThread "Common-Cleaner" daemon [_thread_blocked, id=1012, stack(0x000000ba66a00000,0x000000ba66b00000)]

Other Threads:
  0x00000263c8bd88a0 VMThread "VM Thread" [stack: 0x000000ba65e00000,0x000000ba65f00000] [id=2896]
  0x00000263c8e31870 WatcherThread "VM Periodic Task Thread" [stack: 0x000000ba66900000,0x000000ba66a00000] [id=2372]
  0x00000263ad6cfd60 WorkerThread "GC Thread#0" [stack: 0x000000ba65900000,0x000000ba65a00000] [id=9596]
  0x00000263ad6d8a10 ConcurrentGCThread "G1 Main Marker" [stack: 0x000000ba65a00000,0x000000ba65b00000] [id=4036]
  0x00000263ad6da410 WorkerThread "G1 Conc#0" [stack: 0x000000ba65b00000,0x000000ba65c00000] [id=11340]
  0x00000263ad7017b0 ConcurrentGCThread "G1 Refine#0" [stack: 0x000000ba65c00000,0x000000ba65d00000] [id=4736]
  0x00000263ad7020c0 ConcurrentGCThread "G1 Service" [stack: 0x000000ba65d00000,0x000000ba65e00000] [id=2224]

Threads with active compile tasks:
C2 CompilerThread0      677  325       4       java.io.StreamTokenizer::nextToken (1266 bytes)

VM state: not at safepoint (normal execution)

VM Mutex/Monitor currently owned by a thread:  ([mutex/lock_event])
[0x00000263ad68bee0] Metaspace_lock - owner thread: 0x00000263ad68f340

Heap address: 0x00000000c1400000, size: 1004 MB, Compressed Oops mode: 32-bit

CDS archive(s) not mapped
Compressed class space mapped at: 0x0000000100000000-0x0000000140000000, reserved size: 1073741824
Narrow klass base: 0x0000000000000000, Narrow klass shift: 3, Narrow klass range: 0x140000000

GC Precious Log:
 CardTable entry size: 512
 Card Set container configuration: InlinePtr #cards 5 size 8 Array Of Cards #cards 12 size 40 Howl #buckets 4 coarsen threshold 1843 Howl Bitmap #cards 512 size 80 coarsen threshold 460 Card regions per heap region 1 cards per card region 2048
 CPUs: 4 total, 4 available
 Memory: 4012M
 Large Page Support: Disabled
 NUMA Support: Disabled
 Compressed Oops: Enabled (32-bit)
 Heap Region Size: 1M
 Heap Min Capacity: 8M
 Heap Initial Capacity: 64M
 Heap Max Capacity: 1004M
 Pre-touch: Disabled
 Parallel Workers: 4
 Concurrent Workers: 1
 Concurrent Refinement Workers: 4
 Periodic GC: Disabled

Heap:
 garbage-first heap   total 65536K, used 2048K [0x00000000c1400000, 0x0000000100000000)
  region size 1024K, 3 young (3072K), 0 survivors (0K)
 Metaspace       used 7205K, committed 7360K, reserved 1114112K
  class space    used 613K, committed 704K, reserved 1048576K

Heap Regions: E=young(eden), S=young(survivor), O=old, HS=humongous(starts), HC=humongous(continues), CS=collection set, F=free, OA=open archive, CA=closed archive, TAMS=top-at-mark-start (previous, next)
|   0|0x00000000c1400000, 0x00000000c1400000, 0x00000000c1500000|  0%| F|  |TAMS 0x00000000c1400000, 0x00000000c1400000| Untracked 
|   1|0x00000000c1500000, 0x00000000c1500000, 0x00000000c1600000|  0%| F|  |TAMS 0x00000000c1500000, 0x00000000c1500000| Untracked 
|   2|0x00000000c1600000, 0x00000000c1600000, 0x00000000c1700000|  0%| F|  |TAMS 0x00000000c1600000, 0x00000000c1600000| Untracked 
|   3|0x00000000c1700000, 0x00000000c1700000, 0x00000000c1800000|  0%| F|  |TAMS 0x00000000c1700000, 0x00000000c1700000| Untracked 
|   4|0x00000000c1800000, 0x00000000c1800000, 0x00000000c1900000|  0%| F|  |TAMS 0x00000000c1800000, 0x00000000c1800000| Untracked 
|   5|0x00000000c1900000, 0x00000000c1900000, 0x00000000c1a00000|  0%| F|  |TAMS 0x00000000c1900000, 0x00000000c1900000| Untracked 
|   6|0x00000000c1a00000, 0x00000000c1a00000, 0x00000000c1b00000|  0%| F|  |TAMS 0x00000000c1a00000, 0x00000000c1a00000| Untracked 
|   7|0x00000000c1b00000, 0x00000000c1b00000, 0x00000000c1c00000|  0%| F|  |TAMS 0x00000000c1b00000, 0x00000000c1b00000| Untracked 
|   8|0x00000000c1c00000, 0x00000000c1c00000, 0x00000000c1d00000|  0%| F|  |TAMS 0x00000000c1c00000, 0x00000000c1c00000| Untracked 
|   9|0x00000000c1d00000, 0x00000000c1d00000, 0x00000000c1e00000|  0%| F|  |TAMS 0x00000000c1d00000, 0x00000000c1d00000| Untracked 
|  10|0x00000000c1e00000, 0x00000000c1e00000, 0x00000000c1f00000|  0%| F|  |TAMS 0x00000000c1e00000, 0x00000000c1e00000| Untracked 
|  11|0x00000000c1f00000, 0x00000000c1f00000, 0x00000000c2000000|  0%| F|  |TAMS 0x00000000c1f00000, 0x00000000c1f00000| Untracked 
|  12|0x00000000c2000000, 0x00000000c2000000, 0x00000000c2100000|  0%| F|  |TAMS 0x00000000c2000000, 0x00000000c2000000| Untracked 
|  13|0x00000000c2100000, 0x00000000c2100000, 0x00000000c2200000|  0%| F|  |TAMS 0x00000000c2100000, 0x00000000c2100000| Untracked 
|  14|0x00000000c2200000, 0x00000000c2200000, 0x00000000c2300000|  0%| F|  |TAMS 0x00000000c2200000, 0x00000000c2200000| Untracked 
|  15|0x00000000c2300000, 0x00000000c2300000, 0x00000000c2400000|  0%| F|  |TAMS 0x00000000c2300000, 0x00000000c2300000| Untracked 
|  16|0x00000000c2400000, 0x00000000c2400000, 0x00000000c2500000|  0%| F|  |TAMS 0x00000000c2400000, 0x00000000c2400000| Untracked 
|  17|0x00000000c2500000, 0x00000000c2500000, 0x00000000c2600000|  0%| F|  |TAMS 0x00000000c2500000, 0x00000000c2500000| Untracked 
|  18|0x00000000c2600000, 0x00000000c2600000, 0x00000000c2700000|  0%| F|  |TAMS 0x00000000c2600000, 0x00000000c2600000| Untracked 
|  19|0x00000000c2700000, 0x00000000c2700000, 0x00000000c2800000|  0%| F|  |TAMS 0x00000000c2700000, 0x00000000c2700000| Untracked 
|  20|0x00000000c2800000, 0x00000000c2800000, 0x00000000c2900000|  0%| F|  |TAMS 0x00000000c2800000, 0x00000000c2800000| Untracked 
|  21|0x00000000c2900000, 0x00000000c2900000, 0x00000000c2a00000|  0%| F|  |TAMS 0x00000000c2900000, 0x00000000c2900000| Untracked 
|  22|0x00000000c2a00000, 0x00000000c2a00000, 0x00000000c2b00000|  0%| F|  |TAMS 0x00000000c2a00000, 0x00000000c2a00000| Untracked 
|  23|0x00000000c2b00000, 0x00000000c2b00000, 0x00000000c2c00000|  0%| F|  |TAMS 0x00000000c2b00000, 0x00000000c2b00000| Untracked 
|  24|0x00000000c2c00000, 0x00000000c2c00000, 0x00000000c2d00000|  0%| F|  |TAMS 0x00000000c2c00000, 0x00000000c2c00000| Untracked 
|  25|0x00000000c2d00000, 0x00000000c2d00000, 0x00000000c2e00000|  0%| F|  |TAMS 0x00000000c2d00000, 0x00000000c2d00000| Untracked 
|  26|0x00000000c2e00000, 0x00000000c2e00000, 0x00000000c2f00000|  0%| F|  |TAMS 0x00000000c2e00000, 0x00000000c2e00000| Untracked 
|  27|0x00000000c2f00000, 0x00000000c2f00000, 0x00000000c3000000|  0%| F|  |TAMS 0x00000000c2f00000, 0x00000000c2f00000| Untracked 
|  28|0x00000000c3000000, 0x00000000c3000000, 0x00000000c3100000|  0%| F|  |TAMS 0x00000000c3000000, 0x00000000c3000000| Untracked 
|  29|0x00000000c3100000, 0x00000000c3100000, 0x00000000c3200000|  0%| F|  |TAMS 0x00000000c3100000, 0x00000000c3100000| Untracked 
|  30|0x00000000c3200000, 0x00000000c3200000, 0x00000000c3300000|  0%| F|  |TAMS 0x00000000c3200000, 0x00000000c3200000| Untracked 
|  31|0x00000000c3300000, 0x00000000c3300000, 0x00000000c3400000|  0%| F|  |TAMS 0x00000000c3300000, 0x00000000c3300000| Untracked 
|  32|0x00000000c3400000, 0x00000000c3400000, 0x00000000c3500000|  0%| F|  |TAMS 0x00000000c3400000, 0x00000000c3400000| Untracked 
|  33|0x00000000c3500000, 0x00000000c3500000, 0x00000000c3600000|  0%| F|  |TAMS 0x00000000c3500000, 0x00000000c3500000| Untracked 
|  34|0x00000000c3600000, 0x00000000c3600000, 0x00000000c3700000|  0%| F|  |TAMS 0x00000000c3600000, 0x00000000c3600000| Untracked 
|  35|0x00000000c3700000, 0x00000000c3700000, 0x00000000c3800000|  0%| F|  |TAMS 0x00000000c3700000, 0x00000000c3700000| Untracked 
|  36|0x00000000c3800000, 0x00000000c3800000, 0x00000000c3900000|  0%| F|  |TAMS 0x00000000c3800000, 0x00000000c3800000| Untracked 
|  37|0x00000000c3900000, 0x00000000c3900000, 0x00000000c3a00000|  0%| F|  |TAMS 0x00000000c3900000, 0x00000000c3900000| Untracked 
|  38|0x00000000c3a00000, 0x00000000c3a00000, 0x00000000c3b00000|  0%| F|  |TAMS 0x00000000c3a00000, 0x00000000c3a00000| Untracked 
|  39|0x00000000c3b00000, 0x00000000c3b00000, 0x00000000c3c00000|  0%| F|  |TAMS 0x00000000c3b00000, 0x00000000c3b00000| Untracked 
|  40|0x00000000c3c00000, 0x00000000c3c00000, 0x00000000c3d00000|  0%| F|  |TAMS 0x00000000c3c00000, 0x00000000c3c00000| Untracked 
|  41|0x00000000c3d00000, 0x00000000c3d00000, 0x00000000c3e00000|  0%| F|  |TAMS 0x00000000c3d00000, 0x00000000c3d00000| Untracked 
|  42|0x00000000c3e00000, 0x00000000c3e00000, 0x00000000c3f00000|  0%| F|  |TAMS 0x00000000c3e00000, 0x00000000c3e00000| Untracked 
|  43|0x00000000c3f00000, 0x00000000c3f00000, 0x00000000c4000000|  0%| F|  |TAMS 0x00000000c3f00000, 0x00000000c3f00000| Untracked 
|  44|0x00000000c4000000, 0x00000000c4000000, 0x00000000c4100000|  0%| F|  |TAMS 0x00000000c4000000, 0x00000000c4000000| Untracked 
|  45|0x00000000c4100000, 0x00000000c4100000, 0x00000000c4200000|  0%| F|  |TAMS 0x00000000c4100000, 0x00000000c4100000| Untracked 
|  46|0x00000000c4200000, 0x00000000c4200000, 0x00000000c4300000|  0%| F|  |TAMS 0x00000000c4200000, 0x00000000c4200000| Untracked 
|  47|0x00000000c4300000, 0x00000000c4300000, 0x00000000c4400000|  0%| F|  |TAMS 0x00000000c4300000, 0x00000000c4300000| Untracked 
|  48|0x00000000c4400000, 0x00000000c4400000, 0x00000000c4500000|  0%| F|  |TAMS 0x00000000c4400000, 0x00000000c4400000| Untracked 
|  49|0x00000000c4500000, 0x00000000c4500000, 0x00000000c4600000|  0%| F|  |TAMS 0x00000000c4500000, 0x00000000c4500000| Untracked 
|  50|0x00000000c4600000, 0x00000000c4600000, 0x00000000c4700000|  0%| F|  |TAMS 0x00000000c4600000, 0x00000000c4600000| Untracked 
|  51|0x00000000c4700000, 0x00000000c4700000, 0x00000000c4800000|  0%| F|  |TAMS 0x00000000c4700000, 0x00000000c4700000| Untracked 
|  52|0x00000000c4800000, 0x00000000c4800000, 0x00000000c4900000|  0%| F|  |TAMS 0x00000000c4800000, 0x00000000c4800000| Untracked 
|  53|0x00000000c4900000, 0x00000000c4900000, 0x00000000c4a00000|  0%| F|  |TAMS 0x00000000c4900000, 0x00000000c4900000| Untracked 
|  54|0x00000000c4a00000, 0x00000000c4a00000, 0x00000000c4b00000|  0%| F|  |TAMS 0x00000000c4a00000, 0x00000000c4a00000| Untracked 
|  55|0x00000000c4b00000, 0x00000000c4b00000, 0x00000000c4c00000|  0%| F|  |TAMS 0x00000000c4b00000, 0x00000000c4b00000| Untracked 
|  56|0x00000000c4c00000, 0x00000000c4c00000, 0x00000000c4d00000|  0%| F|  |TAMS 0x00000000c4c00000, 0x00000000c4c00000| Untracked 
|  57|0x00000000c4d00000, 0x00000000c4d00000, 0x00000000c4e00000|  0%| F|  |TAMS 0x00000000c4d00000, 0x00000000c4d00000| Untracked 
|  58|0x00000000c4e00000, 0x00000000c4e00000, 0x00000000c4f00000|  0%| F|  |TAMS 0x00000000c4e00000, 0x00000000c4e00000| Untracked 
|  59|0x00000000c4f00000, 0x00000000c4f00000, 0x00000000c5000000|  0%| F|  |TAMS 0x00000000c4f00000, 0x00000000c4f00000| Untracked 
|  60|0x00000000c5000000, 0x00000000c5000000, 0x00000000c5100000|  0%| F|  |TAMS 0x00000000c5000000, 0x00000000c5000000| Untracked 
|  61|0x00000000c5100000, 0x00000000c514e6b0, 0x00000000c5200000| 30%| E|  |TAMS 0x00000000c5100000, 0x00000000c5100000| Complete 
|  62|0x00000000c5200000, 0x00000000c5300000, 0x00000000c5300000|100%| E|CS|TAMS 0x00000000c5200000, 0x00000000c5200000| Complete 
|  63|0x00000000c5300000, 0x00000000c5400000, 0x00000000c5400000|100%| E|CS|TAMS 0x00000000c5300000, 0x00000000c5300000| Complete 

Card table byte_map: [0x00000263c4460000,0x00000263c4660000] _byte_map_base: 0x00000263c3e56000

Marking Bits (Prev, Next): (CMBitMap*) 0x00000263ad6d0360, (CMBitMap*) 0x00000263ad6d03a0
 Prev Bits: [0x00000263c4860000, 0x00000263c5810000)
 Next Bits: [0x00000263c5810000, 0x00000263c67c0000)

Polling page: 0x00000263ab680000

Metaspace:

Usage:
  Non-class:      6.44 MB used.
      Class:    613.88 KB used.
       Both:      7.04 MB used.

Virtual space:
  Non-class space:       64.00 MB reserved,       6.50 MB ( 10%) committed,  1 nodes.
      Class space:        1.00 GB reserved,     704.00 KB ( <1%) committed,  1 nodes.
             Both:        1.06 GB reserved,       7.19 MB ( <1%) committed. 

Chunk freelists:
   Non-Class:  934.00 KB
       Class:  3.20 MB
        Both:  4.11 MB

MaxMetaspaceSize: unlimited
CompressedClassSpaceSize: 1.00 GB
Initial GC threshold: 21.00 MB
Current GC threshold: 21.00 MB
CDS: off
MetaspaceReclaimPolicy: balanced
 - commit_granule_bytes: 65536.
 - commit_granule_words: 8192.
 - virtual_space_node_default_size: 8388608.
 - enlarge_chunks_in_place: 1.
 - new_chunks_are_fully_committed: 0.
 - uncommit_free_chunks: 1.
 - use_allocation_guard: 0.


Internal statistics:

num_allocs_failed_limit: 0.
num_arena_births: 56.
num_arena_deaths: 0.
num_vsnodes_births: 2.
num_vsnodes_deaths: 0.
num_space_committed: 115.
num_space_uncommitted: 0.
num_chunks_returned_to_freelist: 0.
num_chunks_taken_from_freelist: 86.
num_chunk_merges: 0.
num_chunk_splits: 51.
num_chunks_enlarged: 32.
num_inconsistent_stats: 0.

CodeHeap 'non-profiled nmethods': size=120000Kb used=103Kb max_used=103Kb free=119896Kb
 bounds [0x00000263bcd30000, 0x00000263bcfa0000, 0x00000263c4260000]
CodeHeap 'profiled nmethods': size=120000Kb used=440Kb max_used=440Kb free=119559Kb
 bounds [0x00000263b5800000, 0x00000263b5a70000, 0x00000263bcd30000]
CodeHeap 'non-nmethods': size=5760Kb used=1120Kb max_used=1131Kb free=4640Kb
 bounds [0x00000263b5260000, 0x00000263b54d0000, 0x00000263b5800000]
 total_blobs=726 nmethods=337 adapters=302
 compilation: enabled
              stopped_count=0, restarted_count=0
 full_count=0

Compilation events (20 events):
Event: 0.597 Thread 0x00000263c8c2d6f0  324       3       java.lang.StringUTF16::compress (20 bytes)
Event: 0.598 Thread 0x00000263c8c2d6f0 nmethod 324 0x00000263b5868790 code [0x00000263b5868940, 0x00000263b5868b88]
Event: 0.598 Thread 0x00000263c8c2d6f0  322       3       java.lang.String::copyValueOf (11 bytes)
Event: 0.598 Thread 0x00000263c8c2d6f0 nmethod 322 0x00000263b5868c90 code [0x00000263b5868e40, 0x00000263b5868fc8]
Event: 0.598 Thread 0x00000263c8c2d6f0  327       3       java.lang.String::<init> (14 bytes)
Event: 0.599 Thread 0x00000263c8c2d6f0 nmethod 327 0x00000263b5869090 code [0x00000263b5869260, 0x00000263b58695b8]
Event: 0.599 Thread 0x00000263c8c2d6f0  330       3       sun.jvmstat.perfdata.monitor.AliasFileParser$Token::<init> (15 bytes)
Event: 0.599 Thread 0x00000263c8c2d6f0 nmethod 330 0x00000263b5869790 code [0x00000263b5869920, 0x00000263b5869ad8]
Event: 0.599 Thread 0x00000263c8c2d6f0  328       3       java.lang.String::rangeCheck (9 bytes)
Event: 0.599 Thread 0x00000263c8c2d6f0 nmethod 328 0x00000263b5869b90 code [0x00000263b5869d40, 0x00000263b5869fc8]
Event: 0.599 Thread 0x00000263c8c2d6f0  329       3       sun.jvmstat.perfdata.monitor.AliasFileParser::nextToken (35 bytes)
Event: 0.600 Thread 0x00000263c8c2d6f0 nmethod 329 0x00000263b586a110 code [0x00000263b586a2e0, 0x00000263b586a628]
Event: 0.600 Thread 0x00000263c8c2d6f0  332       3       java.lang.invoke.MethodTypeForm::canonicalizeAll (63 bytes)
Event: 0.601 Thread 0x00000263c8c2d6f0 nmethod 332 0x00000263b586a790 code [0x00000263b586a980, 0x00000263b586afb8]
Event: 0.601 Thread 0x00000263c8c2d6f0  333       3       java.lang.reflect.Modifier::isStatic (13 bytes)
Event: 0.601 Thread 0x00000263c8c2d6f0 nmethod 333 0x00000263b586b190 code [0x00000263b586b320, 0x00000263b586b478]
Event: 0.601 Thread 0x00000263c8c2d6f0  321       3       java.util.ArrayList::add (25 bytes)
Event: 0.601 Thread 0x00000263c8c2d6f0 nmethod 321 0x00000263b586b510 code [0x00000263b586b6e0, 0x00000263b586bb08]
Event: 0.603 Thread 0x00000263c8c2d6f0  334   !   3       java.lang.invoke.MemberName::clone (14 bytes)
Event: 0.604 Thread 0x00000263c8c2d6f0 nmethod 334 0x00000263b586bd10 code [0x00000263b586bee0, 0x00000263b586c258]

GC Heap History (0 events):
No events

Deoptimization events (4 events):
Event: 0.594 Thread 0x00000263ad68f340 Uncommon trap: trap_request=0xffffff45 fr.pc=0x00000263bcd48e98 relative=0x0000000000000278
Event: 0.594 Thread 0x00000263ad68f340 Uncommon trap: reason=unstable_if action=reinterpret pc=0x00000263bcd48e98 method=java.io.BufferedReader.read()I @ 19 c2
Event: 0.594 Thread 0x00000263ad68f340 DEOPT PACKING pc=0x00000263bcd48e98 sp=0x000000ba658fee70
Event: 0.594 Thread 0x00000263ad68f340 DEOPT UNPACKING pc=0x00000263b52b23a3 sp=0x000000ba658fedb0 mode 2

Classes loaded (20 events):
Event: 0.583 Loading class java/nio/HeapCharBuffer
Event: 0.583 Loading class java/nio/HeapCharBuffer done
Event: 0.583 Loading class java/nio/charset/CoderResult
Event: 0.583 Loading class java/nio/charset/CoderResult done
Event: 0.598 Loading class java/lang/SecurityException
Event: 0.598 Loading class java/lang/SecurityException done
Event: 0.599 Loading class java/lang/ProcessHandle
Event: 0.600 Loading class java/lang/ProcessHandle done
Event: 0.602 Loading class java/lang/ProcessHandleImpl
Event: 0.603 Loading class java/lang/ProcessHandleImpl done
Event: 0.603 Loading class java/util/concurrent/Executor
Event: 0.603 Loading class java/util/concurrent/Executor done
Event: 0.604 Loading class java/util/concurrent/ThreadLocalRandom
Event: 0.604 Loading class java/util/Random
Event: 0.604 Loading class java/util/random/RandomGenerator
Event: 0.605 Loading class java/util/random/RandomGenerator done
Event: 0.605 Loading class java/util/Random done
Event: 0.605 Loading class java/util/concurrent/ThreadLocalRandom done
Event: 0.605 Loading class jdk/internal/util/random/RandomSupport
Event: 0.605 Loading class jdk/internal/util/random/RandomSupport done

Classes unloaded (0 events):
No events

Classes redefined (0 events):
No events

Internal exceptions (5 events):
Event: 0.531 Thread 0x00000263ad68f340 Exception <a 'java/lang/NoSuchMethodError'{0x00000000c52b5798}: 'java.lang.Object java.lang.invoke.DirectMethodHandle$Holder.newInvokeSpecial(java.lang.Object, java.lang.Object, int)'> (0x00000000c52b5798) 
thrown [s\src\hotspot\share\interpreter\linkResolver.cpp, line 759]
Event: 0.535 Thread 0x00000263ad68f340 Exception <a 'java/lang/NoSuchMethodError'{0x00000000c52ba500}: 'int java.lang.invoke.DirectMethodHandle$Holder.invokeSpecial(java.lang.Object, java.lang.Object, java.lang.Object, int)'> (0x00000000c52ba500) 
thrown [s\src\hotspot\share\interpreter\linkResolver.cpp, line 759]
Event: 0.542 Thread 0x00000263ad68f340 Exception <a 'java/lang/NoSuchMethodError'{0x00000000c52cd088}: 'java.lang.Object java.lang.invoke.DirectMethodHandle$Holder.invokeStatic(java.lang.Object, java.lang.Object, java.lang.Object, java.lang.Object, int)'> (0x00000000c52cd088) 
thrown [s\src\hotspot\share\interpreter\linkResolver.cpp, line 759]
Event: 0.546 Thread 0x00000263ad68f340 Exception <a 'java/lang/NoSuchMethodError'{0x00000000c52d6020}: 'int java.lang.invoke.DirectMethodHandle$Holder.invokeSpecial(java.lang.Object, java.lang.Object, java.lang.Object)'> (0x00000000c52d6020) 
thrown [s\src\hotspot\share\interpreter\linkResolver.cpp, line 759]
Event: 0.600 Thread 0x00000263ad68f340 Exception <a 'java/lang/NoSuchMethodError'{0x00000000c5123a78}: 'java.lang.Object java.lang.invoke.DirectMethodHandle$Holder.invokeStaticInit(java.lang.Object)'> (0x00000000c5123a78) 
thrown [s\src\hotspot\share\interpreter\linkResolver.cpp, line 759]

VM Operations (2 events):
Event: 0.303 Executing VM operation: HandshakeAllThreads
Event: 0.303 Executing VM operation: HandshakeAllThreads done

Events (20 events):
Event: 0.025 Loaded shared library C:\Users\ERIN_JAVALead\.jdks\corretto-18.0.2\bin\java.dll
Event: 0.094 Loaded shared library C:\Users\ERIN_JAVALead\.jdks\corretto-18.0.2\bin\jsvml.dll
Event: 0.095 Thread 0x00000263ad68f340 Thread added: 0x00000263ad68f340
Event: 0.105 Thread 0x00000263c8bec150 Thread added: 0x00000263c8bec150
Event: 0.106 Thread 0x00000263c8bed7d0 Thread added: 0x00000263c8bed7d0
Event: 0.159 Thread 0x00000263c8c26350 Thread added: 0x00000263c8c26350
Event: 0.160 Thread 0x00000263c8c26cf0 Thread added: 0x00000263c8c26cf0
Event: 0.160 Thread 0x00000263c8c27690 Thread added: 0x00000263c8c27690
Event: 0.160 Thread 0x00000263c8c28030 Thread added: 0x00000263c8c28030
Event: 0.160 Thread 0x00000263c8c2cd10 Thread added: 0x00000263c8c2cd10
Event: 0.161 Thread 0x00000263c8c2d6f0 Thread added: 0x00000263c8c2d6f0
Event: 0.167 Thread 0x00000263c8c9ae70 Thread added: 0x00000263c8c9ae70
Event: 0.252 Thread 0x00000263c8e2eb90 Thread added: 0x00000263c8e2eb90
Event: 0.266 Thread 0x00000263c8e3b3b0 Thread added: 0x00000263c8e3b3b0
Event: 0.281 Loaded shared library C:\Users\ERIN_JAVALead\.jdks\corretto-18.0.2\bin\net.dll
Event: 0.285 Loaded shared library C:\Users\ERIN_JAVALead\.jdks\corretto-18.0.2\bin\nio.dll
Event: 0.301 Loaded shared library C:\Users\ERIN_JAVALead\.jdks\corretto-18.0.2\bin\zip.dll
Event: 0.313 Loaded shared library C:\Users\ERIN_JAVALead\.jdks\corretto-18.0.2\bin\verify.dll
Event: 0.319 Loaded shared library C:\Users\ERIN_JAVALead\.jdks\corretto-18.0.2\bin\jimage.dll
Event: 0.384 Loaded shared library C:\Users\ERIN_JAVALead\.jdks\corretto-18.0.2\bin\attach.dll


Dynamic libraries:
0x00007ff74be10000 - 0x00007ff74be1d000 	C:\Users\ERIN_JAVALead\.jdks\corretto-18.0.2\bin\java.exe
0x00007ffc5d2d0000 - 0x00007ffc5d4c8000 	C:\WINDOWS\SYSTEM32\ntdll.dll
0x00007ffc5c180000 - 0x00007ffc5c23d000 	C:\WINDOWS\System32\KERNEL32.DLL
0x00007ffc5af00000 - 0x00007ffc5b1f6000 	C:\WINDOWS\System32\KERNELBASE.dll
0x00007ffc5ae00000 - 0x00007ffc5af00000 	C:\WINDOWS\System32\ucrtbase.dll
0x00007ffc47f10000 - 0x00007ffc47f27000 	C:\Users\ERIN_JAVALead\.jdks\corretto-18.0.2\bin\jli.dll
0x00007ffc5d0c0000 - 0x00007ffc5d25e000 	C:\WINDOWS\System32\USER32.dll
0x00007ffc5ad40000 - 0x00007ffc5ad62000 	C:\WINDOWS\System32\win32u.dll
0x00007ffc5b400000 - 0x00007ffc5b42b000 	C:\WINDOWS\System32\GDI32.dll
0x00007ffc5aa00000 - 0x00007ffc5ab17000 	C:\WINDOWS\System32\gdi32full.dll
0x00007ffc5a960000 - 0x00007ffc5a9fd000 	C:\WINDOWS\System32\msvcp_win.dll
0x00007ffc47f30000 - 0x00007ffc47f45000 	C:\Users\ERIN_JAVALead\.jdks\corretto-18.0.2\bin\VCRUNTIME140.dll
0x00007ffc44900000 - 0x00007ffc44b9a000 	C:\WINDOWS\WinSxS\amd64_microsoft.windows.common-controls_6595b64144ccf1df_6.0.19041.3636_none_60b6a03d71f818d5\COMCTL32.dll
0x00007ffc5b4f0000 - 0x00007ffc5b58e000 	C:\WINDOWS\System32\msvcrt.dll
0x00007ffc5b6d0000 - 0x00007ffc5b702000 	C:\WINDOWS\System32\IMM32.DLL
0x00007ffc3a5c0000 - 0x00007ffc3a65b000 	C:\Users\ERIN_JAVALead\.jdks\corretto-18.0.2\bin\msvcp140.dll
0x00007ffc20ef0000 - 0x00007ffc21b61000 	C:\Users\ERIN_JAVALead\.jdks\corretto-18.0.2\bin\server\jvm.dll
0x00007ffc5b430000 - 0x00007ffc5b4e3000 	C:\WINDOWS\System32\ADVAPI32.dll
0x00007ffc5ca20000 - 0x00007ffc5cabf000 	C:\WINDOWS\System32\sechost.dll
0x00007ffc5b5a0000 - 0x00007ffc5b6c6000 	C:\WINDOWS\System32\RPCRT4.dll
0x00007ffc5b200000 - 0x00007ffc5b227000 	C:\WINDOWS\System32\bcrypt.dll
0x00007ffc5baa0000 - 0x00007ffc5baa8000 	C:\WINDOWS\System32\PSAPI.DLL
0x00007ffbdf5a0000 - 0x00007ffbdf5a9000 	C:\WINDOWS\SYSTEM32\WSOCK32.dll
0x00007ffc5c9b0000 - 0x00007ffc5ca1b000 	C:\WINDOWS\System32\WS2_32.dll
0x00007ffc37f10000 - 0x00007ffc37f37000 	C:\WINDOWS\SYSTEM32\WINMM.dll
0x00007ffc54990000 - 0x00007ffc5499a000 	C:\WINDOWS\SYSTEM32\VERSION.dll
0x00007ffc587d0000 - 0x00007ffc587e2000 	C:\WINDOWS\SYSTEM32\kernel.appcore.dll
0x00007ffc49120000 - 0x00007ffc4912a000 	C:\Users\ERIN_JAVALead\.jdks\corretto-18.0.2\bin\jimage.dll
0x00007ffc3c230000 - 0x00007ffc3c414000 	C:\WINDOWS\SYSTEM32\DBGHELP.DLL
0x00007ffc3c1f0000 - 0x00007ffc3c224000 	C:\WINDOWS\SYSTEM32\dbgcore.DLL
0x00007ffc5ad70000 - 0x00007ffc5adf2000 	C:\WINDOWS\System32\bcryptPrimitives.dll
0x00007ffc3d1d0000 - 0x00007ffc3d1f5000 	C:\Users\ERIN_JAVALead\.jdks\corretto-18.0.2\bin\java.dll
0x00007ffc32310000 - 0x00007ffc323e6000 	C:\Users\ERIN_JAVALead\.jdks\corretto-18.0.2\bin\jsvml.dll
0x00007ffc5c260000 - 0x00007ffc5c9a5000 	C:\WINDOWS\System32\SHELL32.dll
0x00007ffc589d0000 - 0x00007ffc5916c000 	C:\WINDOWS\SYSTEM32\windows.storage.dll
0x00007ffc5cb20000 - 0x00007ffc5ce74000 	C:\WINDOWS\System32\combase.dll
0x00007ffc5a1e0000 - 0x00007ffc5a20e000 	C:\WINDOWS\SYSTEM32\Wldp.dll
0x00007ffc5bc40000 - 0x00007ffc5bd0d000 	C:\WINDOWS\System32\OLEAUT32.dll
0x00007ffc5bb90000 - 0x00007ffc5bc3d000 	C:\WINDOWS\System32\SHCORE.dll
0x00007ffc5b850000 - 0x00007ffc5b8a5000 	C:\WINDOWS\System32\shlwapi.dll
0x00007ffc5a890000 - 0x00007ffc5a8b5000 	C:\WINDOWS\SYSTEM32\profapi.dll
0x00007ffc47ef0000 - 0x00007ffc47f03000 	C:\Users\ERIN_JAVALead\.jdks\corretto-18.0.2\bin\net.dll
0x00007ffc544a0000 - 0x00007ffc545aa000 	C:\WINDOWS\SYSTEM32\WINHTTP.dll
0x00007ffc59fc0000 - 0x00007ffc5a02a000 	C:\WINDOWS\system32\mswsock.dll
0x00007ffc47a10000 - 0x00007ffc47a25000 	C:\Users\ERIN_JAVALead\.jdks\corretto-18.0.2\bin\nio.dll
0x00007ffc3c760000 - 0x00007ffc3c778000 	C:\Users\ERIN_JAVALead\.jdks\corretto-18.0.2\bin\zip.dll
0x00007ffc47ea0000 - 0x00007ffc47eb0000 	C:\Users\ERIN_JAVALead\.jdks\corretto-18.0.2\bin\verify.dll
0x00007ffc3c720000 - 0x00007ffc3c729000 	C:\Users\ERIN_JAVALead\.jdks\corretto-18.0.2\bin\attach.dll

dbghelp: loaded successfully - version: 4.0.5 - missing functions: none
symbol engine: initialized successfully - sym options: 0x614 - pdb path: .;C:\Users\ERIN_JAVALead\.jdks\corretto-18.0.2\bin;C:\WINDOWS\SYSTEM32;C:\WINDOWS\WinSxS\amd64_microsoft.windows.common-controls_6595b64144ccf1df_6.0.19041.3636_none_60b6a03d71f818d5;C:\Users\ERIN_JAVALead\.jdks\corretto-18.0.2\bin\server

VM Arguments:
jvm_args: -Dnet.bytebuddy.agent.attacher.dump= 
java_command: net.bytebuddy.agent.Attacher com.sun.tools.attach.VirtualMachine 9796 C:\Users\ERIN_JAVALead\.m2\repository\net\bytebuddy\byte-buddy-agent\1.14.12\byte-buddy-agent-1.14.12.jar false 
java_class_path (initial): C:\Users\ERIN_JAVALead\.m2\repository\net\bytebuddy\byte-buddy-agent\1.14.12\byte-buddy-agent-1.14.12.jar
Launcher Type: SUN_STANDARD

[Global flags]
     intx CICompilerCount                          = 3                                         {product} {ergonomic}
     uint ConcGCThreads                            = 1                                         {product} {ergonomic}
     uint G1ConcRefinementThreads                  = 4                                         {product} {ergonomic}
   size_t G1HeapRegionSize                         = 1048576                                   {product} {ergonomic}
    uintx GCDrainStackTargetSize                   = 64                                        {product} {ergonomic}
   size_t InitialHeapSize                          = 67108864                                  {product} {ergonomic}
   size_t MarkStackSize                            = 4194304                                   {product} {ergonomic}
   size_t MaxHeapSize                              = 1052770304                                {product} {ergonomic}
   size_t MaxNewSize                               = 631242752                                 {product} {ergonomic}
   size_t MinHeapDeltaBytes                        = 1048576                                   {product} {ergonomic}
   size_t MinHeapSize                              = 8388608                                   {product} {ergonomic}
    uintx NonNMethodCodeHeapSize                   = 5832780                                {pd product} {ergonomic}
    uintx NonProfiledCodeHeapSize                  = 122912730                              {pd product} {ergonomic}
    uintx ProfiledCodeHeapSize                     = 122912730                              {pd product} {ergonomic}
    uintx ReservedCodeCacheSize                    = 251658240                              {pd product} {ergonomic}
     bool SegmentedCodeCache                       = true                                      {product} {ergonomic}
   size_t SoftMaxHeapSize                          = 1052770304                             {manageable} {ergonomic}
     bool UseCompressedClassPointers               = true                           {product lp64_product} {ergonomic}
     bool UseCompressedOops                        = true                           {product lp64_product} {ergonomic}
     bool UseG1GC                                  = true                                      {product} {ergonomic}
     bool UseLargePagesIndividualAllocation        = false                                  {pd product} {ergonomic}

Logging:
Log output configuration:
 #0: stdout all=warning uptime,level,tags foldmultilines=false
 #1: stderr all=off uptime,level,tags foldmultilines=false

Environment Variables:
JAVA_HOME=C:\Program Files\Java\jdk1.8.0_202
PATH=C:\Program Files (x86)\Common Files\Oracle\Java\javapath;C:\WINDOWS\system32;C:\WINDOWS;C:\WINDOWS\System32\Wbem;C:\WINDOWS\System32\WindowsPowerShell\v1.0\;C:\WINDOWS\System32\OpenSSH\;C:\Program Files (x86)\nodejs\;C:\Program Files (x86)\nodejs\npm;C:\Users\ERIN_JAVALead\AppData\Roaming\npm;C:\Program Files\Git\cmd;C:\Program Files (x86)\dotnet\;C:\Program Files (x86)\Microsoft SQL Server\160\DTS\Binn\;C:\Program Files\Azure Data Studio\bin;C:\Program Files (x86)\Microsoft SQL Server\160\Tools\Binn\;C:\Program Files\Microsoft SQL Server\160\Tools\Binn\;C:\Program Files\Microsoft SQL Server\Client SDK\ODBC\170\Tools\Binn\;C:\Program Files\Microsoft SQL Server\160\DTS\Binn\;C:\Program Files\Java\jdk1.8.0_202\bin;C:\Program Files\Java\jdk1.8.0_202\jre\bin;C:\kafkasrc\bin\windows;C:\Program Files\Docker\Docker\resources\bin;C:\Program Files\Docker\Docker;C:\Users\ERIN_JAVALead\AppData\Local\Microsoft\WindowsApps;;C:\Users\ERIN_JAVALead\AppData\Local\Programs\Microsoft VS Code\bin;C:\Users\ERIN_JAVALead\AppData\Roaming\npm;C:\Program Files\Azure Data Studio\bin
USERNAME=ERIN_JAVALead
OS=Windows_NT
PROCESSOR_IDENTIFIER=Intel64 Family 6 Model 78 Stepping 3, GenuineIntel



---------------  S Y S T E M  ---------------

OS:
 Windows 10 , 64 bit Build 19041 (10.0.19041.3636)
OS uptime: 0 days 8:36 hours
Hyper-V role detected

CPU: total 4 (initial active 4) (2 cores per cpu, 2 threads per core) family 6 model 78 stepping 3 microcode 0xcc, cx8, cmov, fxsr, ht, mmx, 3dnowpref, sse, sse2, sse3, ssse3, sse4.1, sse4.2, popcnt, lzcnt, tsc, tscinvbit, avx, avx2, aes, erms, clmul, bmi1, bmi2, adx, fma, vzeroupper, clflush, clflushopt, hv

Memory: 4k page, system-wide physical 4012M (347M free)
TotalPageFile size 6060M (AvailPageFile size 1M)
current process WorkingSet (physical memory assigned to process): 34M, peak: 34M
current process commit charge ("private bytes"): 132M, peak: 133M

vm_info: OpenJDK 64-Bit Server VM (18.0.2+9-FR) for windows-amd64 JRE (18.0.2+9-FR), built on Jul 15 2022 20:03:03 by "Administrator" with MS VC++ 15.9 (VS2017)

END.
