#
# There is insufficient memory for the Java Runtime Environment to continue.
# Native memory allocation (malloc) failed to allocate 3021408 bytes for Chunk::new
# Possible reasons:
#   The system is out of physical RAM or swap space
#   The process is running with CompressedOops enabled, and the Java Heap may be blocking the growth of the native heap
# Possible solutions:
#   Reduce memory load on the system
#   Increase physical memory or swap space
#   Check if swap backing store is full
#   Decrease Java heap size (-Xmx/-Xms)
#   Decrease number of Java threads
#   Decrease Java thread stack sizes (-Xss)
#   Set larger code cache with -XX:ReservedCodeCacheSize=
#   JVM is running with Unscaled Compressed Oops mode in which the Java heap is
#     placed in the first 4GB address space. The Java Heap base address is the
#     maximum limit for the native heap growth. Please use -XX:HeapBaseMinAddress
#     to set the Java Heap base and to place the Java Heap above 4GB virtual address.
# This output file may be truncated or incomplete.
#
#  Out of Memory Error (arena.cpp:184), pid=1640, tid=5756
#
# JRE version: OpenJDK Runtime Environment Corretto-18.0.2.9.1 (18.0.2+9) (build 18.0.2+9-FR)
# Java VM: OpenJDK 64-Bit Server VM Corretto-18.0.2.9.1 (18.0.2+9-FR, mixed mode, sharing, tiered, compressed oops, compressed class ptrs, g1 gc, windows-amd64)
# No core dump will be written. Minidumps are not enabled by default on client versions of Windows
#

---------------  S U M M A R Y ------------

Command Line: -agentlib:jdwp=transport=dt_socket,address=127.0.0.1:51628,suspend=y,server=n -ea -Didea.test.cyclic.buffer.size=1048576 -javaagent:C:\Users\ERIN_JAVALead\AppData\Local\JetBrains\IdeaIC2021.3\captureAgent\debugger-agent.jar -Dfile.encoding=UTF-8 com.intellij.rt.junit.JUnitStarter -ideVersion5 -junit5 com.registry.studentregistration.service.StudentServiceTest,shouldReturnFalseWhenRegisterWithNoFreeSeatsInCourse

Host: Intel(R) Core(TM) i3-6006U CPU @ 2.00GHz, 4 cores, 3G,  Windows 10 , 64 bit Build 19041 (10.0.19041.3636)
Time: Thu Feb 29 22:39:55 2024 W. Europe Standard Time elapsed time: 9.103966 seconds (0d 0h 0m 9s)

---------------  T H R E A D  ---------------

Current thread (0x000001b7e84a1730):  JavaThread "C2 CompilerThread0" daemon [_thread_in_native, id=5756, stack(0x0000001059900000,0x0000001059a00000)]


Current CompileTask:
C2:   9104 2225   !   4       jdk.internal.loader.BuiltinClassLoader::loadClassOrNull (143 bytes)

Stack: [0x0000001059900000,0x0000001059a00000]
Native frames: (J=compiled Java code, j=interpreted, Vv=VM code, C=native code)
V  [jvm.dll+0x685a2a]
V  [jvm.dll+0x82ae8d]
V  [jvm.dll+0x82c75e]
V  [jvm.dll+0x82ce03]
V  [jvm.dll+0x25ef4b]
V  [jvm.dll+0xd42d2]
V  [jvm.dll+0xd4665]
V  [jvm.dll+0x38578b]
V  [jvm.dll+0x1d8f20]
V  [jvm.dll+0x233b4f]
V  [jvm.dll+0x232f37]
V  [jvm.dll+0x1c0a35]
V  [jvm.dll+0x24212c]
V  [jvm.dll+0x240534]
V  [jvm.dll+0x7df6db]
V  [jvm.dll+0x7d9cba]
V  [jvm.dll+0x6848a5]
C  [ucrtbase.dll+0x21bb2]
C  [KERNEL32.DLL+0x17344]
C  [ntdll.dll+0x526b1]


---------------  P R O C E S S  ---------------

Threads class SMR info:
_java_thread_list=0x000001b7ee3d9110, length=16, elements={
0x000001b7ccf35120, 0x000001b7ccfd61b0, 0x000001b7ccfd75b0, 0x000001b7ccfee390,
0x000001b7e849dfa0, 0x000001b7e849eff0, 0x000001b7e84a0180, 0x000001b7e84a1730,
0x000001b7e84a67d0, 0x000001b7e84bb9a0, 0x000001b7e857e490, 0x000001b7ec911eb0,
0x000001b7ec8f5020, 0x000001b7ec8f5500, 0x000001b7ec927ca0, 0x000001b7eded6f00
}

Java Threads: ( => current thread )
  0x000001b7ccf35120 JavaThread "main" [_thread_in_native, id=9528, stack(0x0000001058c00000,0x0000001058d00000)]
  0x000001b7ccfd61b0 JavaThread "Reference Handler" daemon [_thread_blocked, id=2348, stack(0x0000001059300000,0x0000001059400000)]
  0x000001b7ccfd75b0 JavaThread "Finalizer" daemon [_thread_blocked, id=10148, stack(0x0000001059400000,0x0000001059500000)]
  0x000001b7ccfee390 JavaThread "Signal Dispatcher" daemon [_thread_blocked, id=11532, stack(0x0000001059500000,0x0000001059600000)]
  0x000001b7e849dfa0 JavaThread "Attach Listener" daemon [_thread_blocked, id=14176, stack(0x0000001059600000,0x0000001059700000)]
  0x000001b7e849eff0 JavaThread "Service Thread" daemon [_thread_blocked, id=660, stack(0x0000001059700000,0x0000001059800000)]
  0x000001b7e84a0180 JavaThread "Monitor Deflation Thread" daemon [_thread_blocked, id=12756, stack(0x0000001059800000,0x0000001059900000)]
=>0x000001b7e84a1730 JavaThread "C2 CompilerThread0" daemon [_thread_in_native, id=5756, stack(0x0000001059900000,0x0000001059a00000)]
  0x000001b7e84a67d0 JavaThread "C1 CompilerThread0" daemon [_thread_blocked, id=1328, stack(0x0000001059a00000,0x0000001059b00000)]
  0x000001b7e84bb9a0 JavaThread "Sweeper thread" daemon [_thread_blocked, id=11252, stack(0x0000001059b00000,0x0000001059c00000)]
  0x000001b7e857e490 JavaThread "Common-Cleaner" daemon [_thread_blocked, id=12728, stack(0x0000001059c00000,0x0000001059d00000)]
  0x000001b7ec911eb0 JavaThread "JDWP Transport Listener: dt_socket" daemon [_thread_blocked, id=10224, stack(0x0000001059d00000,0x0000001059e00000)]
  0x000001b7ec8f5020 JavaThread "JDWP Event Helper Thread" daemon [_thread_blocked, id=9600, stack(0x0000001059e00000,0x0000001059f00000)]
  0x000001b7ec8f5500 JavaThread "JDWP Command Reader" daemon [_thread_in_native, id=13248, stack(0x0000001059f00000,0x000000105a000000)]
  0x000001b7ec927ca0 JavaThread "Notification Thread" daemon [_thread_blocked, id=7436, stack(0x000000105a000000,0x000000105a100000)]
  0x000001b7eded6f00 JavaThread "background-preinit" [_thread_in_vm, id=11544, stack(0x000000105a500000,0x000000105a600000)]

Other Threads:
  0x000001b7ccf88bf0 VMThread "VM Thread" [stack: 0x0000001059200000,0x0000001059300000] [id=11580]
  0x000001b7ec943730 WatcherThread "VM Periodic Task Thread" [stack: 0x000000105a100000,0x000000105a200000] [id=3328]
  0x000001b7ccf78a30 WorkerThread "GC Thread#0" [stack: 0x0000001058d00000,0x0000001058e00000] [id=8624]
  0x000001b7ecff01c0 WorkerThread "GC Thread#1" [stack: 0x000000105a200000,0x000000105a300000] [id=4536]
  0x000001b7ecfea8f0 WorkerThread "GC Thread#2" [stack: 0x000000105a300000,0x000000105a400000] [id=9492]
  0x000001b7ed00b3d0 WorkerThread "GC Thread#3" [stack: 0x000000105a400000,0x000000105a500000] [id=11860]
  0x000001b7ccf816e0 ConcurrentGCThread "G1 Main Marker" [stack: 0x0000001058e00000,0x0000001058f00000] [id=1192]
  0x000001b7ccf820d0 WorkerThread "G1 Conc#0" [stack: 0x0000001058f00000,0x0000001059000000] [id=1364]
  0x000001b7ccfadcb0 ConcurrentGCThread "G1 Refine#0" [stack: 0x0000001059000000,0x0000001059100000] [id=10708]
  0x000001b7ccfae5c0 ConcurrentGCThread "G1 Service" [stack: 0x0000001059100000,0x0000001059200000] [id=6440]

Threads with active compile tasks:
C2 CompilerThread0     9180 2225   !   4       jdk.internal.loader.BuiltinClassLoader::loadClassOrNull (143 bytes)

VM state: not at safepoint (normal execution)

VM Mutex/Monitor currently owned by a thread: None

Heap address: 0x00000000c1400000, size: 1004 MB, Compressed Oops mode: 32-bit

CDS archive(s) mapped at: [0x0000000800000000-0x0000000800ba0000-0x0000000800ba0000), size 12189696, SharedBaseAddress: 0x0000000800000000, ArchiveRelocationMode: 0.
Compressed class space mapped at: 0x0000000800c00000-0x0000000840c00000, reserved size: 1073741824
Narrow klass base: 0x0000000800000000, Narrow klass shift: 0, Narrow klass range: 0x100000000

GC Precious Log:
 CardTable entry size: 512
 Card Set container configuration: InlinePtr #cards 5 size 8 Array Of Cards #cards 12 size 40 Howl #buckets 4 coarsen threshold 1843 Howl Bitmap #cards 512 size 80 coarsen threshold 460 Card regions per heap region 1 cards per card region 2048
 CPUs: 4 total, 4 available
 Memory: 4012M
 Large Page Support: Disabled
 NUMA Support: Disabled
 Compressed Oops: Enabled (32-bit)
 Heap Region Size: 1M
 Heap Min Capacity: 8M
 Heap Initial Capacity: 64M
 Heap Max Capacity: 1004M
 Pre-touch: Disabled
 Parallel Workers: 4
 Concurrent Workers: 1
 Concurrent Refinement Workers: 4
 Periodic GC: Disabled

Heap:
 garbage-first heap   total 51200K, used 13071K [0x00000000c1400000, 0x0000000100000000)
  region size 1024K, 6 young (6144K), 5 survivors (5120K)
 Metaspace       used 21280K, committed 21632K, reserved 1114112K
  class space    used 2770K, committed 2944K, reserved 1048576K

Heap Regions: E=young(eden), S=young(survivor), O=old, HS=humongous(starts), HC=humongous(continues), CS=collection set, F=free, OA=open archive, CA=closed archive, TAMS=top-at-mark-start (previous, next)
|   0|0x00000000c1400000, 0x00000000c1500000, 0x00000000c1500000|100%|HS|  |TAMS 0x00000000c1500000, 0x00000000c1400000| Complete 
|   1|0x00000000c1500000, 0x00000000c1600000, 0x00000000c1600000|100%| O|  |TAMS 0x00000000c1600000, 0x00000000c1500000| Untracked 
|   2|0x00000000c1600000, 0x00000000c1700000, 0x00000000c1700000|100%| O|  |TAMS 0x00000000c1700000, 0x00000000c1600000| Untracked 
|   3|0x00000000c1700000, 0x00000000c1800000, 0x00000000c1800000|100%| O|  |TAMS 0x00000000c1800000, 0x00000000c1700000| Untracked 
|   4|0x00000000c1800000, 0x00000000c1900000, 0x00000000c1900000|100%| O|  |TAMS 0x00000000c1900000, 0x00000000c1800000| Untracked 
|   5|0x00000000c1900000, 0x00000000c1a00000, 0x00000000c1a00000|100%| O|  |TAMS 0x00000000c19fea00, 0x00000000c1900000| Untracked 
|   6|0x00000000c1a00000, 0x00000000c1b00000, 0x00000000c1b00000|100%| O|  |TAMS 0x00000000c1a00000, 0x00000000c1a00000| Untracked 
|   7|0x00000000c1b00000, 0x00000000c1c00000, 0x00000000c1c00000|100%| O|  |TAMS 0x00000000c1b00000, 0x00000000c1b00000| Untracked 
|   8|0x00000000c1c00000, 0x00000000c1c3d800, 0x00000000c1d00000| 24%| O|  |TAMS 0x00000000c1c00000, 0x00000000c1c00000| Complete 
|   9|0x00000000c1d00000, 0x00000000c1d00000, 0x00000000c1e00000|  0%| F|  |TAMS 0x00000000c1d00000, 0x00000000c1d00000| Untracked 
|  10|0x00000000c1e00000, 0x00000000c1e00000, 0x00000000c1f00000|  0%| F|  |TAMS 0x00000000c1e00000, 0x00000000c1e00000| Untracked 
|  11|0x00000000c1f00000, 0x00000000c1f00000, 0x00000000c2000000|  0%| F|  |TAMS 0x00000000c1f00000, 0x00000000c1f00000| Untracked 
|  12|0x00000000c2000000, 0x00000000c2000000, 0x00000000c2100000|  0%| F|  |TAMS 0x00000000c2000000, 0x00000000c2000000| Untracked 
|  13|0x00000000c2100000, 0x00000000c2100000, 0x00000000c2200000|  0%| F|  |TAMS 0x00000000c2100000, 0x00000000c2100000| Untracked 
|  14|0x00000000c2200000, 0x00000000c2200000, 0x00000000c2300000|  0%| F|  |TAMS 0x00000000c2200000, 0x00000000c2200000| Untracked 
|  15|0x00000000c2300000, 0x00000000c2300000, 0x00000000c2400000|  0%| F|  |TAMS 0x00000000c2300000, 0x00000000c2300000| Untracked 
|  16|0x00000000c2400000, 0x00000000c2400000, 0x00000000c2500000|  0%| F|  |TAMS 0x00000000c2400000, 0x00000000c2400000| Untracked 
|  17|0x00000000c2500000, 0x00000000c2500000, 0x00000000c2600000|  0%| F|  |TAMS 0x00000000c2500000, 0x00000000c2500000| Untracked 
|  18|0x00000000c2600000, 0x00000000c2600000, 0x00000000c2700000|  0%| F|  |TAMS 0x00000000c2600000, 0x00000000c2600000| Untracked 
|  19|0x00000000c2700000, 0x00000000c2700000, 0x00000000c2800000|  0%| F|  |TAMS 0x00000000c2700000, 0x00000000c2700000| Untracked 
|  20|0x00000000c2800000, 0x00000000c2800000, 0x00000000c2900000|  0%| F|  |TAMS 0x00000000c2800000, 0x00000000c2800000| Untracked 
|  21|0x00000000c2900000, 0x00000000c2900000, 0x00000000c2a00000|  0%| F|  |TAMS 0x00000000c2900000, 0x00000000c2900000| Untracked 
|  22|0x00000000c2a00000, 0x00000000c2a86598, 0x00000000c2b00000| 52%| S|CS|TAMS 0x00000000c2a00000, 0x00000000c2a00000| Complete 
|  23|0x00000000c2b00000, 0x00000000c2c00000, 0x00000000c2c00000|100%| S|CS|TAMS 0x00000000c2b00000, 0x00000000c2b00000| Complete 
|  24|0x00000000c2c00000, 0x00000000c2c00000, 0x00000000c2d00000|  0%| F|  |TAMS 0x00000000c2c00000, 0x00000000c2c00000| Untracked 
|  25|0x00000000c2d00000, 0x00000000c2d00000, 0x00000000c2e00000|  0%| F|  |TAMS 0x00000000c2d00000, 0x00000000c2d00000| Untracked 
|  26|0x00000000c2e00000, 0x00000000c2e00000, 0x00000000c2f00000|  0%| F|  |TAMS 0x00000000c2e00000, 0x00000000c2e00000| Untracked 
|  27|0x00000000c2f00000, 0x00000000c2f00000, 0x00000000c3000000|  0%| F|  |TAMS 0x00000000c2f00000, 0x00000000c2f00000| Untracked 
|  28|0x00000000c3000000, 0x00000000c3000000, 0x00000000c3100000|  0%| F|  |TAMS 0x00000000c3000000, 0x00000000c3000000| Untracked 
|  29|0x00000000c3100000, 0x00000000c3200000, 0x00000000c3200000|100%| S|CS|TAMS 0x00000000c3100000, 0x00000000c3100000| Complete 
|  30|0x00000000c3200000, 0x00000000c3300000, 0x00000000c3300000|100%| S|CS|TAMS 0x00000000c3200000, 0x00000000c3200000| Complete 
|  31|0x00000000c3300000, 0x00000000c3400000, 0x00000000c3400000|100%| S|CS|TAMS 0x00000000c3300000, 0x00000000c3300000| Complete 
|  32|0x00000000c3400000, 0x00000000c3400000, 0x00000000c3500000|  0%| F|  |TAMS 0x00000000c3400000, 0x00000000c3400000| Untracked 
|  33|0x00000000c3500000, 0x00000000c3500000, 0x00000000c3600000|  0%| F|  |TAMS 0x00000000c3500000, 0x00000000c3500000| Untracked 
|  34|0x00000000c3600000, 0x00000000c3600000, 0x00000000c3700000|  0%| F|  |TAMS 0x00000000c3600000, 0x00000000c3600000| Untracked 
|  35|0x00000000c3700000, 0x00000000c3700000, 0x00000000c3800000|  0%| F|  |TAMS 0x00000000c3700000, 0x00000000c3700000| Untracked 
|  36|0x00000000c3800000, 0x00000000c3800000, 0x00000000c3900000|  0%| F|  |TAMS 0x00000000c3800000, 0x00000000c3800000| Untracked 
|  37|0x00000000c3900000, 0x00000000c3900000, 0x00000000c3a00000|  0%| F|  |TAMS 0x00000000c3900000, 0x00000000c3900000| Untracked 
|  38|0x00000000c3a00000, 0x00000000c3a00000, 0x00000000c3b00000|  0%| F|  |TAMS 0x00000000c3a00000, 0x00000000c3a00000| Untracked 
|  39|0x00000000c3b00000, 0x00000000c3b00000, 0x00000000c3c00000|  0%| F|  |TAMS 0x00000000c3b00000, 0x00000000c3b00000| Untracked 
|  40|0x00000000c3c00000, 0x00000000c3c00000, 0x00000000c3d00000|  0%| F|  |TAMS 0x00000000c3c00000, 0x00000000c3c00000| Untracked 
|  41|0x00000000c3d00000, 0x00000000c3d00000, 0x00000000c3e00000|  0%| F|  |TAMS 0x00000000c3d00000, 0x00000000c3d00000| Untracked 
|  42|0x00000000c3e00000, 0x00000000c3e00000, 0x00000000c3f00000|  0%| F|  |TAMS 0x00000000c3e00000, 0x00000000c3e00000| Untracked 
|  43|0x00000000c3f00000, 0x00000000c3f00000, 0x00000000c4000000|  0%| F|  |TAMS 0x00000000c3f00000, 0x00000000c3f00000| Untracked 
|  44|0x00000000c4000000, 0x00000000c4000000, 0x00000000c4100000|  0%| F|  |TAMS 0x00000000c4000000, 0x00000000c4000000| Untracked 
|  45|0x00000000c4100000, 0x00000000c4100000, 0x00000000c4200000|  0%| F|  |TAMS 0x00000000c4100000, 0x00000000c4100000| Untracked 
|  46|0x00000000c4200000, 0x00000000c4200000, 0x00000000c4300000|  0%| F|  |TAMS 0x00000000c4200000, 0x00000000c4200000| Untracked 
|  47|0x00000000c4300000, 0x00000000c4300000, 0x00000000c4400000|  0%| F|  |TAMS 0x00000000c4300000, 0x00000000c4300000| Untracked 
|  48|0x00000000c4400000, 0x00000000c443d160, 0x00000000c4500000| 23%| E|  |TAMS 0x00000000c4400000, 0x00000000c4400000| Complete 
|  63|0x00000000c5300000, 0x00000000c5400000, 0x00000000c5400000|100%| E|CS|TAMS 0x00000000c5300000, 0x00000000c5300000| Complete 

Card table byte_map: [0x000001b7e3cf0000,0x000001b7e3ef0000] _byte_map_base: 0x000001b7e36e6000

Marking Bits (Prev, Next): (CMBitMap*) 0x000001b7ccf79070, (CMBitMap*) 0x000001b7ccf79030
 Prev Bits: [0x000001b7e50a0000, 0x000001b7e6050000)
 Next Bits: [0x000001b7e40f0000, 0x000001b7e50a0000)

Polling page: 0x000001b7cc6f0000

Metaspace:

Usage:
  Non-class:     18.08 MB used.
      Class:      2.71 MB used.
       Both:     20.79 MB used.

Virtual space:
  Non-class space:       64.00 MB reserved,      18.25 MB ( 29%) committed,  1 nodes.
      Class space:        1.00 GB reserved,       2.88 MB ( <1%) committed,  1 nodes.
             Both:        1.06 GB reserved,      21.13 MB (  2%) committed. 

Chunk freelists:
   Non-Class:  1.47 MB
       Class:  1.17 MB
        Both:  2.64 MB

MaxMetaspaceSize: unlimited
CompressedClassSpaceSize: 1.00 GB
Initial GC threshold: 21.00 MB
Current GC threshold: 35.25 MB
CDS: on
MetaspaceReclaimPolicy: balanced
 - commit_granule_bytes: 65536.
 - commit_granule_words: 8192.
 - virtual_space_node_default_size: 8388608.
 - enlarge_chunks_in_place: 1.
 - new_chunks_are_fully_committed: 0.
 - uncommit_free_chunks: 1.
 - use_allocation_guard: 0.


Internal statistics:

num_allocs_failed_limit: 3.
num_arena_births: 276.
num_arena_deaths: 0.
num_vsnodes_births: 2.
num_vsnodes_deaths: 0.
num_space_committed: 338.
num_space_uncommitted: 0.
num_chunks_returned_to_freelist: 3.
num_chunks_taken_from_freelist: 1009.
num_chunk_merges: 3.
num_chunk_splits: 697.
num_chunks_enlarged: 554.
num_inconsistent_stats: 0.

CodeHeap 'non-profiled nmethods': size=120000Kb used=929Kb max_used=929Kb free=119070Kb
 bounds [0x000001b7dc5c0000, 0x000001b7dc830000, 0x000001b7e3af0000]
CodeHeap 'profiled nmethods': size=120000Kb used=5192Kb max_used=5192Kb free=114808Kb
 bounds [0x000001b7d5090000, 0x000001b7d55b0000, 0x000001b7dc5c0000]
CodeHeap 'non-nmethods': size=5760Kb used=1278Kb max_used=1302Kb free=4481Kb
 bounds [0x000001b7d4af0000, 0x000001b7d4d60000, 0x000001b7d5090000]
 total_blobs=3021 nmethods=2520 adapters=413
 compilation: enabled
              stopped_count=0, restarted_count=0
 full_count=0

Compilation events (20 events):
Event: 9.088 Thread 0x000001b7e84a67d0 2500       2       java.lang.CharacterData::of (136 bytes)
Event: 9.088 Thread 0x000001b7e84a67d0 nmethod 2500 0x000001b7d5595a10 code [0x000001b7d5595c40, 0x000001b7d55963b8]
Event: 9.088 Thread 0x000001b7e84a67d0 2472       2       sun.util.locale.LanguageTag::isExtlang (21 bytes)
Event: 9.089 Thread 0x000001b7e84a67d0 nmethod 2472 0x000001b7d5596610 code [0x000001b7d55967c0, 0x000001b7d5596ab8]
Event: 9.090 Thread 0x000001b7e84a67d0 2471       2       sun.util.locale.LanguageTag::isScript (21 bytes)
Event: 9.091 Thread 0x000001b7e84a67d0 nmethod 2471 0x000001b7d5596d10 code [0x000001b7d5596ec0, 0x000001b7d55971b8]
Event: 9.091 Thread 0x000001b7e84a67d0 2473       2       sun.util.locale.LanguageTag::isRegion (36 bytes)
Event: 9.093 Thread 0x000001b7e84a67d0 nmethod 2473 0x000001b7d5597410 code [0x000001b7d55975e0, 0x000001b7d5597ab8]
Event: 9.093 Thread 0x000001b7e84a67d0 2463       1       org.springframework.boot.autoconfigure.condition.FilteringSpringBootCondition::getBeanClassLoader (5 bytes)
Event: 9.093 Thread 0x000001b7e84a67d0 nmethod 2463 0x000001b7dc6a6810 code [0x000001b7dc6a69a0, 0x000001b7dc6a6a78]
Event: 9.093 Thread 0x000001b7e84a67d0 2502       2       org.springframework.core.annotation.TypeMappedAnnotation::<init> (15 bytes)
Event: 9.094 Thread 0x000001b7e84a67d0 nmethod 2502 0x000001b7d5597e90 code [0x000001b7d5598020, 0x000001b7d55981a8]
Event: 9.094 Thread 0x000001b7e84a67d0 2501       1       java.net.URLConnection::getUseCaches (5 bytes)
Event: 9.095 Thread 0x000001b7e84a67d0 nmethod 2501 0x000001b7dc6a6b10 code [0x000001b7dc6a6ca0, 0x000001b7dc6a6d78]
Event: 9.095 Thread 0x000001b7e84a67d0 2503       1       org.springframework.context.annotation.ConfigurationClassParser$SourceClass::getMetadata (5 bytes)
Event: 9.095 Thread 0x000001b7e84a67d0 nmethod 2503 0x000001b7dc6a6e10 code [0x000001b7dc6a6fa0, 0x000001b7dc6a7078]
Event: 9.096 Thread 0x000001b7e84a67d0 2449       1       org.springframework.util.ConcurrentReferenceHashMap::getLoadFactor (5 bytes)
Event: 9.096 Thread 0x000001b7e84a67d0 nmethod 2449 0x000001b7dc6a7110 code [0x000001b7dc6a72a0, 0x000001b7dc6a7378]
Event: 9.096 Thread 0x000001b7e84a67d0 2498       1       java.lang.invoke.MethodHandle::isInvokeSpecial (2 bytes)
Event: 9.096 Thread 0x000001b7e84a67d0 nmethod 2498 0x000001b7dc6a7410 code [0x000001b7dc6a75a0, 0x000001b7dc6a7678]

GC Heap History (8 events):
Event: 3.238 GC heap before
{Heap before GC invocations=0 (full 0):
 garbage-first heap   total 65536K, used 13312K [0x00000000c1400000, 0x0000000100000000)
  region size 1024K, 13 young (13312K), 0 survivors (0K)
 Metaspace       used 1873K, committed 2048K, reserved 1114112K
  class space    used 165K, committed 256K, reserved 1048576K
}
Event: 3.248 GC heap after
{Heap after GC invocations=1 (full 0):
 garbage-first heap   total 65536K, used 6122K [0x00000000c1400000, 0x0000000100000000)
  region size 1024K, 2 young (2048K), 2 survivors (2048K)
 Metaspace       used 1873K, committed 2048K, reserved 1114112K
  class space    used 165K, committed 256K, reserved 1048576K
}
Event: 4.107 GC heap before
{Heap before GC invocations=1 (full 0):
 garbage-first heap   total 65536K, used 16362K [0x00000000c1400000, 0x0000000100000000)
  region size 1024K, 13 young (13312K), 2 survivors (2048K)
 Metaspace       used 4768K, committed 4928K, reserved 1114112K
  class space    used 514K, committed 640K, reserved 1048576K
}
Event: 4.115 GC heap after
{Heap after GC invocations=2 (full 0):
 garbage-first heap   total 65536K, used 7245K [0x00000000c1400000, 0x0000000100000000)
  region size 1024K, 2 young (2048K), 2 survivors (2048K)
 Metaspace       used 4768K, committed 4928K, reserved 1114112K
  class space    used 514K, committed 640K, reserved 1048576K
}
Event: 5.874 GC heap before
{Heap before GC invocations=2 (full 0):
 garbage-first heap   total 65536K, used 28749K [0x00000000c1400000, 0x0000000100000000)
  region size 1024K, 23 young (23552K), 2 survivors (2048K)
 Metaspace       used 9261K, committed 9472K, reserved 1114112K
  class space    used 1169K, committed 1280K, reserved 1048576K
}
Event: 5.887 GC heap after
{Heap after GC invocations=3 (full 0):
 garbage-first heap   total 65536K, used 8662K [0x00000000c1400000, 0x0000000100000000)
  region size 1024K, 3 young (3072K), 3 survivors (3072K)
 Metaspace       used 9261K, committed 9472K, reserved 1114112K
  class space    used 1169K, committed 1280K, reserved 1048576K
}
Event: 7.826 GC heap before
{Heap before GC invocations=3 (full 0):
 garbage-first heap   total 65536K, used 41430K [0x00000000c1400000, 0x0000000100000000)
  region size 1024K, 35 young (35840K), 3 survivors (3072K)
 Metaspace       used 15790K, committed 16064K, reserved 1114112K
  class space    used 2086K, committed 2240K, reserved 1048576K
}
Event: 7.836 GC heap after
{Heap after GC invocations=4 (full 0):
 garbage-first heap   total 65536K, used 10440K [0x00000000c1400000, 0x0000000100000000)
  region size 1024K, 5 young (5120K), 5 survivors (5120K)
 Metaspace       used 15790K, committed 16064K, reserved 1114112K
  class space    used 2086K, committed 2240K, reserved 1048576K
}

Deoptimization events (20 events):
Event: 9.075 Thread 0x000001b7eded6f00 Uncommon trap: trap_request=0xffffff45 fr.pc=0x000001b7dc5da8ec relative=0x00000000000003cc
Event: 9.075 Thread 0x000001b7eded6f00 Uncommon trap: reason=unstable_if action=reinterpret pc=0x000001b7dc5da8ec method=java.lang.StringLatin1.canEncode(I)Z @ 4 c2
Event: 9.075 Thread 0x000001b7eded6f00 DEOPT PACKING pc=0x000001b7dc5da8ec sp=0x000000105a5fdf20
Event: 9.075 Thread 0x000001b7eded6f00 DEOPT UNPACKING pc=0x000001b7d4b423a3 sp=0x000000105a5fde58 mode 2
Event: 9.075 Thread 0x000001b7eded6f00 Uncommon trap: trap_request=0xffffff45 fr.pc=0x000001b7dc5db17c relative=0x000000000000035c
Event: 9.075 Thread 0x000001b7eded6f00 Uncommon trap: reason=unstable_if action=reinterpret pc=0x000001b7dc5db17c method=java.lang.AbstractStringBuilder.isLatin1()Z @ 10 c2
Event: 9.075 Thread 0x000001b7eded6f00 DEOPT PACKING pc=0x000001b7dc5db17c sp=0x000000105a5fdf40
Event: 9.075 Thread 0x000001b7eded6f00 DEOPT UNPACKING pc=0x000001b7d4b423a3 sp=0x000000105a5fded0 mode 2
Event: 9.075 Thread 0x000001b7eded6f00 Uncommon trap: trap_request=0xffffff45 fr.pc=0x000001b7dc67e460 relative=0x0000000000000060
Event: 9.075 Thread 0x000001b7eded6f00 Uncommon trap: reason=unstable_if action=reinterpret pc=0x000001b7dc67e460 method=java.lang.AbstractStringBuilder.isLatin1()Z @ 10 c2
Event: 9.075 Thread 0x000001b7eded6f00 DEOPT PACKING pc=0x000001b7dc67e460 sp=0x000000105a5fdf20
Event: 9.075 Thread 0x000001b7eded6f00 DEOPT UNPACKING pc=0x000001b7d4b423a3 sp=0x000000105a5fdec0 mode 2
Event: 9.083 Thread 0x000001b7eded6f00 Uncommon trap: trap_request=0xffffff45 fr.pc=0x000001b7dc5c1fe0 relative=0x0000000000000060
Event: 9.083 Thread 0x000001b7eded6f00 Uncommon trap: reason=unstable_if action=reinterpret pc=0x000001b7dc5c1fe0 method=java.lang.String.isLatin1()Z @ 10 c2
Event: 9.084 Thread 0x000001b7eded6f00 DEOPT PACKING pc=0x000001b7dc5c1fe0 sp=0x000000105a5fdbb0
Event: 9.084 Thread 0x000001b7eded6f00 DEOPT UNPACKING pc=0x000001b7d4b423a3 sp=0x000000105a5fdb50 mode 2
Event: 9.084 Thread 0x000001b7eded6f00 Uncommon trap: trap_request=0xffffff45 fr.pc=0x000001b7dc5fdec8 relative=0x0000000000000048
Event: 9.084 Thread 0x000001b7eded6f00 Uncommon trap: reason=unstable_if action=reinterpret pc=0x000001b7dc5fdec8 method=java.lang.CharacterData.of(I)Ljava/lang/CharacterData; @ 4 c2
Event: 9.084 Thread 0x000001b7eded6f00 DEOPT PACKING pc=0x000001b7dc5fdec8 sp=0x000000105a5fd6d0
Event: 9.084 Thread 0x000001b7eded6f00 DEOPT UNPACKING pc=0x000001b7d4b423a3 sp=0x000000105a5fd668 mode 2

Classes loaded (20 events):
Event: 9.064 Loading class org/springframework/boot/autoconfigure/condition/OnWarDeploymentCondition
Event: 9.064 Loading class org/springframework/boot/autoconfigure/condition/OnWarDeploymentCondition done
Event: 9.068 Loading class io/undertow/websockets/jsr/Bootstrap
Event: 9.068 Loading class io/undertow/websockets/jsr/Bootstrap done
Event: 9.070 Loading class org/eclipse/jetty/ee10/websocket/jakarta/server/config/JakartaWebSocketServletContainerInitializer
Event: 9.070 Loading class org/eclipse/jetty/ee10/websocket/jakarta/server/config/JakartaWebSocketServletContainerInitializer done
Event: 9.071 Loading class org/apache/catalina/startup/Tomcat
Event: 9.071 Loading class org/apache/catalina/startup/Tomcat done
Event: 9.076 Loading class org/apache/tomcat/websocket/server/WsSci
Event: 9.076 Loading class org/apache/tomcat/websocket/server/WsSci done
Event: 9.078 Loading class jakarta/servlet/ServletContainerInitializer
Event: 9.078 Loading class jakarta/servlet/ServletContainerInitializer done
Event: 9.092 Loading class com/fasterxml/jackson/core/Base64Variants
Event: 9.092 Loading class com/fasterxml/jackson/core/Base64Variants done
Event: 9.093 Loading class com/fasterxml/jackson/core/Base64Variant
Event: 9.093 Loading class com/fasterxml/jackson/core/Base64Variant done
Event: 9.099 Loading class org/springframework/boot/autoconfigure/condition/ConditionalOnProperty
Event: 9.099 Loading class org/springframework/boot/autoconfigure/condition/ConditionalOnProperty done
Event: 9.099 Loading class com/fasterxml/jackson/core/Base64Variant$PaddingReadBehaviour
Event: 9.099 Loading class com/fasterxml/jackson/core/Base64Variant$PaddingReadBehaviour done

Classes unloaded (0 events):
No events

Classes redefined (0 events):
No events

Internal exceptions (20 events):
Event: 6.536 Thread 0x000001b7ccf35120 Exception <a 'java/lang/NoSuchMethodError'{0x00000000c4b9bea0}: 'java.lang.Object java.lang.invoke.DirectMethodHandle$Holder.invokeSpecial(java.lang.Object, java.lang.Object, java.lang.Object, java.lang.Object, java.lang.Object, int)'> (0x00000000c4b9bea0) 
thrown [s\src\hotspot\share\interpreter\linkResolver.cpp, line 759]
Event: 6.536 Thread 0x000001b7ccf35120 Exception <a 'java/lang/NoSuchMethodError'{0x00000000c4b9fe38}: 'java.lang.Object java.lang.invoke.Invokers$Holder.linkToTargetMethod(java.lang.Object, java.lang.Object, java.lang.Object, int, java.lang.Object)'> (0x00000000c4b9fe38) 
thrown [s\src\hotspot\share\interpreter\linkResolver.cpp, line 759]
Event: 6.550 Thread 0x000001b7ccf35120 Exception <a 'java/lang/NoSuchMethodError'{0x00000000c4bd1158}: 'java.lang.Object java.lang.invoke.DirectMethodHandle$Holder.invokeInterface(java.lang.Object, java.lang.Object, java.lang.Object, java.lang.Object, java.lang.Object)'> (0x00000000c4bd1158) 
thrown [s\src\hotspot\share\interpreter\linkResolver.cpp, line 759]
Event: 6.550 Thread 0x000001b7ccf35120 Exception <a 'java/lang/IncompatibleClassChangeError'{0x00000000c4bd4f50}: Found class java.lang.Object, but interface was expected> (0x00000000c4bd4f50) 
thrown [s\src\hotspot\share\interpreter\linkResolver.cpp, line 826]
Event: 6.805 Thread 0x000001b7ccf35120 Exception <a 'java/lang/IncompatibleClassChangeError'{0x00000000c47823d0}: Found class java.lang.Object, but interface was expected> (0x00000000c47823d0) 
thrown [s\src\hotspot\share\interpreter\linkResolver.cpp, line 826]
Event: 6.829 Thread 0x000001b7ccf35120 Exception <a 'sun/nio/fs/WindowsException'{0x00000000c47d9598}> (0x00000000c47d9598) 
thrown [s\src\hotspot\share\prims\jni.cpp, line 516]
Event: 6.955 Thread 0x000001b7ccf35120 Exception <a 'java/lang/NoSuchMethodError'{0x00000000c45c69b0}: 'java.lang.Object java.lang.invoke.DirectMethodHandle$Holder.invokeSpecial(java.lang.Object, java.lang.Object, java.lang.Object, java.lang.Object, java.lang.Object, java.lang.Object, int)'> (0x00000000c45c69b0) 
thrown [s\src\hotspot\share\interpreter\linkResolver.cpp, line 759]
Event: 6.956 Thread 0x000001b7ccf35120 Exception <a 'java/lang/NoSuchMethodError'{0x00000000c45d1468}: 'java.lang.Object java.lang.invoke.DirectMethodHandle$Holder.newInvokeSpecial(java.lang.Object, java.lang.Object, java.lang.Object, java.lang.Object, java.lang.Object, java.lang.Object, int)'> (0x00000000c45d1468) 
thrown [s\src\hotspot\share\interpreter\linkResolver.cpp, line 759]
Event: 6.957 Thread 0x000001b7ccf35120 Exception <a 'java/lang/NoSuchMethodError'{0x00000000c45d6a08}: 'java.lang.Object java.lang.invoke.DirectMethodHandle$Holder.invokeSpecial(java.lang.Object, java.lang.Object, java.lang.Object, java.lang.Object, java.lang.Object, java.lang.Object, java.lang.Object, int)'> (0x00000000c45d6a08) 
thrown [s\src\hotspot\share\interpreter\linkResolver.cpp, line 759]
Event: 7.072 Thread 0x000001b7ccf35120 Exception <a 'java/lang/NoSuchMethodError'{0x00000000c4388c50}: 'java.lang.Object java.lang.invoke.DirectMethodHandle$Holder.invokeSpecial(java.lang.Object, java.lang.Object, java.lang.Object, int, java.lang.Object)'> (0x00000000c4388c50) 
thrown [s\src\hotspot\share\interpreter\linkResolver.cpp, line 759]
Event: 7.073 Thread 0x000001b7ccf35120 Exception <a 'java/lang/NoSuchMethodError'{0x00000000c43912d0}: 'java.lang.Object java.lang.invoke.DirectMethodHandle$Holder.newInvokeSpecial(java.lang.Object, java.lang.Object, java.lang.Object, int, java.lang.Object)'> (0x00000000c43912d0) 
thrown [s\src\hotspot\share\interpreter\linkResolver.cpp, line 759]
Event: 7.074 Thread 0x000001b7ccf35120 Exception <a 'java/lang/NoSuchMethodError'{0x00000000c4398e30}: 'java.lang.Object java.lang.invoke.Invokers$Holder.linkToTargetMethod(java.lang.Object, java.lang.Object, int, java.lang.Object, java.lang.Object)'> (0x00000000c4398e30) 
thrown [s\src\hotspot\share\interpreter\linkResolver.cpp, line 759]
Event: 7.078 Thread 0x000001b7ccf35120 Exception <a 'java/lang/NoSuchMethodError'{0x00000000c43af8b8}: 'java.lang.Object java.lang.invoke.DirectMethodHandle$Holder.newInvokeSpecial(java.lang.Object, int, java.lang.Object)'> (0x00000000c43af8b8) 
thrown [s\src\hotspot\share\interpreter\linkResolver.cpp, line 759]
Event: 7.226 Thread 0x000001b7ccf35120 Exception <a 'java/lang/NoSuchMethodError'{0x00000000c415f3a0}: 'java.lang.Object java.lang.invoke.DirectMethodHandle$Holder.invokeStatic(java.lang.Object, java.lang.Object, long, java.lang.Object)'> (0x00000000c415f3a0) 
thrown [s\src\hotspot\share\interpreter\linkResolver.cpp, line 759]
Event: 7.226 Thread 0x000001b7ccf35120 Exception <a 'java/lang/NoSuchMethodError'{0x00000000c4163380}: 'java.lang.Object java.lang.invoke.DirectMethodHandle$Holder.invokeStaticInit(java.lang.Object, java.lang.Object, long, java.lang.Object)'> (0x00000000c4163380) 
thrown [s\src\hotspot\share\interpreter\linkResolver.cpp, line 759]
Event: 7.228 Thread 0x000001b7ccf35120 Exception <a 'java/lang/NoSuchMethodError'{0x00000000c416a1b8}: 'java.lang.Object java.lang.invoke.DirectMethodHandle$Holder.newInvokeSpecial(java.lang.Object, java.lang.Object, long)'> (0x00000000c416a1b8) 
thrown [s\src\hotspot\share\interpreter\linkResolver.cpp, line 759]
Event: 7.228 Thread 0x000001b7ccf35120 Exception <a 'java/lang/NoSuchMethodError'{0x00000000c416e528}: 'java.lang.Object java.lang.invoke.Invokers$Holder.linkToTargetMethod(java.lang.Object, long, java.lang.Object)'> (0x00000000c416e528) 
thrown [s\src\hotspot\share\interpreter\linkResolver.cpp, line 759]
Event: 7.394 Thread 0x000001b7ccf35120 Exception <a 'java/lang/IncompatibleClassChangeError'{0x00000000c3f879d8}: Found class java.lang.Object, but interface was expected> (0x00000000c3f879d8) 
thrown [s\src\hotspot\share\interpreter\linkResolver.cpp, line 826]
Event: 8.171 Thread 0x000001b7ccf35120 Exception <a 'sun/nio/fs/WindowsException'{0x00000000c4d3eef0}> (0x00000000c4d3eef0) 
thrown [s\src\hotspot\share\prims\jni.cpp, line 516]
Event: 8.185 Thread 0x000001b7ccf35120 Exception <a 'sun/nio/fs/WindowsException'{0x00000000c4d4c0a8}> (0x00000000c4d4c0a8) 
thrown [s\src\hotspot\share\prims\jni.cpp, line 516]

VM Operations (20 events):
Event: 5.755 Executing VM operation: HandshakeAllThreads
Event: 5.755 Executing VM operation: HandshakeAllThreads done
Event: 5.874 Executing VM operation: G1CollectForAllocation
Event: 5.887 Executing VM operation: G1CollectForAllocation done
Event: 6.058 Executing VM operation: HandshakeAllThreads
Event: 6.058 Executing VM operation: HandshakeAllThreads done
Event: 7.062 Executing VM operation: HandshakeAllThreads
Event: 7.062 Executing VM operation: HandshakeAllThreads done
Event: 7.062 Executing VM operation: Cleanup
Event: 7.062 Executing VM operation: Cleanup done
Event: 7.826 Executing VM operation: G1CollectForAllocation
Event: 7.836 Executing VM operation: G1CollectForAllocation done
Event: 7.849 Executing VM operation: HandshakeAllThreads
Event: 7.849 Executing VM operation: HandshakeAllThreads done
Event: 8.047 Executing VM operation: HandshakeAllThreads
Event: 8.062 Executing VM operation: HandshakeAllThreads done
Event: 9.067 Executing VM operation: Cleanup
Event: 9.070 Executing VM operation: Cleanup done
Event: 9.085 Executing VM operation: HandshakeAllThreads
Event: 9.085 Executing VM operation: HandshakeAllThreads done

Events (20 events):
Event: 0.134 Thread 0x000001b7e84a67d0 Thread added: 0x000001b7e84a67d0
Event: 0.134 Thread 0x000001b7e84bb9a0 Thread added: 0x000001b7e84bb9a0
Event: 0.313 Thread 0x000001b7e857e490 Thread added: 0x000001b7e857e490
Event: 0.395 Thread 0x000001b7ec911eb0 Thread added: 0x000001b7ec911eb0
Event: 0.397 Thread 0x000001b7ec8f5020 Thread added: 0x000001b7ec8f5020
Event: 0.397 Thread 0x000001b7ec8f5500 Thread added: 0x000001b7ec8f5500
Event: 2.076 Loaded shared library C:\Users\ERIN_JAVALead\.jdks\corretto-18.0.2\bin\instrument.dll
Event: 2.141 Thread 0x000001b7ec927ca0 Thread added: 0x000001b7ec927ca0
Event: 2.213 Loaded shared library C:\Users\ERIN_JAVALead\.jdks\corretto-18.0.2\bin\net.dll
Event: 2.218 Loaded shared library C:\Users\ERIN_JAVALead\.jdks\corretto-18.0.2\bin\nio.dll
Event: 2.249 Loaded shared library C:\Users\ERIN_JAVALead\.jdks\corretto-18.0.2\bin\zip.dll
Event: 2.965 Loaded shared library C:\Users\ERIN_JAVALead\.jdks\corretto-18.0.2\bin\jimage.dll
Event: 3.181 Loaded shared library C:\Users\ERIN_JAVALead\.jdks\corretto-18.0.2\bin\verify.dll
Event: 3.282 Thread 0x000001b7ecff7fd0 Thread added: 0x000001b7ecff7fd0
Event: 4.704 Thread 0x000001b7ecff7fd0 Thread exited: 0x000001b7ecff7fd0
Event: 5.482 Thread 0x000001b7ed7723e0 Thread added: 0x000001b7ed7723e0
Event: 5.888 Thread 0x000001b7ed7723e0 Thread exited: 0x000001b7ed7723e0
Event: 7.389 Thread 0x000001b7eded6f00 Thread added: 0x000001b7eded6f00
Event: 8.669 Thread 0x000001b7ee0541c0 Thread added: 0x000001b7ee0541c0
Event: 8.860 Thread 0x000001b7ee0541c0 Thread exited: 0x000001b7ee0541c0


Dynamic libraries:
0x00007ff6b1ba0000 - 0x00007ff6b1bad000 	C:\Users\ERIN_JAVALead\.jdks\corretto-18.0.2\bin\java.exe
0x00007ffc5d2d0000 - 0x00007ffc5d4c8000 	C:\WINDOWS\SYSTEM32\ntdll.dll
0x00007ffc5c180000 - 0x00007ffc5c23d000 	C:\WINDOWS\System32\KERNEL32.DLL
0x00007ffc5af00000 - 0x00007ffc5b1f6000 	C:\WINDOWS\System32\KERNELBASE.dll
0x00007ffc5ae00000 - 0x00007ffc5af00000 	C:\WINDOWS\System32\ucrtbase.dll
0x00007ffc47eb0000 - 0x00007ffc47ec7000 	C:\Users\ERIN_JAVALead\.jdks\corretto-18.0.2\bin\jli.dll
0x00007ffc5d0c0000 - 0x00007ffc5d25e000 	C:\WINDOWS\System32\USER32.dll
0x00007ffc5ad40000 - 0x00007ffc5ad62000 	C:\WINDOWS\System32\win32u.dll
0x00007ffc5b400000 - 0x00007ffc5b42b000 	C:\WINDOWS\System32\GDI32.dll
0x00007ffc5aa00000 - 0x00007ffc5ab17000 	C:\WINDOWS\System32\gdi32full.dll
0x00007ffc5a960000 - 0x00007ffc5a9fd000 	C:\WINDOWS\System32\msvcp_win.dll
0x00007ffc47dc0000 - 0x00007ffc47dd5000 	C:\Users\ERIN_JAVALead\.jdks\corretto-18.0.2\bin\VCRUNTIME140.dll
0x00007ffc44900000 - 0x00007ffc44b9a000 	C:\WINDOWS\WinSxS\amd64_microsoft.windows.common-controls_6595b64144ccf1df_6.0.19041.3636_none_60b6a03d71f818d5\COMCTL32.dll
0x00007ffc5b4f0000 - 0x00007ffc5b58e000 	C:\WINDOWS\System32\msvcrt.dll
0x00007ffc5b6d0000 - 0x00007ffc5b702000 	C:\WINDOWS\System32\IMM32.DLL
0x00007ffc32480000 - 0x00007ffc3251b000 	C:\Users\ERIN_JAVALead\.jdks\corretto-18.0.2\bin\msvcp140.dll
0x00007ffc202c0000 - 0x00007ffc20f31000 	C:\Users\ERIN_JAVALead\.jdks\corretto-18.0.2\bin\server\jvm.dll
0x00007ffc5b430000 - 0x00007ffc5b4e3000 	C:\WINDOWS\System32\ADVAPI32.dll
0x00007ffc5ca20000 - 0x00007ffc5cabf000 	C:\WINDOWS\System32\sechost.dll
0x00007ffc5b5a0000 - 0x00007ffc5b6c6000 	C:\WINDOWS\System32\RPCRT4.dll
0x00007ffc5b200000 - 0x00007ffc5b227000 	C:\WINDOWS\System32\bcrypt.dll
0x00007ffc5baa0000 - 0x00007ffc5baa8000 	C:\WINDOWS\System32\PSAPI.DLL
0x00007ffbdf5a0000 - 0x00007ffbdf5a9000 	C:\WINDOWS\SYSTEM32\WSOCK32.dll
0x00007ffc5c9b0000 - 0x00007ffc5ca1b000 	C:\WINDOWS\System32\WS2_32.dll
0x00007ffc54990000 - 0x00007ffc5499a000 	C:\WINDOWS\SYSTEM32\VERSION.dll
0x00007ffc37f10000 - 0x00007ffc37f37000 	C:\WINDOWS\SYSTEM32\WINMM.dll
0x00007ffc587d0000 - 0x00007ffc587e2000 	C:\WINDOWS\SYSTEM32\kernel.appcore.dll
0x00007ffc55340000 - 0x00007ffc5534a000 	C:\Users\ERIN_JAVALead\.jdks\corretto-18.0.2\bin\jimage.dll
0x00007ffc3c230000 - 0x00007ffc3c414000 	C:\WINDOWS\SYSTEM32\DBGHELP.DLL
0x00007ffc3c1f0000 - 0x00007ffc3c224000 	C:\WINDOWS\SYSTEM32\dbgcore.DLL
0x00007ffc5ad70000 - 0x00007ffc5adf2000 	C:\WINDOWS\System32\bcryptPrimitives.dll
0x00007ffc3ac00000 - 0x00007ffc3ac3a000 	C:\Users\ERIN_JAVALead\.jdks\corretto-18.0.2\bin\jdwp.dll
0x00007ffc3ef60000 - 0x00007ffc3ef6e000 	C:\Users\ERIN_JAVALead\.jdks\corretto-18.0.2\bin\instrument.dll
0x00007ffc47a40000 - 0x00007ffc47a65000 	C:\Users\ERIN_JAVALead\.jdks\corretto-18.0.2\bin\java.dll
0x00007ffc3c470000 - 0x00007ffc3c488000 	C:\Users\ERIN_JAVALead\.jdks\corretto-18.0.2\bin\zip.dll
0x00007ffc32260000 - 0x00007ffc32336000 	C:\Users\ERIN_JAVALead\.jdks\corretto-18.0.2\bin\jsvml.dll
0x00007ffc5c260000 - 0x00007ffc5c9a5000 	C:\WINDOWS\System32\SHELL32.dll
0x00007ffc589d0000 - 0x00007ffc5916c000 	C:\WINDOWS\SYSTEM32\windows.storage.dll
0x00007ffc5cb20000 - 0x00007ffc5ce74000 	C:\WINDOWS\System32\combase.dll
0x00007ffc5a1e0000 - 0x00007ffc5a20e000 	C:\WINDOWS\SYSTEM32\Wldp.dll
0x00007ffc5bc40000 - 0x00007ffc5bd0d000 	C:\WINDOWS\System32\OLEAUT32.dll
0x00007ffc5bb90000 - 0x00007ffc5bc3d000 	C:\WINDOWS\System32\SHCORE.dll
0x00007ffc5b850000 - 0x00007ffc5b8a5000 	C:\WINDOWS\System32\shlwapi.dll
0x00007ffc5a890000 - 0x00007ffc5a8b5000 	C:\WINDOWS\SYSTEM32\profapi.dll
0x00007ffc3ed60000 - 0x00007ffc3ed6c000 	C:\Users\ERIN_JAVALead\.jdks\corretto-18.0.2\bin\dt_socket.dll
0x00007ffc59cd0000 - 0x00007ffc59d0b000 	C:\WINDOWS\SYSTEM32\IPHLPAPI.DLL
0x00007ffc59fc0000 - 0x00007ffc5a02a000 	C:\WINDOWS\system32\mswsock.dll
0x00007ffc47cf0000 - 0x00007ffc47d03000 	C:\Users\ERIN_JAVALead\.jdks\corretto-18.0.2\bin\net.dll
0x00007ffc544a0000 - 0x00007ffc545aa000 	C:\WINDOWS\SYSTEM32\WINHTTP.dll
0x00007ffc3d1c0000 - 0x00007ffc3d1d5000 	C:\Users\ERIN_JAVALead\.jdks\corretto-18.0.2\bin\nio.dll
0x00007ffc49690000 - 0x00007ffc496a0000 	C:\Users\ERIN_JAVALead\.jdks\corretto-18.0.2\bin\verify.dll

dbghelp: loaded successfully - version: 4.0.5 - missing functions: none
symbol engine: initialized successfully - sym options: 0x614 - pdb path: .;C:\Users\ERIN_JAVALead\.jdks\corretto-18.0.2\bin;C:\WINDOWS\SYSTEM32;C:\WINDOWS\WinSxS\amd64_microsoft.windows.common-controls_6595b64144ccf1df_6.0.19041.3636_none_60b6a03d71f818d5;C:\Users\ERIN_JAVALead\.jdks\corretto-18.0.2\bin\server

VM Arguments:
jvm_args: -agentlib:jdwp=transport=dt_socket,address=127.0.0.1:51628,suspend=y,server=n -ea -Didea.test.cyclic.buffer.size=1048576 -javaagent:C:\Users\ERIN_JAVALead\AppData\Local\JetBrains\IdeaIC2021.3\captureAgent\debugger-agent.jar -Dfile.encoding=UTF-8 
java_command: com.intellij.rt.junit.JUnitStarter -ideVersion5 -junit5 com.registry.studentregistration.service.StudentServiceTest,shouldReturnFalseWhenRegisterWithNoFreeSeatsInCourse
java_class_path (initial): C:\Users\ERIN_JAVALead\.m2\repository\org\junit\platform\junit-platform-launcher\1.10.2\junit-platform-launcher-1.10.2.jar;C:\Users\ERIN_JAVALead\.m2\repository\org\junit\vintage\junit-vintage-engine\5.10.2\junit-vintage-engine-5.10.2.jar;C:\Program Files\JetBrains\IntelliJ IDEA Community Edition 2021.3.3\lib\idea_rt.jar;C:\Program Files\JetBrains\IntelliJ IDEA Community Edition 2021.3.3\plugins\junit\lib\junit5-rt.jar;C:\Program Files\JetBrains\IntelliJ IDEA Community Edition 2021.3.3\plugins\junit\lib\junit-rt.jar;C:\Users\ERIN_JAVALead\Downloads\studentregistration\studentregistration\target\test-classes;C:\Users\ERIN_JAVALead\Downloads\studentregistration\studentregistration\target\classes;C:\Users\ERIN_JAVALead\.m2\repository\org\springframework\boot\spring-boot-starter-data-jpa\3.2.3\spring-boot-starter-data-jpa-3.2.3.jar;C:\Users\ERIN_JAVALead\.m2\repository\org\springframework\boot\spring-boot-starter-aop\3.2.3\spring-boot-starter-aop-3.2.3.jar;C:\Users\ERIN_JAVALead\.m2\repository\org\springframework\spring-aop\6.1.4\spring-aop-6.1.4.jar;C:\Users\ERIN_JAVALead\.m2\repository\org\aspectj\aspectjweaver\1.9.21\aspectjweaver-1.9.21.jar;C:\Users\ERIN_JAVALead\.m2\repository\org\springframework\boot\spring-boot-starter-jdbc\3.2.3\spring-boot-starter-jdbc-3.2.3.jar;C:\Users\ERIN_JAVALead\.m2\repository\com\zaxxer\HikariCP\5.0.1\HikariCP-5.0.1.jar;C:\Users\ERIN_JAVALead\.m2\repository\org\springframework\spring-jdbc\6.1.4\spring-jdbc-6.1.4.jar;C:\Users\ERIN_JAVALead\.m2\repository\org\hibernate\orm\hibernate-core\6.4.4.Final\hibernate-core-6.4.4.Final.jar;C:\Users\ERIN_JAVALead\.m2\repository\jakarta\persistence\jakarta.persistence-api\3.1.0\jakarta.persistence-api-3.1.0.jar;C:\Users\ERIN_JAVALead\.m2\repository\jakarta\transaction\jakarta.transaction-api\2.0.1\jakarta.transaction-api-2.0.1.jar;C:\Users\ERIN_JAVALead\.m2\repository\org\jboss\logging\jboss-logging\3.5.3.Final\jboss-logging-3.5.3.Final.jar;C:\Users\ERIN_JAVALead\.m2\repository\org\hibernate\common\hibernate-commons-annotations\6.0.6.Final\hibernate-commons-annotations-6.0.6.Final.jar;C:\Users\ERIN_JAVALead\.m2\repository\io\smallrye\jandex\3.1.2\jandex-3.1.2.jar;C:\Users\ERIN_JAVALead\.m2\repository\com\fasterxml\classmate\1.6.0\classmate-1.6.0.jar;C:\Users\ERIN_JAVALead\.m2\repository\net\bytebuddy\byte-buddy\1.14.12\byte-buddy-1.14.12.jar;C:\Users\ERIN_JAVALead\.m2\repository\org\glassfish\jaxb\jaxb-runtime\4.0.4\jaxb-runtime-4.0.4.jar;C:\Users\ERIN_JAVALead\.m2\repository\org\glassfish\jaxb\jaxb-core\4.0.4\jaxb-core-4.0.4.jar;C:\Users\ERIN_JAVALead\.m2\repository\org\eclipse\angus\angus-activation\2.0.1\angus-activation-2.0.1.jar;C:\Users\ERIN_JAVALead\.m2\repository\org\glassfish\jaxb\txw2\4.0.4\txw2-4.0.4.jar;C:\Users\ERIN_JAVALead\.m2\repository\com\sun\istack\istack-commons-runtime\4.1.2\istack-commons-runtime-4.1.2.jar;C:\Users\ERIN_JAVALead\.m2\repository\jakarta\inject\jakarta.inject-api\2.0.1\jakarta.inject-api-2.0.1.jar;C:\Users\ERIN_JAVALead\.m2\repository\org\antlr\antlr4-runtime\4.13.0\antlr4-runtime-4.13.0.jar;C:\Users\ERIN_JAVALead\.m2\repository\org\springframework\data\spring-data-jpa\3.2.3\spring-data-jpa-3.2.3.jar;C:\Users\ERIN_JAVALead\.m2\repository\org\springframework\data\spring-data-commons\3.2.3\spring-data-commons-3.2.3.jar;C:\Users\ERIN_JAVALead\.m2\repository\org\springframework\spring-orm\6.1.4\spring-orm-6.1.4.jar;C:\Users\ERIN_JAVALead\.m2\repository\org\springframework\spring-context\6.1.4\spring-context-6.1.4.jar;C:\Users\ERIN_JAVALead\.m2\repository\org\springframework\spring-tx\6.1.4\spring-tx-6.1.4.jar;C:\Users\ERIN_JAVALead\.m2\repository\org\springframework\spring-beans\6.1.4\spring-beans-6.1.4.jar;C:\Users\ERIN_JAVALead\.m2\repository\jakarta\annotation\jakarta.annotation-api\2.1.1\jakarta.annotation-api-2.1.1.jar;C:\Users\ERIN_JAVALead\.m2\repository\org\slf4j\slf4j-api\2.0.12\slf4j-api-2.0.12.jar;C:\Users\ERIN_JAVALead\.m2\repository\org\springframework\spring-aspects\6.1.4\spring-aspects-6.1.4.jar;C:\Users\ERIN_JAVALead\.m2\repository\org\springframework\boot\spring-boot-starter-web\2.4.2\spring-boot-starter-web-2.4.2.jar;C:\Users\ERIN_JAVALead\.m2\repository\org\springframework\boot\spring-boot-starter\3.2.3\spring-boot-starter-3.2.3.jar;C:\Users\ERIN_JAVALead\.m2\repository\org\springframework\boot\spring-boot\3.2.3\spring-boot-3.2.3.jar;C:\Users\ERIN_JAVALead\.m2\repository\org\springframework\boot\spring-boot-autoconfigure\3.2.3\spring-boot-autoconfigure-3.2.3.jar;C:\Users\ERIN_JAVALead\.m2\repository\org\springframework\boot\spring-boot-starter-logging\3.2.3\spring-boot-starter-logging-3.2.3.jar;C:\Users\ERIN_JAVALead\.m2\repository\ch\qos\logback\logback-classic\1.4.14\logback-classic-1.4.14.jar;C:\Users\ERIN_JAVALead\.m2\repository\ch\qos\logback\logback-core\1.4.14\logback-core-1.4.14.jar;C:\Users\ERIN_JAVALead\.m2\repository\org\apache\logging\log4j\log4j-to-slf4j\2.21.1\log4j-to-slf4j-2.21.1.jar;C:\Users\ERIN_JAVALead\.m2\repository\org\apache\logging\log4j\log4j-api\2.21.1\log4j-api-2.21.1.jar;C:\Users\ERIN_JAVALead\.m2\repository\org\slf4j\jul-to-slf4j\2.0.12\jul-to-slf4j-2.0.12.jar;C:\Users\ERIN_JAVALead\.m2\repository\org\yaml\snakeyaml\2.2\snakeyaml-2.2.jar;C:\Users\ERIN_JAVALead\.m2\repository\org\springframework\boot\spring-boot-starter-json\3.2.3\spring-boot-starter-json-3.2.3.jar;C:\Users\ERIN_JAVALead\.m2\repository\com\fasterxml\jackson\core\jackson-databind\2.15.4\jackson-databind-2.15.4.jar;C:\Users\ERIN_JAVALead\.m2\repository\com\fasterxml\jackson\core\jackson-annotations\2.15.4\jackson-annotations-2.15.4.jar;C:\Users\ERIN_JAVALead\.m2\repository\com\fasterxml\jackson\core\jackson-core\2.15.4\jackson-core-2.15.4.jar;C:\Users\ERIN_JAVALead\.m2\repository\com\fasterxml\jackson\datatype\jackson-datatype-jdk8\2.15.4\jackson-datatype-jdk8-2.15.4.jar;C:\Users\ERIN_JAVALead\.m2\repository\com\fasterxml\jackson\datatype\jackson-datatype-jsr310\2.15.4\jackson-datatype-jsr310-2.15.4.jar;C:\Users\ERIN_JAVALead\.m2\repository\com\fasterxml\jackson\module\jackson-module-parameter-names\2.15.4\jackson-module-parameter-names-2.15.4.jar;C:\Users\ERIN_JAVALead\.m2\repository\org\springframework\boot\spring-boot-starter-tomcat\3.2.3\spring-boot-starter-tomcat-3.2.3.jar;C:\Users\ERIN_JAVALead\.m2\repository\org\apache\tomcat\embed\tomcat-embed-core\10.1.19\tomcat-embed-core-10.1.19.jar;C:\Users\ERIN_JAVALead\.m2\repository\org\apache\tomcat\embed\tomcat-embed-websocket\10.1.19\tomcat-embed-websocket-10.1.19.jar;C:\Users\ERIN_JAVALead\.m2\repository\org\springframework\spring-web\6.1.4\spring-web-6.1.4.jar;C:\Users\ERIN_JAVALead\.m2\repository\io\micrometer\micrometer-observation\1.12.3\micrometer-observation-1.12.3.jar;C:\Users\ERIN_JAVALead\.m2\repository\io\micrometer\micrometer-commons\1.12.3\micrometer-commons-1.12.3.jar;C:\Users\ERIN_JAVALead\.m2\repository\org\springframework\spring-webmvc\6.1.4\spring-webmvc-6.1.4.jar;C:\Users\ERIN_JAVALead\.m2\repository\org\springframework\spring-expression\6.1.4\spring-expression-6.1.4.jar;C:\Users\ERIN_JAVALead\.m2\repository\org\springframework\boot\spring-boot-starter-validation\3.2.3\spring-boot-starter-validation-3.2.3.jar;C:\Users\ERIN_JAVALead\.m2\repository\org\apache\tomcat\embed\tomcat-embed-el\10.1.19\tomcat-embed-el-10.1.19.jar;C:\Users\ERIN_JAVALead\.m2\repository\org\hibernate\validator\hibernate-validator\8.0.1.Final\hibernate-validator-8.0.1.Final.jar;C:\Users\ERIN_JAVALead\.m2\repository\jakarta\validation\jakarta.validation-api\3.0.2\jakarta.validation-api-3.0.2.jar;C:\Users\ERIN_JAVALead\.m2\repository\org\projectlombok\lombok\1.18.30\lombok-1.18.30.jar;C:\Users\ERIN_JAVALead\.m2\repository\com\microsoft\sqlserver\mssql-jdbc\12.4.2.jre11\mssql-jdbc-12.4.2.jre11.jar;C:\Users\ERIN_JAVALead\.m2\repository\org\springframework\boot\spring-boot-starter-test\3.2.3\spring-boot-starter-test-3.2.3.jar;C:\Users\ERIN_JAVALead\.m2\repository\org\springframework\boot\spring-boot-test\3.2.3\spring-boot-test-3.2.3.jar;C:\Users\ERIN_JAVALead\.m2\repository\org\springframework\boot\spring-boot-test-autoconfigure\3.2.3\spring-boot-test-autoconfigure-3.2.3.jar;C:\Users\ERIN_JAVALead\.m2\repository\com\jayway\jsonpath\json-path\2.9.0\json-path-2.9.0.jar;C:\Users\ERIN_JAVALead\.m2\repository\jakarta\xml\bind\jakarta.xml.bind-api\4.0.1\jakarta.xml.bind-api-4.0.1.jar;C:\Users\ERIN_JAVALead\.m2\repository\jakarta\activation\jakarta.activation-api\2.1.2\jakarta.activation-api-2.1.2.jar;C:\Users\ERIN_JAVALead\.m2\repository\net\minidev\json-smart\2.5.0\json-smart-2.5.0.jar;C:\Users\ERIN_JAVALead\.m2\repository\net\minidev\accessors-smart\2.5.0\accessors-smart-2.5.0.jar;C:\Users\ERIN_JAVALead\.m2\repository\org\ow2\asm\asm\9.3\asm-9.3.jar;C:\Users\ERIN_JAVALead\.m2\repository\org\assertj\assertj-core\3.24.2\assertj-core-3.24.2.jar;C:\Users\ERIN_JAVALead\.m2\repository\org\awaitility\awaitility\4.2.0\awaitility-4.2.0.jar;C:\Users\ERIN_JAVALead\.m2\repository\org\hamcrest\hamcrest\2.2\hamcrest-2.2.jar;C:\Users\ERIN_JAVALead\.m2\repository\org\junit\jupiter\junit-jupiter\5.10.2\junit-jupiter-5.10.2.jar;C:\Users\ERIN_JAVALead\.m2\repository\org\junit\jupiter\junit-jupiter-api\5.10.2\junit-jupiter-api-5.10.2.jar;C:\Users\ERIN_JAVALead\.m2\repository\org\opentest4j\opentest4j\1.3.0\opentest4j-1.3.0.jar;C:\Users\ERIN_JAVALead\.m2\repository\org\junit\platform\junit-platform-commons\1.10.2\junit-platform-commons-1.10.2.jar;C:\Users\ERIN_JAVALead\.m2\repository\org\apiguardian\apiguardian-api\1.1.2\apiguardian-api-1.1.2.jar;C:\Users\ERIN_JAVALead\.m2\repository\org\junit\jupiter\junit-jupiter-params\5.10.2\junit-jupiter-params-5.10.2.jar;C:\Users\ERIN_JAVALead\.m2\repository\org\junit\jupiter\junit-jupiter-engine\5.10.2\junit-jupiter-engine-5.10.2.jar;C:\Users\ERIN_JAVALead\.m2\repository\org\junit\platform\junit-platform-engine\1.10.2\junit-platform-engine-1.10.2.jar;C:\Users\ERIN_JAVALead\.m2\repository\org\mockito\mockito-core\5.7.0\mockito-core-5.7.0.jar;C:\Users\ERIN_JAVALead\.m2\repository\net\bytebuddy\byte-buddy-agent\1.14.12\byte-buddy-agent-1.14.12.jar;C:\Users\ERIN_JAVALead\.m2\repository\org\objenesis\objenesis\3.3\objenesis-3.3.jar;C:\Users\ERIN_JAVALead\.m2\repository\org\mockito\mockito-junit-jupiter\5.7.0\mockito-junit-jupiter-5.7.0.jar;C:\Users\ERIN_JAVALead\.m2\repository\org\skyscreamer\jsonassert\1.5.1\jsonassert-1.5.1.jar;C:\Users\ERIN_JAVALead\.m2\repository\com\vaadin\external\google\android-json\0.0.20131108.vaadin1\android-json-0.0.20131108.vaadin1.jar;C:\Users\ERIN_JAVALead\.m2\repository\org\springframework\spring-core\6.1.4\spring-core-6.1.4.jar;C:\Users\ERIN_JAVALead\.m2\repository\org\springframework\spring-jcl\6.1.4\spring-jcl-6.1.4.jar;C:\Users\ERIN_JAVALead\.m2\repository\org\springframework\spring-test\6.1.4\spring-test-6.1.4.jar;C:\Users\ERIN_JAVALead\.m2\repository\org\xmlunit\xmlunit-core\2.9.1\xmlunit-core-2.9.1.jar;C:\Users\ERIN_JAVALead\.m2\repository\org\mapstruct\mapstruct\1.6.0.Beta1\mapstruct-1.6.0.Beta1.jar;C:\Users\ERIN_JAVALead\.m2\repository\junit\junit\4.13.2\junit-4.13.2.jar;C:\Users\ERIN_JAVALead\.m2\repository\org\hamcrest\hamcrest-core\2.2\hamcrest-core-2.2.jar
Launcher Type: SUN_STANDARD

[Global flags]
     intx CICompilerCount                          = 3                                         {product} {ergonomic}
     uint ConcGCThreads                            = 1                                         {product} {ergonomic}
     uint G1ConcRefinementThreads                  = 4                                         {product} {ergonomic}
   size_t G1HeapRegionSize                         = 1048576                                   {product} {ergonomic}
    uintx GCDrainStackTargetSize                   = 64                                        {product} {ergonomic}
   size_t InitialHeapSize                          = 67108864                                  {product} {ergonomic}
   size_t MarkStackSize                            = 4194304                                   {product} {ergonomic}
   size_t MaxHeapSize                              = 1052770304                                {product} {ergonomic}
   size_t MaxNewSize                               = 631242752                                 {product} {ergonomic}
   size_t MinHeapDeltaBytes                        = 1048576                                   {product} {ergonomic}
   size_t MinHeapSize                              = 8388608                                   {product} {ergonomic}
    uintx NonNMethodCodeHeapSize                   = 5832780                                {pd product} {ergonomic}
    uintx NonProfiledCodeHeapSize                  = 122912730                              {pd product} {ergonomic}
    uintx ProfiledCodeHeapSize                     = 122912730                              {pd product} {ergonomic}
    uintx ReservedCodeCacheSize                    = 251658240                              {pd product} {ergonomic}
     bool SegmentedCodeCache                       = true                                      {product} {ergonomic}
   size_t SoftMaxHeapSize                          = 1052770304                             {manageable} {ergonomic}
     bool UseCompressedClassPointers               = true                           {product lp64_product} {ergonomic}
     bool UseCompressedOops                        = true                           {product lp64_product} {ergonomic}
     bool UseG1GC                                  = true                                      {product} {ergonomic}
     bool UseLargePagesIndividualAllocation        = false                                  {pd product} {ergonomic}

Logging:
Log output configuration:
 #0: stdout all=warning uptime,level,tags foldmultilines=false
 #1: stderr all=off uptime,level,tags foldmultilines=false

Environment Variables:
JAVA_HOME=C:\Program Files\Java\jdk1.8.0_202
PATH=C:\Program Files (x86)\Common Files\Oracle\Java\javapath;C:\WINDOWS\system32;C:\WINDOWS;C:\WINDOWS\System32\Wbem;C:\WINDOWS\System32\WindowsPowerShell\v1.0\;C:\WINDOWS\System32\OpenSSH\;C:\Program Files (x86)\nodejs\;C:\Program Files (x86)\nodejs\npm;C:\Users\ERIN_JAVALead\AppData\Roaming\npm;C:\Program Files\Git\cmd;C:\Program Files (x86)\dotnet\;C:\Program Files (x86)\Microsoft SQL Server\160\DTS\Binn\;C:\Program Files\Azure Data Studio\bin;C:\Program Files (x86)\Microsoft SQL Server\160\Tools\Binn\;C:\Program Files\Microsoft SQL Server\160\Tools\Binn\;C:\Program Files\Microsoft SQL Server\Client SDK\ODBC\170\Tools\Binn\;C:\Program Files\Microsoft SQL Server\160\DTS\Binn\;C:\Program Files\Java\jdk1.8.0_202\bin;C:\Program Files\Java\jdk1.8.0_202\jre\bin;C:\kafkasrc\bin\windows;C:\Program Files\Docker\Docker\resources\bin;C:\Program Files\Docker\Docker;C:\Users\ERIN_JAVALead\AppData\Local\Microsoft\WindowsApps;;C:\Users\ERIN_JAVALead\AppData\Local\Programs\Microsoft VS Code\bin;C:\Users\ERIN_JAVALead\AppData\Roaming\npm;C:\Program Files\Azure Data Studio\bin
USERNAME=ERIN_JAVALead
OS=Windows_NT
PROCESSOR_IDENTIFIER=Intel64 Family 6 Model 78 Stepping 3, GenuineIntel



---------------  S Y S T E M  ---------------

OS:
 Windows 10 , 64 bit Build 19041 (10.0.19041.3636)
OS uptime: 0 days 14:35 hours
Hyper-V role detected

CPU: total 4 (initial active 4) (2 cores per cpu, 2 threads per core) family 6 model 78 stepping 3 microcode 0xcc, cx8, cmov, fxsr, ht, mmx, 3dnowpref, sse, sse2, sse3, ssse3, sse4.1, sse4.2, popcnt, lzcnt, tsc, tscinvbit, avx, avx2, aes, erms, clmul, bmi1, bmi2, adx, fma, vzeroupper, clflush, clflushopt, hv

Memory: 4k page, system-wide physical 4012M (360M free)
TotalPageFile size 6060M (AvailPageFile size 18M)
current process WorkingSet (physical memory assigned to process): 137M, peak: 150M
current process commit charge ("private bytes"): 189M, peak: 206M

vm_info: OpenJDK 64-Bit Server VM (18.0.2+9-FR) for windows-amd64 JRE (18.0.2+9-FR), built on Jul 15 2022 20:03:03 by "Administrator" with MS VC++ 15.9 (VS2017)

END.
