#
# There is insufficient memory for the Java Runtime Environment to continue.
# Native memory allocation (mmap) failed to map 65536 bytes for Failed to commit metaspace.
# Possible reasons:
#   The system is out of physical RAM or swap space
#   The process is running with CompressedOops enabled, and the Java Heap may be blocking the growth of the native heap
# Possible solutions:
#   Reduce memory load on the system
#   Increase physical memory or swap space
#   Check if swap backing store is full
#   Decrease Java heap size (-Xmx/-Xms)
#   Decrease number of Java threads
#   Decrease Java thread stack sizes (-Xss)
#   Set larger code cache with -XX:ReservedCodeCacheSize=
#   JVM is running with Unscaled Compressed Oops mode in which the Java heap is
#     placed in the first 4GB address space. The Java Heap base address is the
#     maximum limit for the native heap growth. Please use -XX:HeapBaseMinAddress
#     to set the Java Heap base and to place the Java Heap above 4GB virtual address.
# This output file may be truncated or incomplete.
#
#  Out of Memory Error (virtualSpaceNode.cpp:110), pid=12020, tid=12336
#
# JRE version: OpenJDK Runtime Environment Corretto-18.0.2.9.1 (18.0.2+9) (build 18.0.2+9-FR)
# Java VM: OpenJDK 64-Bit Server VM Corretto-18.0.2.9.1 (18.0.2+9-FR, mixed mode, sharing, tiered, compressed oops, compressed class ptrs, g1 gc, windows-amd64)
# No core dump will be written. Minidumps are not enabled by default on client versions of Windows
#

---------------  S U M M A R Y ------------

Command Line: -ea -Didea.test.cyclic.buffer.size=1048576 -javaagent:C:\Program Files\JetBrains\IntelliJ IDEA Community Edition 2021.3.3\lib\idea_rt.jar=53113:C:\Program Files\JetBrains\IntelliJ IDEA Community Edition 2021.3.3\bin -Dfile.encoding=UTF-8 com.intellij.rt.junit.JUnitStarter -ideVersion5 -junit5 com.registry.studentregistration.service.StudentServiceTest,shouldReturnFalseWhenRegisterWithNoFreeSeatsInCourse

Host: Intel(R) Core(TM) i3-6006U CPU @ 2.00GHz, 4 cores, 3G,  Windows 10 , 64 bit Build 19041 (10.0.19041.3636)
Time: Fri Mar  1 00:16:39 2024 W. Europe Standard Time elapsed time: 4.079829 seconds (0d 0h 0m 4s)

---------------  T H R E A D  ---------------

Current thread (0x000001e5e9c03e70):  JavaThread "main" [_thread_in_vm, id=12336, stack(0x000000e029a00000,0x000000e029b00000)]

Stack: [0x000000e029a00000,0x000000e029b00000]
Native frames: (J=compiled Java code, j=interpreted, Vv=VM code, C=native code)
V  [jvm.dll+0x685a2a]
V  [jvm.dll+0x82ae8d]
V  [jvm.dll+0x82c75e]
V  [jvm.dll+0x82ce03]
V  [jvm.dll+0x25ef4b]
V  [jvm.dll+0x826bdb]
V  [jvm.dll+0x62d206]
V  [jvm.dll+0x1dd6de]
V  [jvm.dll+0x62fa7e]
V  [jvm.dll+0x62f88e]
V  [jvm.dll+0x62dbc5]
V  [jvm.dll+0x38d249]
V  [jvm.dll+0x1ff789]
V  [jvm.dll+0x54c26e]
V  [jvm.dll+0x7a8aed]
V  [jvm.dll+0x7a8a4a]
V  [jvm.dll+0x424f11]
V  [jvm.dll+0x437ba6]
C  [java.dll+0x1657]

Java frames: (J=compiled Java code, j=interpreted, Vv=VM code)
J 1059  java.lang.ClassLoader.defineClass0(Ljava/lang/ClassLoader;Ljava/lang/Class;Ljava/lang/String;[BIILjava/security/ProtectionDomain;ZILjava/lang/Object;)Ljava/lang/Class; java.base@18.0.2 (0 bytes) @ 0x000001e587b2a011 [0x000001e587b29f20+0x00000000000000f1]
J 1058 c1 java.lang.System$2.defineClass(Ljava/lang/ClassLoader;Ljava/lang/Class;Ljava/lang/String;[BLjava/security/ProtectionDomain;ZILjava/lang/Object;)Ljava/lang/Class; java.base@18.0.2 (21 bytes) @ 0x000001e580787bec [0x000001e580787b40+0x00000000000000ac]
J 1057 c1 java.lang.invoke.MethodHandles$Lookup$ClassDefiner.defineClass(ZLjava/lang/Object;)Ljava/lang/Class; java.base@18.0.2 (97 bytes) @ 0x000001e580787404 [0x000001e580786f20+0x00000000000004e4]
j  java.lang.invoke.MethodHandles$Lookup$ClassDefiner.defineClassAsLookup(Z)Ljava/lang/invoke/MethodHandles$Lookup;+3 java.base@18.0.2
j  java.lang.invoke.MethodHandles$Lookup.defineHiddenClass([BZ[Ljava/lang/invoke/MethodHandles$Lookup$ClassOption;)Ljava/lang/invoke/MethodHandles$Lookup;+65 java.base@18.0.2
J 1103 c1 java.lang.invoke.InnerClassLambdaMetafactory.generateInnerClass()Ljava/lang/Class; java.base@18.0.2 (619 bytes) @ 0x000001e5807a0dd4 [0x000001e58079eda0+0x0000000000002034]
j  java.lang.invoke.InnerClassLambdaMetafactory.spinInnerClass()Ljava/lang/Class;+107 java.base@18.0.2
j  java.lang.invoke.InnerClassLambdaMetafactory.buildCallSite()Ljava/lang/invoke/CallSite;+1 java.base@18.0.2
J 1205 c1 java.lang.invoke.LambdaMetafactory.metafactory(Ljava/lang/invoke/MethodHandles$Lookup;Ljava/lang/String;Ljava/lang/invoke/MethodType;Ljava/lang/invoke/MethodType;Ljava/lang/invoke/MethodHandle;Ljava/lang/invoke/MethodType;)Ljava/lang/invoke/CallSite; java.base@18.0.2 (71 bytes) @ 0x000001e5807e7bdc [0x000001e5807e7720+0x00000000000004bc]
j  java.lang.invoke.LambdaForm$DMH+0x0000000800c3cc00.invokeStatic(Ljava/lang/Object;Ljava/lang/Object;Ljava/lang/Object;Ljava/lang/Object;Ljava/lang/Object;Ljava/lang/Object;Ljava/lang/Object;)Ljava/lang/Object;+27 java.base@18.0.2
J 1196 c1 java.lang.invoke.BootstrapMethodInvoker.invoke(Ljava/lang/Class;Ljava/lang/invoke/MethodHandle;Ljava/lang/String;Ljava/lang/Object;Ljava/lang/Object;Ljava/lang/Class;)Ljava/lang/Object; java.base@18.0.2 (974 bytes) @ 0x000001e5807dd1c4 [0x000001e5807d6aa0+0x0000000000006724]
J 1065 c1 java.lang.invoke.CallSite.makeSite(Ljava/lang/invoke/MethodHandle;Ljava/lang/String;Ljava/lang/invoke/MethodType;Ljava/lang/Object;Ljava/lang/Class;)Ljava/lang/invoke/CallSite; java.base@18.0.2 (91 bytes) @ 0x000001e58078b844 [0x000001e58078b7c0+0x0000000000000084]
J 1064 c1 java.lang.invoke.MethodHandleNatives.linkCallSiteImpl(Ljava/lang/Class;Ljava/lang/invoke/MethodHandle;Ljava/lang/String;Ljava/lang/invoke/MethodType;Ljava/lang/Object;[Ljava/lang/Object;)Ljava/lang/invoke/MemberName; java.base@18.0.2 (44 bytes) @ 0x000001e58078a8ac [0x000001e58078a840+0x000000000000006c]
J 1063 c1 java.lang.invoke.MethodHandleNatives.linkCallSite(Ljava/lang/Object;Ljava/lang/Object;Ljava/lang/Object;Ljava/lang/Object;Ljava/lang/Object;[Ljava/lang/Object;)Ljava/lang/invoke/MemberName; java.base@18.0.2 (65 bytes) @ 0x000001e58078a39c [0x000001e580789f60+0x000000000000043c]
v  ~StubRoutines::call_stub
j  org.junit.jupiter.engine.descriptor.ClassBasedTestDescriptor.invokeAfterAllMethods(Lorg/junit/jupiter/engine/execution/JupiterEngineExecutionContext;)V+39
j  org.junit.jupiter.engine.descriptor.ClassBasedTestDescriptor.after(Lorg/junit/jupiter/engine/execution/JupiterEngineExecutionContext;)V+19
j  org.junit.jupiter.engine.descriptor.ClassBasedTestDescriptor.after(Lorg/junit/platform/engine/support/hierarchical/EngineExecutionContext;)V+5
j  org.junit.platform.engine.support.hierarchical.NodeTestTask.lambda$executeRecursively$7()V+8
j  org.junit.platform.engine.support.hierarchical.NodeTestTask$$Lambda$405+0x0000000800cbb458.execute()V+4
j  org.junit.platform.engine.support.hierarchical.ThrowableCollector.execute(Lorg/junit/platform/engine/support/hierarchical/ThrowableCollector$Executable;)V+1
j  org.junit.platform.engine.support.hierarchical.NodeTestTask.lambda$executeRecursively$8(Lorg/junit/platform/engine/support/hierarchical/EngineExecutionContext;)V+28
j  org.junit.platform.engine.support.hierarchical.NodeTestTask$$Lambda$296+0x0000000800ca7088.invoke(Lorg/junit/platform/engine/support/hierarchical/EngineExecutionContext;)V+5
j  org.junit.platform.engine.support.hierarchical.Node.around(Lorg/junit/platform/engine/support/hierarchical/EngineExecutionContext;Lorg/junit/platform/engine/support/hierarchical/Node$Invocation;)V+2
j  org.junit.platform.engine.support.hierarchical.NodeTestTask.lambda$executeRecursively$9()V+14
j  org.junit.platform.engine.support.hierarchical.NodeTestTask$$Lambda$295+0x0000000800ca6c90.execute()V+4
j  org.junit.platform.engine.support.hierarchical.ThrowableCollector.execute(Lorg/junit/platform/engine/support/hierarchical/ThrowableCollector$Executable;)V+1
j  org.junit.platform.engine.support.hierarchical.NodeTestTask.executeRecursively()V+31
j  org.junit.platform.engine.support.hierarchical.NodeTestTask.execute()V+55
j  org.junit.platform.engine.support.hierarchical.SameThreadHierarchicalTestExecutorService$$Lambda$301+0x0000000800ca7d38.accept(Ljava/lang/Object;)V+4
j  java.util.ArrayList.forEach(Ljava/util/function/Consumer;)V+46 java.base@18.0.2
j  org.junit.platform.engine.support.hierarchical.SameThreadHierarchicalTestExecutorService.invokeAll(Ljava/util/List;)V+6
j  org.junit.platform.engine.support.hierarchical.NodeTestTask.lambda$executeRecursively$6()V+116
j  org.junit.platform.engine.support.hierarchical.NodeTestTask$$Lambda$297+0x0000000800ca7298.execute()V+4
j  org.junit.platform.engine.support.hierarchical.ThrowableCollector.execute(Lorg/junit/platform/engine/support/hierarchical/ThrowableCollector$Executable;)V+1
j  org.junit.platform.engine.support.hierarchical.NodeTestTask.lambda$executeRecursively$8(Lorg/junit/platform/engine/support/hierarchical/EngineExecutionContext;)V+15
j  org.junit.platform.engine.support.hierarchical.NodeTestTask$$Lambda$296+0x0000000800ca7088.invoke(Lorg/junit/platform/engine/support/hierarchical/EngineExecutionContext;)V+5
j  org.junit.platform.engine.support.hierarchical.Node.around(Lorg/junit/platform/engine/support/hierarchical/EngineExecutionContext;Lorg/junit/platform/engine/support/hierarchical/Node$Invocation;)V+2
j  org.junit.platform.engine.support.hierarchical.NodeTestTask.lambda$executeRecursively$9()V+14
j  org.junit.platform.engine.support.hierarchical.NodeTestTask$$Lambda$295+0x0000000800ca6c90.execute()V+4
j  org.junit.platform.engine.support.hierarchical.ThrowableCollector.execute(Lorg/junit/platform/engine/support/hierarchical/ThrowableCollector$Executable;)V+1
j  org.junit.platform.engine.support.hierarchical.NodeTestTask.executeRecursively()V+31
j  org.junit.platform.engine.support.hierarchical.NodeTestTask.execute()V+55
j  org.junit.platform.engine.support.hierarchical.SameThreadHierarchicalTestExecutorService.submit(Lorg/junit/platform/engine/support/hierarchical/HierarchicalTestExecutorService$TestTask;)Ljava/util/concurrent/Future;+1
j  org.junit.platform.engine.support.hierarchical.HierarchicalTestExecutor.execute()Ljava/util/concurrent/Future;+74
j  org.junit.platform.engine.support.hierarchical.HierarchicalTestEngine.execute(Lorg/junit/platform/engine/ExecutionRequest;)V+31
j  org.junit.platform.launcher.core.EngineExecutionOrchestrator.execute(Lorg/junit/platform/engine/TestDescriptor;Lorg/junit/platform/engine/EngineExecutionListener;Lorg/junit/platform/engine/ConfigurationParameters;Lorg/junit/platform/engine/TestEngine;)V+24
j  org.junit.platform.launcher.core.EngineExecutionOrchestrator.execute(Lorg/junit/platform/launcher/core/LauncherDiscoveryResult;Lorg/junit/platform/engine/EngineExecutionListener;)V+115
j  org.junit.platform.launcher.core.EngineExecutionOrchestrator.execute(Lorg/junit/platform/launcher/core/InternalTestPlan;Lorg/junit/platform/engine/EngineExecutionListener;Lorg/junit/platform/launcher/TestExecutionListener;)V+55
j  org.junit.platform.launcher.core.EngineExecutionOrchestrator.lambda$execute$0(Lorg/junit/platform/launcher/core/InternalTestPlan;Lorg/junit/platform/launcher/TestExecutionListener;)V+6
j  org.junit.platform.launcher.core.EngineExecutionOrchestrator$$Lambda$230+0x0000000800c8d228.accept(Ljava/lang/Object;)V+12
j  org.junit.platform.launcher.core.EngineExecutionOrchestrator.withInterceptedStreams(Lorg/junit/platform/engine/ConfigurationParameters;Lorg/junit/platform/launcher/core/ListenerRegistry;Ljava/util/function/Consumer;)V+51
j  org.junit.platform.launcher.core.EngineExecutionOrchestrator.execute(Lorg/junit/platform/launcher/core/InternalTestPlan;[Lorg/junit/platform/launcher/TestExecutionListener;)V+23
j  org.junit.platform.launcher.core.DefaultLauncher.execute(Lorg/junit/platform/launcher/core/InternalTestPlan;[Lorg/junit/platform/launcher/TestExecutionListener;)V+6
j  org.junit.platform.launcher.core.DefaultLauncher.execute(Lorg/junit/platform/launcher/LauncherDiscoveryRequest;[Lorg/junit/platform/launcher/TestExecutionListener;)V+34
j  org.junit.platform.launcher.core.DelegatingLauncher.execute(Lorg/junit/platform/launcher/LauncherDiscoveryRequest;[Lorg/junit/platform/launcher/TestExecutionListener;)V+6
j  org.junit.platform.launcher.core.SessionPerRequestLauncher.execute(Lorg/junit/platform/launcher/LauncherDiscoveryRequest;[Lorg/junit/platform/launcher/TestExecutionListener;)V+13
j  com.intellij.junit5.JUnit5IdeaTestRunner.startRunnerWithArgs([Ljava/lang/String;Ljava/lang/String;IZ)I+202
j  com.intellij.rt.junit.IdeaTestRunner$Repeater$1.execute(Z)I+17
j  com.intellij.rt.execution.junit.TestsRepeater.repeat(IZLcom/intellij/rt/execution/junit/TestsRepeater$TestRun;)I+7
j  com.intellij.rt.junit.IdeaTestRunner$Repeater.startRunnerWithArgs(Lcom/intellij/rt/junit/IdeaTestRunner;[Ljava/lang/String;Ljava/util/ArrayList;Ljava/lang/String;IZ)I+25
j  com.intellij.rt.junit.JUnitStarter.prepareStreamsAndStart([Ljava/lang/String;Ljava/lang/String;Ljava/util/ArrayList;Ljava/lang/String;)I+116
j  com.intellij.rt.junit.JUnitStarter.main([Ljava/lang/String;)V+97
v  ~StubRoutines::call_stub

---------------  P R O C E S S  ---------------

Threads class SMR info:
_java_thread_list=0x000001e5fa53b550, length=13, elements={
0x000001e5e9c03e70, 0x000001e5e9ca17c0, 0x000001e5e9ca2420, 0x000001e5e9cb6e00,
0x000001e5e9cb87b0, 0x000001e5e9cb9150, 0x000001e5e9cb9af0, 0x000001e5e9cba7c0,
0x000001e5f61d2e60, 0x000001e5f61ddc70, 0x000001e5f624b450, 0x000001e5fa4d6e70,
0x000001e5fa53bb50
}

Java Threads: ( => current thread )
=>0x000001e5e9c03e70 JavaThread "main" [_thread_in_vm, id=12336, stack(0x000000e029a00000,0x000000e029b00000)]
  0x000001e5e9ca17c0 JavaThread "Reference Handler" daemon [_thread_blocked, id=12292, stack(0x000000e02a100000,0x000000e02a200000)]
  0x000001e5e9ca2420 JavaThread "Finalizer" daemon [_thread_blocked, id=13016, stack(0x000000e02a200000,0x000000e02a300000)]
  0x000001e5e9cb6e00 JavaThread "Signal Dispatcher" daemon [_thread_blocked, id=7536, stack(0x000000e02a300000,0x000000e02a400000)]
  0x000001e5e9cb87b0 JavaThread "Attach Listener" daemon [_thread_blocked, id=1884, stack(0x000000e02a400000,0x000000e02a500000)]
  0x000001e5e9cb9150 JavaThread "Service Thread" daemon [_thread_blocked, id=7068, stack(0x000000e02a500000,0x000000e02a600000)]
  0x000001e5e9cb9af0 JavaThread "Monitor Deflation Thread" daemon [_thread_blocked, id=2608, stack(0x000000e02a600000,0x000000e02a700000)]
  0x000001e5e9cba7c0 JavaThread "C2 CompilerThread0" daemon [_thread_blocked, id=8808, stack(0x000000e02a700000,0x000000e02a800000)]
  0x000001e5f61d2e60 JavaThread "C1 CompilerThread0" daemon [_thread_blocked, id=13036, stack(0x000000e02a800000,0x000000e02a900000)]
  0x000001e5f61ddc70 JavaThread "Sweeper thread" daemon [_thread_blocked, id=9136, stack(0x000000e02a900000,0x000000e02aa00000)]
  0x000001e5f624b450 JavaThread "Common-Cleaner" daemon [_thread_blocked, id=9532, stack(0x000000e02aa00000,0x000000e02ab00000)]
  0x000001e5fa4d6e70 JavaThread "Monitor Ctrl-Break" daemon [_thread_in_native, id=7280, stack(0x000000e02ab00000,0x000000e02ac00000)]
  0x000001e5fa53bb50 JavaThread "Notification Thread" daemon [_thread_blocked, id=7792, stack(0x000000e02ac00000,0x000000e02ad00000)]

Other Threads:
  0x000001e5e9c9ca00 VMThread "VM Thread" [stack: 0x000000e02a000000,0x000000e02a100000] [id=9468]
  0x000001e5fa4c3000 WatcherThread "VM Periodic Task Thread" [stack: 0x000000e02ad00000,0x000000e02ae00000] [id=8740]
  0x000001e5e9c459a0 WorkerThread "GC Thread#0" [stack: 0x000000e029b00000,0x000000e029c00000] [id=11456]
  0x000001e5fab321d0 WorkerThread "GC Thread#1" [stack: 0x000000e02ae00000,0x000000e02af00000] [id=13024]
  0x000001e5faba8f50 WorkerThread "GC Thread#2" [stack: 0x000000e02af00000,0x000000e02b000000] [id=6220]
  0x000001e5faba91f0 WorkerThread "GC Thread#3" [stack: 0x000000e02b000000,0x000000e02b100000] [id=4676]
  0x000001e5e9c4f660 ConcurrentGCThread "G1 Main Marker" [stack: 0x000000e029c00000,0x000000e029d00000] [id=4016]
  0x000001e5e9c50050 WorkerThread "G1 Conc#0" [stack: 0x000000e029d00000,0x000000e029e00000] [id=9296]
  0x000001e5e9c77200 ConcurrentGCThread "G1 Refine#0" [stack: 0x000000e029e00000,0x000000e029f00000] [id=12200]
  0x000001e5fac6d9c0 ConcurrentGCThread "G1 Refine#1" [stack: 0x000000e02b100000,0x000000e02b200000] [id=8820]
  0x000001e5e9c77b10 ConcurrentGCThread "G1 Service" [stack: 0x000000e029f00000,0x000000e02a000000] [id=6856]

Threads with active compile tasks:

VM state: not at safepoint (normal execution)

VM Mutex/Monitor currently owned by a thread:  ([mutex/lock_event])
[0x000001e5e9bff8d0] Metaspace_lock - owner thread: 0x000001e5e9c03e70

Heap address: 0x00000000c1400000, size: 1004 MB, Compressed Oops mode: 32-bit

CDS archive(s) mapped at: [0x0000000800000000-0x0000000800ba0000-0x0000000800ba0000), size 12189696, SharedBaseAddress: 0x0000000800000000, ArchiveRelocationMode: 0.
Compressed class space mapped at: 0x0000000800c00000-0x0000000840c00000, reserved size: 1073741824
Narrow klass base: 0x0000000800000000, Narrow klass shift: 0, Narrow klass range: 0x100000000

GC Precious Log:
 CardTable entry size: 512
 Card Set container configuration: InlinePtr #cards 5 size 8 Array Of Cards #cards 12 size 40 Howl #buckets 4 coarsen threshold 1843 Howl Bitmap #cards 512 size 80 coarsen threshold 460 Card regions per heap region 1 cards per card region 2048
 CPUs: 4 total, 4 available
 Memory: 4012M
 Large Page Support: Disabled
 NUMA Support: Disabled
 Compressed Oops: Enabled (32-bit)
 Heap Region Size: 1M
 Heap Min Capacity: 8M
 Heap Initial Capacity: 64M
 Heap Max Capacity: 1004M
 Pre-touch: Disabled
 Parallel Workers: 4
 Concurrent Workers: 1
 Concurrent Refinement Workers: 4
 Periodic GC: Disabled

Heap:
 garbage-first heap   total 65536K, used 10683K [0x00000000c1400000, 0x0000000100000000)
  region size 1024K, 5 young (5120K), 1 survivors (1024K)
 Metaspace       used 5521K, committed 5696K, reserved 1114112K
  class space    used 709K, committed 768K, reserved 1048576K

Heap Regions: E=young(eden), S=young(survivor), O=old, HS=humongous(starts), HC=humongous(continues), CS=collection set, F=free, OA=open archive, CA=closed archive, TAMS=top-at-mark-start (previous, next)
|   0|0x00000000c1400000, 0x00000000c1500000, 0x00000000c1500000|100%|HS|  |TAMS 0x00000000c1400000, 0x00000000c1400000| Complete 
|   1|0x00000000c1500000, 0x00000000c1600000, 0x00000000c1600000|100%| O|  |TAMS 0x00000000c1500000, 0x00000000c1500000| Untracked 
|   2|0x00000000c1600000, 0x00000000c1700000, 0x00000000c1700000|100%| O|  |TAMS 0x00000000c1600000, 0x00000000c1600000| Untracked 
|   3|0x00000000c1700000, 0x00000000c1800000, 0x00000000c1800000|100%| O|  |TAMS 0x00000000c1700000, 0x00000000c1700000| Untracked 
|   4|0x00000000c1800000, 0x00000000c1900000, 0x00000000c1900000|100%| O|  |TAMS 0x00000000c1800000, 0x00000000c1800000| Untracked 
|   5|0x00000000c1900000, 0x00000000c1a00000, 0x00000000c1a00000|100%| O|  |TAMS 0x00000000c1900000, 0x00000000c1900000| Untracked 
|   6|0x00000000c1a00000, 0x00000000c1aec400, 0x00000000c1b00000| 92%| O|  |TAMS 0x00000000c1a00000, 0x00000000c1a00000| Untracked 
|   7|0x00000000c1b00000, 0x00000000c1b00000, 0x00000000c1c00000|  0%| F|  |TAMS 0x00000000c1b00000, 0x00000000c1b00000| Untracked 
|   8|0x00000000c1c00000, 0x00000000c1c00000, 0x00000000c1d00000|  0%| F|  |TAMS 0x00000000c1c00000, 0x00000000c1c00000| Untracked 
|   9|0x00000000c1d00000, 0x00000000c1d00000, 0x00000000c1e00000|  0%| F|  |TAMS 0x00000000c1d00000, 0x00000000c1d00000| Untracked 
|  10|0x00000000c1e00000, 0x00000000c1e00000, 0x00000000c1f00000|  0%| F|  |TAMS 0x00000000c1e00000, 0x00000000c1e00000| Untracked 
|  11|0x00000000c1f00000, 0x00000000c1f00000, 0x00000000c2000000|  0%| F|  |TAMS 0x00000000c1f00000, 0x00000000c1f00000| Untracked 
|  12|0x00000000c2000000, 0x00000000c2000000, 0x00000000c2100000|  0%| F|  |TAMS 0x00000000c2000000, 0x00000000c2000000| Untracked 
|  13|0x00000000c2100000, 0x00000000c2100000, 0x00000000c2200000|  0%| F|  |TAMS 0x00000000c2100000, 0x00000000c2100000| Untracked 
|  14|0x00000000c2200000, 0x00000000c2200000, 0x00000000c2300000|  0%| F|  |TAMS 0x00000000c2200000, 0x00000000c2200000| Untracked 
|  15|0x00000000c2300000, 0x00000000c2300000, 0x00000000c2400000|  0%| F|  |TAMS 0x00000000c2300000, 0x00000000c2300000| Untracked 
|  16|0x00000000c2400000, 0x00000000c2400000, 0x00000000c2500000|  0%| F|  |TAMS 0x00000000c2400000, 0x00000000c2400000| Untracked 
|  17|0x00000000c2500000, 0x00000000c2500000, 0x00000000c2600000|  0%| F|  |TAMS 0x00000000c2500000, 0x00000000c2500000| Untracked 
|  18|0x00000000c2600000, 0x00000000c2600000, 0x00000000c2700000|  0%| F|  |TAMS 0x00000000c2600000, 0x00000000c2600000| Untracked 
|  19|0x00000000c2700000, 0x00000000c2700000, 0x00000000c2800000|  0%| F|  |TAMS 0x00000000c2700000, 0x00000000c2700000| Untracked 
|  20|0x00000000c2800000, 0x00000000c2800000, 0x00000000c2900000|  0%| F|  |TAMS 0x00000000c2800000, 0x00000000c2800000| Untracked 
|  21|0x00000000c2900000, 0x00000000c2900000, 0x00000000c2a00000|  0%| F|  |TAMS 0x00000000c2900000, 0x00000000c2900000| Untracked 
|  22|0x00000000c2a00000, 0x00000000c2a00000, 0x00000000c2b00000|  0%| F|  |TAMS 0x00000000c2a00000, 0x00000000c2a00000| Untracked 
|  23|0x00000000c2b00000, 0x00000000c2b00000, 0x00000000c2c00000|  0%| F|  |TAMS 0x00000000c2b00000, 0x00000000c2b00000| Untracked 
|  24|0x00000000c2c00000, 0x00000000c2c00000, 0x00000000c2d00000|  0%| F|  |TAMS 0x00000000c2c00000, 0x00000000c2c00000| Untracked 
|  25|0x00000000c2d00000, 0x00000000c2d00000, 0x00000000c2e00000|  0%| F|  |TAMS 0x00000000c2d00000, 0x00000000c2d00000| Untracked 
|  26|0x00000000c2e00000, 0x00000000c2e00000, 0x00000000c2f00000|  0%| F|  |TAMS 0x00000000c2e00000, 0x00000000c2e00000| Untracked 
|  27|0x00000000c2f00000, 0x00000000c2f00000, 0x00000000c3000000|  0%| F|  |TAMS 0x00000000c2f00000, 0x00000000c2f00000| Untracked 
|  28|0x00000000c3000000, 0x00000000c3000000, 0x00000000c3100000|  0%| F|  |TAMS 0x00000000c3000000, 0x00000000c3000000| Untracked 
|  29|0x00000000c3100000, 0x00000000c3100000, 0x00000000c3200000|  0%| F|  |TAMS 0x00000000c3100000, 0x00000000c3100000| Untracked 
|  30|0x00000000c3200000, 0x00000000c3200000, 0x00000000c3300000|  0%| F|  |TAMS 0x00000000c3200000, 0x00000000c3200000| Untracked 
|  31|0x00000000c3300000, 0x00000000c3300000, 0x00000000c3400000|  0%| F|  |TAMS 0x00000000c3300000, 0x00000000c3300000| Untracked 
|  32|0x00000000c3400000, 0x00000000c3400000, 0x00000000c3500000|  0%| F|  |TAMS 0x00000000c3400000, 0x00000000c3400000| Untracked 
|  33|0x00000000c3500000, 0x00000000c3500000, 0x00000000c3600000|  0%| F|  |TAMS 0x00000000c3500000, 0x00000000c3500000| Untracked 
|  34|0x00000000c3600000, 0x00000000c3600000, 0x00000000c3700000|  0%| F|  |TAMS 0x00000000c3600000, 0x00000000c3600000| Untracked 
|  35|0x00000000c3700000, 0x00000000c3700000, 0x00000000c3800000|  0%| F|  |TAMS 0x00000000c3700000, 0x00000000c3700000| Untracked 
|  36|0x00000000c3800000, 0x00000000c3800000, 0x00000000c3900000|  0%| F|  |TAMS 0x00000000c3800000, 0x00000000c3800000| Untracked 
|  37|0x00000000c3900000, 0x00000000c3900000, 0x00000000c3a00000|  0%| F|  |TAMS 0x00000000c3900000, 0x00000000c3900000| Untracked 
|  38|0x00000000c3a00000, 0x00000000c3a00000, 0x00000000c3b00000|  0%| F|  |TAMS 0x00000000c3a00000, 0x00000000c3a00000| Untracked 
|  39|0x00000000c3b00000, 0x00000000c3b00000, 0x00000000c3c00000|  0%| F|  |TAMS 0x00000000c3b00000, 0x00000000c3b00000| Untracked 
|  40|0x00000000c3c00000, 0x00000000c3c00000, 0x00000000c3d00000|  0%| F|  |TAMS 0x00000000c3c00000, 0x00000000c3c00000| Untracked 
|  41|0x00000000c3d00000, 0x00000000c3d00000, 0x00000000c3e00000|  0%| F|  |TAMS 0x00000000c3d00000, 0x00000000c3d00000| Untracked 
|  42|0x00000000c3e00000, 0x00000000c3e00000, 0x00000000c3f00000|  0%| F|  |TAMS 0x00000000c3e00000, 0x00000000c3e00000| Untracked 
|  43|0x00000000c3f00000, 0x00000000c3f00000, 0x00000000c4000000|  0%| F|  |TAMS 0x00000000c3f00000, 0x00000000c3f00000| Untracked 
|  44|0x00000000c4000000, 0x00000000c4000000, 0x00000000c4100000|  0%| F|  |TAMS 0x00000000c4000000, 0x00000000c4000000| Untracked 
|  45|0x00000000c4100000, 0x00000000c4100000, 0x00000000c4200000|  0%| F|  |TAMS 0x00000000c4100000, 0x00000000c4100000| Untracked 
|  46|0x00000000c4200000, 0x00000000c4200000, 0x00000000c4300000|  0%| F|  |TAMS 0x00000000c4200000, 0x00000000c4200000| Untracked 
|  47|0x00000000c4300000, 0x00000000c4300000, 0x00000000c4400000|  0%| F|  |TAMS 0x00000000c4300000, 0x00000000c4300000| Untracked 
|  48|0x00000000c4400000, 0x00000000c4400000, 0x00000000c4500000|  0%| F|  |TAMS 0x00000000c4400000, 0x00000000c4400000| Untracked 
|  49|0x00000000c4500000, 0x00000000c4500000, 0x00000000c4600000|  0%| F|  |TAMS 0x00000000c4500000, 0x00000000c4500000| Untracked 
|  50|0x00000000c4600000, 0x00000000c4600000, 0x00000000c4700000|  0%| F|  |TAMS 0x00000000c4600000, 0x00000000c4600000| Untracked 
|  51|0x00000000c4700000, 0x00000000c4700000, 0x00000000c4800000|  0%| F|  |TAMS 0x00000000c4700000, 0x00000000c4700000| Untracked 
|  52|0x00000000c4800000, 0x00000000c4800000, 0x00000000c4900000|  0%| F|  |TAMS 0x00000000c4800000, 0x00000000c4800000| Untracked 
|  53|0x00000000c4900000, 0x00000000c4900000, 0x00000000c4a00000|  0%| F|  |TAMS 0x00000000c4900000, 0x00000000c4900000| Untracked 
|  54|0x00000000c4a00000, 0x00000000c4a00000, 0x00000000c4b00000|  0%| F|  |TAMS 0x00000000c4a00000, 0x00000000c4a00000| Untracked 
|  55|0x00000000c4b00000, 0x00000000c4b82aa0, 0x00000000c4c00000| 51%| S|CS|TAMS 0x00000000c4b00000, 0x00000000c4b00000| Complete 
|  56|0x00000000c4c00000, 0x00000000c4c00000, 0x00000000c4d00000|  0%| F|  |TAMS 0x00000000c4c00000, 0x00000000c4c00000| Untracked 
|  57|0x00000000c4d00000, 0x00000000c4d00000, 0x00000000c4e00000|  0%| F|  |TAMS 0x00000000c4d00000, 0x00000000c4d00000| Untracked 
|  58|0x00000000c4e00000, 0x00000000c4e00000, 0x00000000c4f00000|  0%| F|  |TAMS 0x00000000c4e00000, 0x00000000c4e00000| Untracked 
|  59|0x00000000c4f00000, 0x00000000c4f00000, 0x00000000c5000000|  0%| F|  |TAMS 0x00000000c4f00000, 0x00000000c4f00000| Untracked 
|  60|0x00000000c5000000, 0x00000000c50af710, 0x00000000c5100000| 68%| E|  |TAMS 0x00000000c5000000, 0x00000000c5000000| Complete 
|  61|0x00000000c5100000, 0x00000000c5200000, 0x00000000c5200000|100%| E|CS|TAMS 0x00000000c5100000, 0x00000000c5100000| Complete 
|  62|0x00000000c5200000, 0x00000000c5300000, 0x00000000c5300000|100%| E|CS|TAMS 0x00000000c5200000, 0x00000000c5200000| Complete 
|  63|0x00000000c5300000, 0x00000000c5400000, 0x00000000c5400000|100%| E|CS|TAMS 0x00000000c5300000, 0x00000000c5300000| Complete 

Card table byte_map: [0x000001e5f19c0000,0x000001e5f1bc0000] _byte_map_base: 0x000001e5f13b6000

Marking Bits (Prev, Next): (CMBitMap*) 0x000001e5e9c46fb0, (CMBitMap*) 0x000001e5e9c46ff0
 Prev Bits: [0x000001e5f1dc0000, 0x000001e5f2d70000)
 Next Bits: [0x000001e5f2d70000, 0x000001e5f3d20000)

Polling page: 0x000001e5e7b20000

Metaspace:

Usage:
  Non-class:      4.70 MB used.
      Class:    709.82 KB used.
       Both:      5.39 MB used.

Virtual space:
  Non-class space:       64.00 MB reserved,       4.81 MB (  8%) committed,  1 nodes.
      Class space:        1.00 GB reserved,     768.00 KB ( <1%) committed,  1 nodes.
             Both:        1.06 GB reserved,       5.56 MB ( <1%) committed. 

Chunk freelists:
   Non-Class:  1.86 MB
       Class:  3.23 MB
        Both:  5.09 MB

MaxMetaspaceSize: unlimited
CompressedClassSpaceSize: 1.00 GB
Initial GC threshold: 21.00 MB
Current GC threshold: 21.00 MB
CDS: on
MetaspaceReclaimPolicy: balanced
 - commit_granule_bytes: 65536.
 - commit_granule_words: 8192.
 - virtual_space_node_default_size: 8388608.
 - enlarge_chunks_in_place: 1.
 - new_chunks_are_fully_committed: 0.
 - uncommit_free_chunks: 1.
 - use_allocation_guard: 0.


Internal statistics:

num_allocs_failed_limit: 0.
num_arena_births: 110.
num_arena_deaths: 0.
num_vsnodes_births: 2.
num_vsnodes_deaths: 0.
num_space_committed: 89.
num_space_uncommitted: 0.
num_chunks_returned_to_freelist: 0.
num_chunks_taken_from_freelist: 290.
num_chunk_merges: 0.
num_chunk_splits: 155.
num_chunks_enlarged: 97.
num_inconsistent_stats: 0.

CodeHeap 'non-profiled nmethods': size=120000Kb used=408Kb max_used=408Kb free=119591Kb
 bounds [0x000001e587ad0000, 0x000001e587d40000, 0x000001e58f000000]
CodeHeap 'profiled nmethods': size=120000Kb used=2422Kb max_used=2422Kb free=117577Kb
 bounds [0x000001e5805a0000, 0x000001e580810000, 0x000001e587ad0000]
CodeHeap 'non-nmethods': size=5760Kb used=1164Kb max_used=1189Kb free=4595Kb
 bounds [0x000001e580000000, 0x000001e580270000, 0x000001e5805a0000]
 total_blobs=1695 nmethods=1248 adapters=360
 compilation: enabled
              stopped_count=0, restarted_count=0
 full_count=0

Compilation events (20 events):
Event: 4.054 Thread 0x000001e5f61d2e60 1239       3       java.util.stream.AbstractPipeline::evaluate (94 bytes)
Event: 4.055 Thread 0x000001e5f61d2e60 nmethod 1239 0x000001e5807f9f10 code [0x000001e5807fa140, 0x000001e5807fa7e8]
Event: 4.055 Thread 0x000001e5f61d2e60 1240       1       java.util.stream.MatchOps$BooleanTerminalSink::cancellationRequested (5 bytes)
Event: 4.055 Thread 0x000001e5f61d2e60 nmethod 1240 0x000001e587b35c10 code [0x000001e587b35da0, 0x000001e587b35e78]
Event: 4.058 Thread 0x000001e5f61d2e60 1241       3       java.lang.CharacterData::of (136 bytes)
Event: 4.058 Thread 0x000001e5f61d2e60 nmethod 1241 0x000001e5807faa10 code [0x000001e5807fac40, 0x000001e5807fb538]
Event: 4.060 Thread 0x000001e5f61d2e60 1242       3       java.util.regex.Pattern::next (33 bytes)
Event: 4.061 Thread 0x000001e5f61d2e60 nmethod 1242 0x000001e5807fb790 code [0x000001e5807fb940, 0x000001e5807fbba8]
Event: 4.061 Thread 0x000001e5f61d2e60 1243       3       java.util.regex.Pattern$Node::<init> (12 bytes)
Event: 4.061 Thread 0x000001e5f61d2e60 nmethod 1243 0x000001e5807fbd10 code [0x000001e5807fbec0, 0x000001e5807fc098]
Event: 4.061 Thread 0x000001e5f61d2e60 1244       3       java.util.regex.Pattern::append (43 bytes)
Event: 4.062 Thread 0x000001e5f61d2e60 nmethod 1244 0x000001e5807fc190 code [0x000001e5807fc360, 0x000001e5807fc758]
Event: 4.062 Thread 0x000001e5f61d2e60 1245       3       java.util.regex.ASCII::toLower (16 bytes)
Event: 4.062 Thread 0x000001e5f61d2e60 nmethod 1245 0x000001e5807fc910 code [0x000001e5807fcaa0, 0x000001e5807fcc98]
Event: 4.062 Thread 0x000001e5f61d2e60 1246       3       java.util.regex.ASCII::isUpper (18 bytes)
Event: 4.062 Thread 0x000001e5f61d2e60 nmethod 1246 0x000001e5807fcd90 code [0x000001e5807fcf20, 0x000001e5807fd078]
Event: 4.062 Thread 0x000001e5f61d2e60 1247       3       java.util.regex.Pattern$SliceI::match (96 bytes)
Event: 4.063 Thread 0x000001e5f61d2e60 nmethod 1247 0x000001e5807fd110 code [0x000001e5807fd300, 0x000001e5807fd958]
Event: 4.070 Thread 0x000001e5e9cba7c0 1248       4       com.intellij.rt.execution.junit.MapSerializerUtil$1::escape (124 bytes)
Event: 4.072 Thread 0x000001e5e9cba7c0 nmethod 1248 0x000001e587b35f10 code [0x000001e587b36080, 0x000001e587b36238]

GC Heap History (4 events):
Event: 1.926 GC heap before
{Heap before GC invocations=0 (full 0):
 garbage-first heap   total 65536K, used 13312K [0x00000000c1400000, 0x0000000100000000)
  region size 1024K, 13 young (13312K), 0 survivors (0K)
 Metaspace       used 2875K, committed 3008K, reserved 1114112K
  class space    used 274K, committed 320K, reserved 1048576K
}
Event: 1.987 GC heap after
{Heap after GC invocations=1 (full 0):
 garbage-first heap   total 65536K, used 7059K [0x00000000c1400000, 0x0000000100000000)
  region size 1024K, 2 young (2048K), 2 survivors (2048K)
 Metaspace       used 2875K, committed 3008K, reserved 1114112K
  class space    used 274K, committed 320K, reserved 1048576K
}
Event: 2.879 GC heap before
{Heap before GC invocations=1 (full 0):
 garbage-first heap   total 65536K, used 15251K [0x00000000c1400000, 0x0000000100000000)
  region size 1024K, 10 young (10240K), 2 survivors (2048K)
 Metaspace       used 4757K, committed 4992K, reserved 1114112K
  class space    used 563K, committed 704K, reserved 1048576K
}
Event: 2.887 GC heap after
{Heap after GC invocations=2 (full 0):
 garbage-first heap   total 65536K, used 7611K [0x00000000c1400000, 0x0000000100000000)
  region size 1024K, 1 young (1024K), 1 survivors (1024K)
 Metaspace       used 4757K, committed 4992K, reserved 1114112K
  class space    used 563K, committed 704K, reserved 1048576K
}

Deoptimization events (20 events):
Event: 2.725 Thread 0x000001e5e9c03e70 DEOPT PACKING pc=0x000001e587b29b48 sp=0x000000e029afdbc0
Event: 2.725 Thread 0x000001e5e9c03e70 DEOPT UNPACKING pc=0x000001e5800523a3 sp=0x000000e029afdb48 mode 2
Event: 2.890 Thread 0x000001e5e9c03e70 DEOPT PACKING pc=0x000001e58067b201 sp=0x000000e029afb6f0
Event: 2.890 Thread 0x000001e5e9c03e70 DEOPT UNPACKING pc=0x000001e580052b43 sp=0x000000e029afabf8 mode 0
Event: 3.991 Thread 0x000001e5e9c03e70 Uncommon trap: trap_request=0xffffff45 fr.pc=0x000001e587b1a3c8 relative=0x0000000000000048
Event: 3.991 Thread 0x000001e5e9c03e70 Uncommon trap: reason=unstable_if action=reinterpret pc=0x000001e587b1a3c8 method=java.lang.CharacterData.of(I)Ljava/lang/CharacterData; @ 4 c2
Event: 3.991 Thread 0x000001e5e9c03e70 DEOPT PACKING pc=0x000001e587b1a3c8 sp=0x000000e029afbc20
Event: 3.991 Thread 0x000001e5e9c03e70 DEOPT UNPACKING pc=0x000001e5800523a3 sp=0x000000e029afbbc0 mode 2
Event: 3.992 Thread 0x000001e5e9c03e70 Uncommon trap: trap_request=0xffffff45 fr.pc=0x000001e587ad5b5c relative=0x000000000000005c
Event: 3.992 Thread 0x000001e5e9c03e70 Uncommon trap: reason=unstable_if action=reinterpret pc=0x000001e587ad5b5c method=java.lang.String.isLatin1()Z @ 10 c2
Event: 3.992 Thread 0x000001e5e9c03e70 DEOPT PACKING pc=0x000001e587ad5b5c sp=0x000000e029afaf60
Event: 3.992 Thread 0x000001e5e9c03e70 DEOPT UNPACKING pc=0x000001e5800523a3 sp=0x000000e029afaef0 mode 2
Event: 3.998 Thread 0x000001e5e9c03e70 Uncommon trap: trap_request=0xffffff45 fr.pc=0x000001e587ad98bc relative=0x000000000000009c
Event: 3.998 Thread 0x000001e5e9c03e70 Uncommon trap: reason=unstable_if action=reinterpret pc=0x000001e587ad98bc method=java.lang.String.isLatin1()Z @ 10 c2
Event: 3.998 Thread 0x000001e5e9c03e70 DEOPT PACKING pc=0x000001e587ad98bc sp=0x000000e029afc4e0
Event: 3.998 Thread 0x000001e5e9c03e70 DEOPT UNPACKING pc=0x000001e5800523a3 sp=0x000000e029afc410 mode 2
Event: 4.070 Thread 0x000001e5e9c03e70 Uncommon trap: trap_request=0xffffff45 fr.pc=0x000001e587b319f8 relative=0x0000000000000158
Event: 4.070 Thread 0x000001e5e9c03e70 Uncommon trap: reason=unstable_if action=reinterpret pc=0x000001e587b319f8 method=com.intellij.rt.execution.junit.MapSerializerUtil$1.escape(C)C @ 1 c2
Event: 4.070 Thread 0x000001e5e9c03e70 DEOPT PACKING pc=0x000001e587b319f8 sp=0x000000e029afd3e0
Event: 4.070 Thread 0x000001e5e9c03e70 DEOPT UNPACKING pc=0x000001e5800523a3 sp=0x000000e029afd370 mode 2

Classes loaded (20 events):
Event: 4.044 Loading class java/util/Collections$ReverseComparator2
Event: 4.044 Loading class java/util/Collections$ReverseComparator2 done
Event: 4.055 Loading class java/util/AbstractList$RandomAccessSubList
Event: 4.055 Loading class java/util/AbstractList$SubList
Event: 4.055 Loading class java/util/AbstractList$SubList done
Event: 4.055 Loading class java/util/AbstractList$RandomAccessSubList done
Event: 4.056 Loading class java/util/AbstractList$SubList$1
Event: 4.056 Loading class java/util/AbstractList$SubList$1 done
Event: 4.056 Loading class java/util/AbstractList$ListItr
Event: 4.056 Loading class java/util/AbstractList$Itr
Event: 4.056 Loading class java/util/AbstractList$Itr done
Event: 4.056 Loading class java/util/AbstractList$ListItr done
Event: 4.060 Loading class java/util/regex/Pattern$SliceI
Event: 4.060 Loading class java/util/regex/Pattern$SliceI done
Event: 4.063 Loading class java/io/PrintWriter
Event: 4.064 Loading class java/io/PrintWriter done
Event: 4.064 Loading class java/lang/Throwable$WrappedPrintWriter
Event: 4.064 Loading class java/lang/Throwable$PrintStreamOrWriter
Event: 4.064 Loading class java/lang/Throwable$PrintStreamOrWriter done
Event: 4.064 Loading class java/lang/Throwable$WrappedPrintWriter done

Classes unloaded (0 events):
No events

Classes redefined (0 events):
No events

Internal exceptions (20 events):
Event: 2.522 Thread 0x000001e5e9c03e70 Exception <a 'java/lang/NoSuchMethodError'{0x00000000c4f9ca20}: 'java.lang.Object java.lang.invoke.DirectMethodHandle$Holder.invokeSpecialIFC(java.lang.Object, java.lang.Object, java.lang.Object, java.lang.Object)'> (0x00000000c4f9ca20) 
thrown [s\src\hotspot\share\interpreter\linkResolver.cpp, line 759]
Event: 2.532 Thread 0x000001e5e9c03e70 Exception <a 'java/lang/NoSuchMethodError'{0x00000000c4fb6088}: 'java.lang.Object java.lang.invoke.DirectMethodHandle$Holder.invokeInterface(java.lang.Object, java.lang.Object, java.lang.Object)'> (0x00000000c4fb6088) 
thrown [s\src\hotspot\share\interpreter\linkResolver.cpp, line 759]
Event: 2.536 Thread 0x000001e5e9c03e70 Exception <a 'java/lang/NoSuchMethodError'{0x00000000c4fc5328}: 'void java.lang.invoke.DirectMethodHandle$Holder.invokeSpecial(java.lang.Object, java.lang.Object, java.lang.Object)'> (0x00000000c4fc5328) 
thrown [s\src\hotspot\share\interpreter\linkResolver.cpp, line 759]
Event: 2.564 Thread 0x000001e5e9c03e70 Exception <a 'java/lang/NoSuchMethodError'{0x00000000c4e0f780}: 'void java.lang.invoke.DirectMethodHandle$Holder.invokeInterface(java.lang.Object, java.lang.Object, java.lang.Object, java.lang.Object, java.lang.Object)'> (0x00000000c4e0f780) 
thrown [s\src\hotspot\share\interpreter\linkResolver.cpp, line 759]
Event: 2.566 Thread 0x000001e5e9c03e70 Exception <a 'java/lang/IncompatibleClassChangeError'{0x00000000c4e136f0}: Found class java.lang.Object, but interface was expected> (0x00000000c4e136f0) 
thrown [s\src\hotspot\share\interpreter\linkResolver.cpp, line 826]
Event: 2.598 Thread 0x000001e5e9c03e70 Exception <a 'java/lang/NoSuchMethodError'{0x00000000c4e669f0}: 'java.lang.Object java.lang.invoke.DirectMethodHandle$Holder.invokeStatic(java.lang.Object, java.lang.Object, int)'> (0x00000000c4e669f0) 
thrown [s\src\hotspot\share\interpreter\linkResolver.cpp, line 759]
Event: 2.668 Thread 0x000001e5e9c03e70 Exception <a 'java/lang/NoSuchMethodError'{0x00000000c4ebbbe8}: 'void java.lang.invoke.DirectMethodHandle$Holder.invokeSpecial(java.lang.Object, java.lang.Object, java.lang.Object, java.lang.Object, java.lang.Object)'> (0x00000000c4ebbbe8) 
thrown [s\src\hotspot\share\interpreter\linkResolver.cpp, line 759]
Event: 2.703 Thread 0x000001e5e9c03e70 Exception <a 'java/lang/NoSuchMethodError'{0x00000000c4d0a788}: 'void java.lang.invoke.DirectMethodHandle$Holder.invokeInterface(java.lang.Object, java.lang.Object, java.lang.Object, java.lang.Object)'> (0x00000000c4d0a788) 
thrown [s\src\hotspot\share\interpreter\linkResolver.cpp, line 759]
Event: 2.703 Thread 0x000001e5e9c03e70 Exception <a 'java/lang/IncompatibleClassChangeError'{0x00000000c4d0ded0}: Found class java.lang.Object, but interface was expected> (0x00000000c4d0ded0) 
thrown [s\src\hotspot\share\interpreter\linkResolver.cpp, line 826]
Event: 2.713 Thread 0x000001e5e9c03e70 Exception <a 'java/lang/NoSuchMethodError'{0x00000000c4d2cac8}: 'void java.lang.invoke.DirectMethodHandle$Holder.invokeStatic(java.lang.Object, java.lang.Object, java.lang.Object, java.lang.Object)'> (0x00000000c4d2cac8) 
thrown [s\src\hotspot\share\interpreter\linkResolver.cpp, line 759]
Event: 2.827 Thread 0x000001e5e9c03e70 Exception <a 'java/lang/NoSuchMethodError'{0x00000000c4c50520}: 'int java.lang.invoke.DirectMethodHandle$Holder.invokeStatic(java.lang.Object, java.lang.Object, java.lang.Object, java.lang.Object, java.lang.Object)'> (0x00000000c4c50520) 
thrown [s\src\hotspot\share\interpreter\linkResolver.cpp, line 759]
Event: 2.859 Thread 0x000001e5e9c03e70 Exception <a 'java/lang/NoSuchMethodError'{0x00000000c4c9d5c8}: 'void java.lang.invoke.DirectMethodHandle$Holder.invokeStaticInit(java.lang.Object)'> (0x00000000c4c9d5c8) 
thrown [s\src\hotspot\share\interpreter\linkResolver.cpp, line 759]
Event: 2.909 Thread 0x000001e5e9c03e70 Exception <a 'java/lang/NoSuchMethodError'{0x00000000c5365d00}: 'void java.lang.invoke.DirectMethodHandle$Holder.invokeStaticInit(java.lang.Object, java.lang.Object, java.lang.Object, java.lang.Object)'> (0x00000000c5365d00) 
thrown [s\src\hotspot\share\interpreter\linkResolver.cpp, line 759]
Event: 2.927 Thread 0x000001e5e9c03e70 Exception <a 'java/lang/NoSuchMethodError'{0x00000000c53bb680}: 'int java.lang.invoke.DirectMethodHandle$Holder.invokeStaticInit(java.lang.Object, java.lang.Object)'> (0x00000000c53bb680) 
thrown [s\src\hotspot\share\interpreter\linkResolver.cpp, line 759]
Event: 3.922 Thread 0x000001e5e9c03e70 Exception <a 'java/lang/NoSuchMethodError'{0x00000000c5103c28}: 'java.lang.Object java.lang.invoke.DirectMethodHandle$Holder.newInvokeSpecial(java.lang.Object, java.lang.Object, java.lang.Object, java.lang.Object, java.lang.Object, java.lang.Object, java.lang.Object)'> (0x00000000c5103c28) 
thrown [s\src\hotspot\share\interpreter\linkResolver.cpp, line 759]
Event: 3.922 Thread 0x000001e5e9c03e70 Exception <a 'java/lang/NoSuchMethodError'{0x00000000c51087e8}: 'java.lang.Object java.lang.invoke.Invokers$Holder.linkToTargetMethod(java.lang.Object, java.lang.Object, java.lang.Object, java.lang.Object, java.lang.Object, java.lang.Object, java.lang.Object)'> (0x00000000c51087e8) 
thrown [s\src\hotspot\share\interpreter\linkResolver.cpp, line 759]
Event: 3.928 Thread 0x000001e5e9c03e70 Exception <a 'java/lang/NoSuchMethodError'{0x00000000c511ac70}: 'java.lang.Object java.lang.invoke.DirectMethodHandle$Holder.invokeInterface(java.lang.Object, java.lang.Object, java.lang.Object, java.lang.Object, java.lang.Object)'> (0x00000000c511ac70) 
thrown [s\src\hotspot\share\interpreter\linkResolver.cpp, line 759]
Event: 3.928 Thread 0x000001e5e9c03e70 Exception <a 'java/lang/IncompatibleClassChangeError'{0x00000000c511ea68}: Found class java.lang.Object, but interface was expected> (0x00000000c511ea68) 
thrown [s\src\hotspot\share\interpreter\linkResolver.cpp, line 826]
Event: 4.004 Thread 0x000001e5e9c03e70 Exception <a 'java/lang/NoSuchMethodError'{0x00000000c51d9e50}: 'void java.lang.invoke.DirectMethodHandle$Holder.invokeVirtual(java.lang.Object, java.lang.Object)'> (0x00000000c51d9e50) 
thrown [s\src\hotspot\share\interpreter\linkResolver.cpp, line 759]
Event: 4.012 Thread 0x000001e5e9c03e70 Exception <a 'java/lang/NullPointerException'{0x00000000c51eb8c0}> (0x00000000c51eb8c0) 
thrown [s\src\hotspot\share\interpreter\linkResolver.cpp, line 1433]

VM Operations (20 events):
Event: 1.853 Executing VM operation: HandshakeAllThreads
Event: 1.853 Executing VM operation: HandshakeAllThreads done
Event: 1.926 Executing VM operation: G1CollectForAllocation
Event: 1.988 Executing VM operation: G1CollectForAllocation done
Event: 2.331 Executing VM operation: HandshakeAllThreads
Event: 2.331 Executing VM operation: HandshakeAllThreads done
Event: 2.332 Executing VM operation: HandshakeAllThreads
Event: 2.332 Executing VM operation: HandshakeAllThreads done
Event: 2.678 Executing VM operation: HandshakeAllThreads
Event: 2.678 Executing VM operation: HandshakeAllThreads done
Event: 2.785 Executing VM operation: HandshakeAllThreads
Event: 2.785 Executing VM operation: HandshakeAllThreads done
Event: 2.879 Executing VM operation: G1CollectForAllocation
Event: 2.887 Executing VM operation: G1CollectForAllocation done
Event: 3.892 Executing VM operation: Cleanup
Event: 3.892 Executing VM operation: Cleanup done
Event: 3.992 Executing VM operation: HandshakeAllThreads
Event: 3.992 Executing VM operation: HandshakeAllThreads done
Event: 4.063 Executing VM operation: HandshakeAllThreads
Event: 4.063 Executing VM operation: HandshakeAllThreads done

Events (20 events):
Event: 0.092 Thread 0x000001e5e9ca17c0 Thread added: 0x000001e5e9ca17c0
Event: 0.093 Thread 0x000001e5e9ca2420 Thread added: 0x000001e5e9ca2420
Event: 0.125 Thread 0x000001e5e9cb6e00 Thread added: 0x000001e5e9cb6e00
Event: 0.125 Thread 0x000001e5e9cb87b0 Thread added: 0x000001e5e9cb87b0
Event: 0.125 Thread 0x000001e5e9cb9150 Thread added: 0x000001e5e9cb9150
Event: 0.126 Thread 0x000001e5e9cb9af0 Thread added: 0x000001e5e9cb9af0
Event: 0.126 Thread 0x000001e5e9cba7c0 Thread added: 0x000001e5e9cba7c0
Event: 0.129 Thread 0x000001e5f61d2e60 Thread added: 0x000001e5f61d2e60
Event: 0.130 Thread 0x000001e5f61ddc70 Thread added: 0x000001e5f61ddc70
Event: 0.703 Thread 0x000001e5f624b450 Thread added: 0x000001e5f624b450
Event: 0.753 Loaded shared library C:\Users\ERIN_JAVALead\.jdks\corretto-18.0.2\bin\zip.dll
Event: 0.758 Loaded shared library C:\Users\ERIN_JAVALead\.jdks\corretto-18.0.2\bin\instrument.dll
Event: 0.785 Loaded shared library C:\Users\ERIN_JAVALead\.jdks\corretto-18.0.2\bin\net.dll
Event: 0.793 Loaded shared library C:\Users\ERIN_JAVALead\.jdks\corretto-18.0.2\bin\nio.dll
Event: 0.806 Loaded shared library C:\Users\ERIN_JAVALead\.jdks\corretto-18.0.2\bin\zip.dll
Event: 0.861 Loaded shared library C:\Program Files\JetBrains\IntelliJ IDEA Community Edition 2021.3.3\bin\breakgen64.dll
Event: 0.862 Thread 0x000001e5fa4d6e70 Thread added: 0x000001e5fa4d6e70
Event: 0.862 Thread 0x000001e5fa53bb50 Thread added: 0x000001e5fa53bb50
Event: 1.284 Loaded shared library C:\Users\ERIN_JAVALead\.jdks\corretto-18.0.2\bin\jimage.dll
Event: 2.022 Loaded shared library C:\Users\ERIN_JAVALead\.jdks\corretto-18.0.2\bin\verify.dll


Dynamic libraries:
0x00007ff626830000 - 0x00007ff62683d000 	C:\Users\ERIN_JAVALead\.jdks\corretto-18.0.2\bin\java.exe
0x00007ffc5d2d0000 - 0x00007ffc5d4c8000 	C:\WINDOWS\SYSTEM32\ntdll.dll
0x00007ffc5c180000 - 0x00007ffc5c23d000 	C:\WINDOWS\System32\KERNEL32.DLL
0x00007ffc5af00000 - 0x00007ffc5b1f6000 	C:\WINDOWS\System32\KERNELBASE.dll
0x00007ffc5ae00000 - 0x00007ffc5af00000 	C:\WINDOWS\System32\ucrtbase.dll
0x00007ffc3c720000 - 0x00007ffc3c737000 	C:\Users\ERIN_JAVALead\.jdks\corretto-18.0.2\bin\jli.dll
0x00007ffc3d1c0000 - 0x00007ffc3d1d5000 	C:\Users\ERIN_JAVALead\.jdks\corretto-18.0.2\bin\VCRUNTIME140.dll
0x00007ffc5d0c0000 - 0x00007ffc5d25e000 	C:\WINDOWS\System32\USER32.dll
0x00007ffc5ad40000 - 0x00007ffc5ad62000 	C:\WINDOWS\System32\win32u.dll
0x00007ffc5b400000 - 0x00007ffc5b42b000 	C:\WINDOWS\System32\GDI32.dll
0x00007ffc44900000 - 0x00007ffc44b9a000 	C:\WINDOWS\WinSxS\amd64_microsoft.windows.common-controls_6595b64144ccf1df_6.0.19041.3636_none_60b6a03d71f818d5\COMCTL32.dll
0x00007ffc5aa00000 - 0x00007ffc5ab17000 	C:\WINDOWS\System32\gdi32full.dll
0x00007ffc5b4f0000 - 0x00007ffc5b58e000 	C:\WINDOWS\System32\msvcrt.dll
0x00007ffc5a960000 - 0x00007ffc5a9fd000 	C:\WINDOWS\System32\msvcp_win.dll
0x00007ffc5b6d0000 - 0x00007ffc5b702000 	C:\WINDOWS\System32\IMM32.DLL
0x00007ffc3a5c0000 - 0x00007ffc3a65b000 	C:\Users\ERIN_JAVALead\.jdks\corretto-18.0.2\bin\msvcp140.dll
0x00007ffc20b00000 - 0x00007ffc21771000 	C:\Users\ERIN_JAVALead\.jdks\corretto-18.0.2\bin\server\jvm.dll
0x00007ffc5b430000 - 0x00007ffc5b4e3000 	C:\WINDOWS\System32\ADVAPI32.dll
0x00007ffc5ca20000 - 0x00007ffc5cabf000 	C:\WINDOWS\System32\sechost.dll
0x00007ffc5b5a0000 - 0x00007ffc5b6c6000 	C:\WINDOWS\System32\RPCRT4.dll
0x00007ffc5b200000 - 0x00007ffc5b227000 	C:\WINDOWS\System32\bcrypt.dll
0x00007ffc5baa0000 - 0x00007ffc5baa8000 	C:\WINDOWS\System32\PSAPI.DLL
0x00007ffbdf5a0000 - 0x00007ffbdf5a9000 	C:\WINDOWS\SYSTEM32\WSOCK32.dll
0x00007ffc5c9b0000 - 0x00007ffc5ca1b000 	C:\WINDOWS\System32\WS2_32.dll
0x00007ffc37f10000 - 0x00007ffc37f37000 	C:\WINDOWS\SYSTEM32\WINMM.dll
0x00007ffc54990000 - 0x00007ffc5499a000 	C:\WINDOWS\SYSTEM32\VERSION.dll
0x00007ffc587d0000 - 0x00007ffc587e2000 	C:\WINDOWS\SYSTEM32\kernel.appcore.dll
0x00007ffc49650000 - 0x00007ffc4965a000 	C:\Users\ERIN_JAVALead\.jdks\corretto-18.0.2\bin\jimage.dll
0x00007ffc3c230000 - 0x00007ffc3c414000 	C:\WINDOWS\SYSTEM32\DBGHELP.DLL
0x00007ffc3c1f0000 - 0x00007ffc3c224000 	C:\WINDOWS\SYSTEM32\dbgcore.DLL
0x00007ffc5ad70000 - 0x00007ffc5adf2000 	C:\WINDOWS\System32\bcryptPrimitives.dll
0x00007ffc47a10000 - 0x00007ffc47a1e000 	C:\Users\ERIN_JAVALead\.jdks\corretto-18.0.2\bin\instrument.dll
0x00007ffc3acf0000 - 0x00007ffc3ad15000 	C:\Users\ERIN_JAVALead\.jdks\corretto-18.0.2\bin\java.dll
0x00007ffc324d0000 - 0x00007ffc325a6000 	C:\Users\ERIN_JAVALead\.jdks\corretto-18.0.2\bin\jsvml.dll
0x00007ffc5c260000 - 0x00007ffc5c9a5000 	C:\WINDOWS\System32\SHELL32.dll
0x00007ffc589d0000 - 0x00007ffc5916c000 	C:\WINDOWS\SYSTEM32\windows.storage.dll
0x00007ffc5cb20000 - 0x00007ffc5ce74000 	C:\WINDOWS\System32\combase.dll
0x00007ffc5a1e0000 - 0x00007ffc5a20e000 	C:\WINDOWS\SYSTEM32\Wldp.dll
0x00007ffc5bc40000 - 0x00007ffc5bd0d000 	C:\WINDOWS\System32\OLEAUT32.dll
0x00007ffc5bb90000 - 0x00007ffc5bc3d000 	C:\WINDOWS\System32\SHCORE.dll
0x00007ffc5b850000 - 0x00007ffc5b8a5000 	C:\WINDOWS\System32\shlwapi.dll
0x00007ffc5a890000 - 0x00007ffc5a8b5000 	C:\WINDOWS\SYSTEM32\profapi.dll
0x00007ffc3ac40000 - 0x00007ffc3ac58000 	C:\Users\ERIN_JAVALead\.jdks\corretto-18.0.2\bin\zip.dll
0x00007ffc3c470000 - 0x00007ffc3c483000 	C:\Users\ERIN_JAVALead\.jdks\corretto-18.0.2\bin\net.dll
0x00007ffc544a0000 - 0x00007ffc545aa000 	C:\WINDOWS\SYSTEM32\WINHTTP.dll
0x00007ffc59fc0000 - 0x00007ffc5a02a000 	C:\WINDOWS\system32\mswsock.dll
0x00007ffc3ac60000 - 0x00007ffc3ac75000 	C:\Users\ERIN_JAVALead\.jdks\corretto-18.0.2\bin\nio.dll
0x00007ffc3ac20000 - 0x00007ffc3ac3a000 	C:\Program Files\JetBrains\IntelliJ IDEA Community Edition 2021.3.3\bin\breakgen64.dll
0x00007ffc47ca0000 - 0x00007ffc47cb0000 	C:\Users\ERIN_JAVALead\.jdks\corretto-18.0.2\bin\verify.dll

dbghelp: loaded successfully - version: 4.0.5 - missing functions: none
symbol engine: initialized successfully - sym options: 0x614 - pdb path: .;C:\Users\ERIN_JAVALead\.jdks\corretto-18.0.2\bin;C:\WINDOWS\SYSTEM32;C:\WINDOWS\WinSxS\amd64_microsoft.windows.common-controls_6595b64144ccf1df_6.0.19041.3636_none_60b6a03d71f818d5;C:\Users\ERIN_JAVALead\.jdks\corretto-18.0.2\bin\server;C:\Program Files\JetBrains\IntelliJ IDEA Community Edition 2021.3.3\bin

VM Arguments:
jvm_args: -ea -Didea.test.cyclic.buffer.size=1048576 -javaagent:C:\Program Files\JetBrains\IntelliJ IDEA Community Edition 2021.3.3\lib\idea_rt.jar=53113:C:\Program Files\JetBrains\IntelliJ IDEA Community Edition 2021.3.3\bin -Dfile.encoding=UTF-8 
java_command: com.intellij.rt.junit.JUnitStarter -ideVersion5 -junit5 com.registry.studentregistration.service.StudentServiceTest,shouldReturnFalseWhenRegisterWithNoFreeSeatsInCourse
java_class_path (initial): C:\Users\ERIN_JAVALead\.m2\repository\org\junit\platform\junit-platform-launcher\1.10.2\junit-platform-launcher-1.10.2.jar;C:\Users\ERIN_JAVALead\.m2\repository\org\junit\vintage\junit-vintage-engine\5.10.2\junit-vintage-engine-5.10.2.jar;C:\Program Files\JetBrains\IntelliJ IDEA Community Edition 2021.3.3\lib\idea_rt.jar;C:\Program Files\JetBrains\IntelliJ IDEA Community Edition 2021.3.3\plugins\junit\lib\junit5-rt.jar;C:\Program Files\JetBrains\IntelliJ IDEA Community Edition 2021.3.3\plugins\junit\lib\junit-rt.jar;C:\Users\ERIN_JAVALead\Downloads\studentregistration\studentregistration\target\test-classes;C:\Users\ERIN_JAVALead\Downloads\studentregistration\studentregistration\target\classes;C:\Users\ERIN_JAVALead\.m2\repository\org\springframework\boot\spring-boot-starter-data-jpa\3.2.3\spring-boot-starter-data-jpa-3.2.3.jar;C:\Users\ERIN_JAVALead\.m2\repository\org\springframework\boot\spring-boot-starter-aop\3.2.3\spring-boot-starter-aop-3.2.3.jar;C:\Users\ERIN_JAVALead\.m2\repository\org\springframework\spring-aop\6.1.4\spring-aop-6.1.4.jar;C:\Users\ERIN_JAVALead\.m2\repository\org\aspectj\aspectjweaver\1.9.21\aspectjweaver-1.9.21.jar;C:\Users\ERIN_JAVALead\.m2\repository\org\springframework\boot\spring-boot-starter-jdbc\3.2.3\spring-boot-starter-jdbc-3.2.3.jar;C:\Users\ERIN_JAVALead\.m2\repository\com\zaxxer\HikariCP\5.0.1\HikariCP-5.0.1.jar;C:\Users\ERIN_JAVALead\.m2\repository\org\springframework\spring-jdbc\6.1.4\spring-jdbc-6.1.4.jar;C:\Users\ERIN_JAVALead\.m2\repository\org\hibernate\orm\hibernate-core\6.4.4.Final\hibernate-core-6.4.4.Final.jar;C:\Users\ERIN_JAVALead\.m2\repository\jakarta\persistence\jakarta.persistence-api\3.1.0\jakarta.persistence-api-3.1.0.jar;C:\Users\ERIN_JAVALead\.m2\repository\jakarta\transaction\jakarta.transaction-api\2.0.1\jakarta.transaction-api-2.0.1.jar;C:\Users\ERIN_JAVALead\.m2\repository\org\jboss\logging\jboss-logging\3.5.3.Final\jboss-logging-3.5.3.Final.jar;C:\Users\ERIN_JAVALead\.m2\repository\org\hibernate\common\hibernate-commons-annotations\6.0.6.Final\hibernate-commons-annotations-6.0.6.Final.jar;C:\Users\ERIN_JAVALead\.m2\repository\io\smallrye\jandex\3.1.2\jandex-3.1.2.jar;C:\Users\ERIN_JAVALead\.m2\repository\com\fasterxml\classmate\1.6.0\classmate-1.6.0.jar;C:\Users\ERIN_JAVALead\.m2\repository\net\bytebuddy\byte-buddy\1.14.12\byte-buddy-1.14.12.jar;C:\Users\ERIN_JAVALead\.m2\repository\org\glassfish\jaxb\jaxb-runtime\4.0.4\jaxb-runtime-4.0.4.jar;C:\Users\ERIN_JAVALead\.m2\repository\org\glassfish\jaxb\jaxb-core\4.0.4\jaxb-core-4.0.4.jar;C:\Users\ERIN_JAVALead\.m2\repository\org\eclipse\angus\angus-activation\2.0.1\angus-activation-2.0.1.jar;C:\Users\ERIN_JAVALead\.m2\repository\org\glassfish\jaxb\txw2\4.0.4\txw2-4.0.4.jar;C:\Users\ERIN_JAVALead\.m2\repository\com\sun\istack\istack-commons-runtime\4.1.2\istack-commons-runtime-4.1.2.jar;C:\Users\ERIN_JAVALead\.m2\repository\jakarta\inject\jakarta.inject-api\2.0.1\jakarta.inject-api-2.0.1.jar;C:\Users\ERIN_JAVALead\.m2\repository\org\antlr\antlr4-runtime\4.13.0\antlr4-runtime-4.13.0.jar;C:\Users\ERIN_JAVALead\.m2\repository\org\springframework\data\spring-data-jpa\3.2.3\spring-data-jpa-3.2.3.jar;C:\Users\ERIN_JAVALead\.m2\repository\org\springframework\data\spring-data-commons\3.2.3\spring-data-commons-3.2.3.jar;C:\Users\ERIN_JAVALead\.m2\repository\org\springframework\spring-orm\6.1.4\spring-orm-6.1.4.jar;C:\Users\ERIN_JAVALead\.m2\repository\org\springframework\spring-context\6.1.4\spring-context-6.1.4.jar;C:\Users\ERIN_JAVALead\.m2\repository\org\springframework\spring-tx\6.1.4\spring-tx-6.1.4.jar;C:\Users\ERIN_JAVALead\.m2\repository\org\springframework\spring-beans\6.1.4\spring-beans-6.1.4.jar;C:\Users\ERIN_JAVALead\.m2\repository\jakarta\annotation\jakarta.annotation-api\2.1.1\jakarta.annotation-api-2.1.1.jar;C:\Users\ERIN_JAVALead\.m2\repository\org\slf4j\slf4j-api\2.0.12\slf4j-api-2.0.12.jar;C:\Users\ERIN_JAVALead\.m2\repository\org\springframework\spring-aspects\6.1.4\spring-aspects-6.1.4.jar;C:\Users\ERIN_JAVALead\.m2\repository\org\springframework\boot\spring-boot-starter-web\2.4.2\spring-boot-starter-web-2.4.2.jar;C:\Users\ERIN_JAVALead\.m2\repository\org\springframework\boot\spring-boot-starter\3.2.3\spring-boot-starter-3.2.3.jar;C:\Users\ERIN_JAVALead\.m2\repository\org\springframework\boot\spring-boot\3.2.3\spring-boot-3.2.3.jar;C:\Users\ERIN_JAVALead\.m2\repository\org\springframework\boot\spring-boot-autoconfigure\3.2.3\spring-boot-autoconfigure-3.2.3.jar;C:\Users\ERIN_JAVALead\.m2\repository\org\springframework\boot\spring-boot-starter-logging\3.2.3\spring-boot-starter-logging-3.2.3.jar;C:\Users\ERIN_JAVALead\.m2\repository\ch\qos\logback\logback-classic\1.4.14\logback-classic-1.4.14.jar;C:\Users\ERIN_JAVALead\.m2\repository\ch\qos\logback\logback-core\1.4.14\logback-core-1.4.14.jar;C:\Users\ERIN_JAVALead\.m2\repository\org\apache\logging\log4j\log4j-to-slf4j\2.21.1\log4j-to-slf4j-2.21.1.jar;C:\Users\ERIN_JAVALead\.m2\repository\org\apache\logging\log4j\log4j-api\2.21.1\log4j-api-2.21.1.jar;C:\Users\ERIN_JAVALead\.m2\repository\org\slf4j\jul-to-slf4j\2.0.12\jul-to-slf4j-2.0.12.jar;C:\Users\ERIN_JAVALead\.m2\repository\org\yaml\snakeyaml\2.2\snakeyaml-2.2.jar;C:\Users\ERIN_JAVALead\.m2\repository\org\springframework\boot\spring-boot-starter-json\3.2.3\spring-boot-starter-json-3.2.3.jar;C:\Users\ERIN_JAVALead\.m2\repository\com\fasterxml\jackson\core\jackson-databind\2.15.4\jackson-databind-2.15.4.jar;C:\Users\ERIN_JAVALead\.m2\repository\com\fasterxml\jackson\core\jackson-annotations\2.15.4\jackson-annotations-2.15.4.jar;C:\Users\ERIN_JAVALead\.m2\repository\com\fasterxml\jackson\core\jackson-core\2.15.4\jackson-core-2.15.4.jar;C:\Users\ERIN_JAVALead\.m2\repository\com\fasterxml\jackson\datatype\jackson-datatype-jdk8\2.15.4\jackson-datatype-jdk8-2.15.4.jar;C:\Users\ERIN_JAVALead\.m2\repository\com\fasterxml\jackson\datatype\jackson-datatype-jsr310\2.15.4\jackson-datatype-jsr310-2.15.4.jar;C:\Users\ERIN_JAVALead\.m2\repository\com\fasterxml\jackson\module\jackson-module-parameter-names\2.15.4\jackson-module-parameter-names-2.15.4.jar;C:\Users\ERIN_JAVALead\.m2\repository\org\springframework\boot\spring-boot-starter-tomcat\3.2.3\spring-boot-starter-tomcat-3.2.3.jar;C:\Users\ERIN_JAVALead\.m2\repository\org\apache\tomcat\embed\tomcat-embed-core\10.1.19\tomcat-embed-core-10.1.19.jar;C:\Users\ERIN_JAVALead\.m2\repository\org\apache\tomcat\embed\tomcat-embed-websocket\10.1.19\tomcat-embed-websocket-10.1.19.jar;C:\Users\ERIN_JAVALead\.m2\repository\org\springframework\spring-web\6.1.4\spring-web-6.1.4.jar;C:\Users\ERIN_JAVALead\.m2\repository\io\micrometer\micrometer-observation\1.12.3\micrometer-observation-1.12.3.jar;C:\Users\ERIN_JAVALead\.m2\repository\io\micrometer\micrometer-commons\1.12.3\micrometer-commons-1.12.3.jar;C:\Users\ERIN_JAVALead\.m2\repository\org\springframework\spring-webmvc\6.1.4\spring-webmvc-6.1.4.jar;C:\Users\ERIN_JAVALead\.m2\repository\org\springframework\spring-expression\6.1.4\spring-expression-6.1.4.jar;C:\Users\ERIN_JAVALead\.m2\repository\org\springframework\boot\spring-boot-starter-validation\3.2.3\spring-boot-starter-validation-3.2.3.jar;C:\Users\ERIN_JAVALead\.m2\repository\org\apache\tomcat\embed\tomcat-embed-el\10.1.19\tomcat-embed-el-10.1.19.jar;C:\Users\ERIN_JAVALead\.m2\repository\org\hibernate\validator\hibernate-validator\8.0.1.Final\hibernate-validator-8.0.1.Final.jar;C:\Users\ERIN_JAVALead\.m2\repository\jakarta\validation\jakarta.validation-api\3.0.2\jakarta.validation-api-3.0.2.jar;C:\Users\ERIN_JAVALead\.m2\repository\org\projectlombok\lombok\1.18.30\lombok-1.18.30.jar;C:\Users\ERIN_JAVALead\.m2\repository\com\microsoft\sqlserver\mssql-jdbc\12.4.2.jre11\mssql-jdbc-12.4.2.jre11.jar;C:\Users\ERIN_JAVALead\.m2\repository\org\springframework\boot\spring-boot-starter-test\3.2.3\spring-boot-starter-test-3.2.3.jar;C:\Users\ERIN_JAVALead\.m2\repository\org\springframework\boot\spring-boot-test\3.2.3\spring-boot-test-3.2.3.jar;C:\Users\ERIN_JAVALead\.m2\repository\org\springframework\boot\spring-boot-test-autoconfigure\3.2.3\spring-boot-test-autoconfigure-3.2.3.jar;C:\Users\ERIN_JAVALead\.m2\repository\com\jayway\jsonpath\json-path\2.9.0\json-path-2.9.0.jar;C:\Users\ERIN_JAVALead\.m2\repository\jakarta\xml\bind\jakarta.xml.bind-api\4.0.1\jakarta.xml.bind-api-4.0.1.jar;C:\Users\ERIN_JAVALead\.m2\repository\jakarta\activation\jakarta.activation-api\2.1.2\jakarta.activation-api-2.1.2.jar;C:\Users\ERIN_JAVALead\.m2\repository\net\minidev\json-smart\2.5.0\json-smart-2.5.0.jar;C:\Users\ERIN_JAVALead\.m2\repository\net\minidev\accessors-smart\2.5.0\accessors-smart-2.5.0.jar;C:\Users\ERIN_JAVALead\.m2\repository\org\ow2\asm\asm\9.3\asm-9.3.jar;C:\Users\ERIN_JAVALead\.m2\repository\org\assertj\assertj-core\3.24.2\assertj-core-3.24.2.jar;C:\Users\ERIN_JAVALead\.m2\repository\org\awaitility\awaitility\4.2.0\awaitility-4.2.0.jar;C:\Users\ERIN_JAVALead\.m2\repository\org\hamcrest\hamcrest\2.2\hamcrest-2.2.jar;C:\Users\ERIN_JAVALead\.m2\repository\org\junit\jupiter\junit-jupiter\5.10.2\junit-jupiter-5.10.2.jar;C:\Users\ERIN_JAVALead\.m2\repository\org\junit\jupiter\junit-jupiter-api\5.10.2\junit-jupiter-api-5.10.2.jar;C:\Users\ERIN_JAVALead\.m2\repository\org\opentest4j\opentest4j\1.3.0\opentest4j-1.3.0.jar;C:\Users\ERIN_JAVALead\.m2\repository\org\junit\platform\junit-platform-commons\1.10.2\junit-platform-commons-1.10.2.jar;C:\Users\ERIN_JAVALead\.m2\repository\org\apiguardian\apiguardian-api\1.1.2\apiguardian-api-1.1.2.jar;C:\Users\ERIN_JAVALead\.m2\repository\org\junit\jupiter\junit-jupiter-params\5.10.2\junit-jupiter-params-5.10.2.jar;C:\Users\ERIN_JAVALead\.m2\repository\org\junit\jupiter\junit-jupiter-engine\5.10.2\junit-jupiter-engine-5.10.2.jar;C:\Users\ERIN_JAVALead\.m2\repository\org\junit\platform\junit-platform-engine\1.10.2\junit-platform-engine-1.10.2.jar;C:\Users\ERIN_JAVALead\.m2\repository\org\mockito\mockito-core\5.7.0\mockito-core-5.7.0.jar;C:\Users\ERIN_JAVALead\.m2\repository\net\bytebuddy\byte-buddy-agent\1.14.12\byte-buddy-agent-1.14.12.jar;C:\Users\ERIN_JAVALead\.m2\repository\org\objenesis\objenesis\3.3\objenesis-3.3.jar;C:\Users\ERIN_JAVALead\.m2\repository\org\mockito\mockito-junit-jupiter\5.7.0\mockito-junit-jupiter-5.7.0.jar;C:\Users\ERIN_JAVALead\.m2\repository\org\skyscreamer\jsonassert\1.5.1\jsonassert-1.5.1.jar;C:\Users\ERIN_JAVALead\.m2\repository\com\vaadin\external\google\android-json\0.0.20131108.vaadin1\android-json-0.0.20131108.vaadin1.jar;C:\Users\ERIN_JAVALead\.m2\repository\org\springframework\spring-core\6.1.4\spring-core-6.1.4.jar;C:\Users\ERIN_JAVALead\.m2\repository\org\springframework\spring-jcl\6.1.4\spring-jcl-6.1.4.jar;C:\Users\ERIN_JAVALead\.m2\repository\org\springframework\spring-test\6.1.4\spring-test-6.1.4.jar;C:\Users\ERIN_JAVALead\.m2\repository\org\xmlunit\xmlunit-core\2.9.1\xmlunit-core-2.9.1.jar;C:\Users\ERIN_JAVALead\.m2\repository\org\mapstruct\mapstruct\1.6.0.Beta1\mapstruct-1.6.0.Beta1.jar;C:\Users\ERIN_JAVALead\.m2\repository\junit\junit\4.13.2\junit-4.13.2.jar;C:\Users\ERIN_JAVALead\.m2\repository\org\hamcrest\hamcrest-core\2.2\hamcrest-core-2.2.jar
Launcher Type: SUN_STANDARD

[Global flags]
     intx CICompilerCount                          = 3                                         {product} {ergonomic}
     uint ConcGCThreads                            = 1                                         {product} {ergonomic}
     uint G1ConcRefinementThreads                  = 4                                         {product} {ergonomic}
   size_t G1HeapRegionSize                         = 1048576                                   {product} {ergonomic}
    uintx GCDrainStackTargetSize                   = 64                                        {product} {ergonomic}
   size_t InitialHeapSize                          = 67108864                                  {product} {ergonomic}
   size_t MarkStackSize                            = 4194304                                   {product} {ergonomic}
   size_t MaxHeapSize                              = 1052770304                                {product} {ergonomic}
   size_t MaxNewSize                               = 631242752                                 {product} {ergonomic}
   size_t MinHeapDeltaBytes                        = 1048576                                   {product} {ergonomic}
   size_t MinHeapSize                              = 8388608                                   {product} {ergonomic}
    uintx NonNMethodCodeHeapSize                   = 5832780                                {pd product} {ergonomic}
    uintx NonProfiledCodeHeapSize                  = 122912730                              {pd product} {ergonomic}
    uintx ProfiledCodeHeapSize                     = 122912730                              {pd product} {ergonomic}
    uintx ReservedCodeCacheSize                    = 251658240                              {pd product} {ergonomic}
     bool SegmentedCodeCache                       = true                                      {product} {ergonomic}
   size_t SoftMaxHeapSize                          = 1052770304                             {manageable} {ergonomic}
     bool UseCompressedClassPointers               = true                           {product lp64_product} {ergonomic}
     bool UseCompressedOops                        = true                           {product lp64_product} {ergonomic}
     bool UseG1GC                                  = true                                      {product} {ergonomic}
     bool UseLargePagesIndividualAllocation        = false                                  {pd product} {ergonomic}

Logging:
Log output configuration:
 #0: stdout all=warning uptime,level,tags foldmultilines=false
 #1: stderr all=off uptime,level,tags foldmultilines=false

Environment Variables:
JAVA_HOME=C:\Program Files\Java\jdk1.8.0_202
PATH=C:\Program Files (x86)\Common Files\Oracle\Java\javapath;C:\WINDOWS\system32;C:\WINDOWS;C:\WINDOWS\System32\Wbem;C:\WINDOWS\System32\WindowsPowerShell\v1.0\;C:\WINDOWS\System32\OpenSSH\;C:\Program Files (x86)\nodejs\;C:\Program Files (x86)\nodejs\npm;C:\Users\ERIN_JAVALead\AppData\Roaming\npm;C:\Program Files\Git\cmd;C:\Program Files (x86)\dotnet\;C:\Program Files (x86)\Microsoft SQL Server\160\DTS\Binn\;C:\Program Files\Azure Data Studio\bin;C:\Program Files (x86)\Microsoft SQL Server\160\Tools\Binn\;C:\Program Files\Microsoft SQL Server\160\Tools\Binn\;C:\Program Files\Microsoft SQL Server\Client SDK\ODBC\170\Tools\Binn\;C:\Program Files\Microsoft SQL Server\160\DTS\Binn\;C:\Program Files\Java\jdk1.8.0_202\bin;C:\Program Files\Java\jdk1.8.0_202\jre\bin;C:\kafkasrc\bin\windows;C:\Program Files\Docker\Docker\resources\bin;C:\Program Files\Docker\Docker;C:\Users\ERIN_JAVALead\AppData\Local\Microsoft\WindowsApps;;C:\Users\ERIN_JAVALead\AppData\Local\Programs\Microsoft VS Code\bin;C:\Users\ERIN_JAVALead\AppData\Roaming\npm;C:\Program Files\Azure Data Studio\bin
USERNAME=ERIN_JAVALead
OS=Windows_NT
PROCESSOR_IDENTIFIER=Intel64 Family 6 Model 78 Stepping 3, GenuineIntel



---------------  S Y S T E M  ---------------

OS:
 Windows 10 , 64 bit Build 19041 (10.0.19041.3636)
OS uptime: 0 days 16:12 hours
Hyper-V role detected

CPU: total 4 (initial active 4) (2 cores per cpu, 2 threads per core) family 6 model 78 stepping 3 microcode 0xcc, cx8, cmov, fxsr, ht, mmx, 3dnowpref, sse, sse2, sse3, ssse3, sse4.1, sse4.2, popcnt, lzcnt, tsc, tscinvbit, avx, avx2, aes, erms, clmul, bmi1, bmi2, adx, fma, vzeroupper, clflush, clflushopt, hv

Memory: 4k page, system-wide physical 4012M (353M free)
TotalPageFile size 6060M (AvailPageFile size 2M)
current process WorkingSet (physical memory assigned to process): 76M, peak: 76M
current process commit charge ("private bytes"): 155M, peak: 155M

vm_info: OpenJDK 64-Bit Server VM (18.0.2+9-FR) for windows-amd64 JRE (18.0.2+9-FR), built on Jul 15 2022 20:03:03 by "Administrator" with MS VC++ 15.9 (VS2017)

END.
