#
# There is insufficient memory for the Java Runtime Environment to continue.
# Native memory allocation (malloc) failed to allocate 518016 bytes for Chunk::new
# Possible reasons:
#   The system is out of physical RAM or swap space
#   The process is running with CompressedOops enabled, and the Java Heap may be blocking the growth of the native heap
# Possible solutions:
#   Reduce memory load on the system
#   Increase physical memory or swap space
#   Check if swap backing store is full
#   Decrease Java heap size (-Xmx/-Xms)
#   Decrease number of Java threads
#   Decrease Java thread stack sizes (-Xss)
#   Set larger code cache with -XX:ReservedCodeCacheSize=
#   JVM is running with Unscaled Compressed Oops mode in which the Java heap is
#     placed in the first 4GB address space. The Java Heap base address is the
#     maximum limit for the native heap growth. Please use -XX:HeapBaseMinAddress
#     to set the Java Heap base and to place the Java Heap above 4GB virtual address.
# This output file may be truncated or incomplete.
#
#  Out of Memory Error (arena.cpp:184), pid=14112, tid=13216
#
# JRE version: OpenJDK Runtime Environment Corretto-18.0.2.9.1 (18.0.2+9) (build 18.0.2+9-FR)
# Java VM: OpenJDK 64-Bit Server VM Corretto-18.0.2.9.1 (18.0.2+9-FR, mixed mode, sharing, tiered, compressed oops, compressed class ptrs, g1 gc, windows-amd64)
# No core dump will be written. Minidumps are not enabled by default on client versions of Windows
#

---------------  S U M M A R Y ------------

Command Line: -ea -Didea.test.cyclic.buffer.size=1048576 -javaagent:C:\Program Files\JetBrains\IntelliJ IDEA Community Edition 2021.3.3\lib\idea_rt.jar=63356:C:\Program Files\JetBrains\IntelliJ IDEA Community Edition 2021.3.3\bin -Dfile.encoding=UTF-8 com.intellij.rt.junit.JUnitStarter -ideVersion5 -junit5 com.registry.studentregistration.restcontroller.StudentControllerTest,fetchStudentDataById

Host: Intel(R) Core(TM) i3-6006U CPU @ 2.00GHz, 4 cores, 3G,  Windows 10 , 64 bit Build 19041 (10.0.19041.3636)
Time: Thu Feb 29 14:39:52 2024 W. Europe Standard Time elapsed time: 3.816128 seconds (0d 0h 0m 3s)

---------------  T H R E A D  ---------------

Current thread (0x000001ec7032d630):  JavaThread "C2 CompilerThread0" daemon [_thread_in_native, id=13216, stack(0x0000005654600000,0x0000005654700000)]


Current CompileTask:
C2:   3816 1409       4       java.lang.invoke.MethodType::makeImpl (109 bytes)

Stack: [0x0000005654600000,0x0000005654700000]
Native frames: (J=compiled Java code, j=interpreted, Vv=VM code, C=native code)
V  [jvm.dll+0x685a2a]
V  [jvm.dll+0x82ae8d]
V  [jvm.dll+0x82c75e]
V  [jvm.dll+0x82ce03]
V  [jvm.dll+0x25ef4b]
V  [jvm.dll+0xd42d2]
V  [jvm.dll+0xd4665]
V  [jvm.dll+0x2ca852]
V  [jvm.dll+0x5907bf]
V  [jvm.dll+0x23bae0]
V  [jvm.dll+0x234e99]
V  [jvm.dll+0x232e1f]
V  [jvm.dll+0x1c0a35]
V  [jvm.dll+0x24212c]
V  [jvm.dll+0x240534]
V  [jvm.dll+0x7df6db]
V  [jvm.dll+0x7d9cba]
V  [jvm.dll+0x6848a5]
C  [ucrtbase.dll+0x21bb2]
C  [KERNEL32.DLL+0x17344]
C  [ntdll.dll+0x526b1]


---------------  P R O C E S S  ---------------

Threads class SMR info:
_java_thread_list=0x000001ec7c9eae30, length=13, elements={
0x000001ec70273800, 0x000001ec70310a00, 0x000001ec70311570, 0x000001ec7032b040,
0x000001ec7032b8f0, 0x000001ec7032c1a0, 0x000001ec7032ca50, 0x000001ec7032d630,
0x000001ec7032e330, 0x000001ec7c779040, 0x000001ec702fa380, 0x000001ec7c99bbf0,
0x000001ec7c99ad10
}

Java Threads: ( => current thread )
  0x000001ec70273800 JavaThread "main" [_thread_in_Java, id=3216, stack(0x0000005653900000,0x0000005653a00000)]
  0x000001ec70310a00 JavaThread "Reference Handler" daemon [_thread_blocked, id=7368, stack(0x0000005654000000,0x0000005654100000)]
  0x000001ec70311570 JavaThread "Finalizer" daemon [_thread_blocked, id=9796, stack(0x0000005654100000,0x0000005654200000)]
  0x000001ec7032b040 JavaThread "Signal Dispatcher" daemon [_thread_blocked, id=14048, stack(0x0000005654200000,0x0000005654300000)]
  0x000001ec7032b8f0 JavaThread "Attach Listener" daemon [_thread_blocked, id=12500, stack(0x0000005654300000,0x0000005654400000)]
  0x000001ec7032c1a0 JavaThread "Service Thread" daemon [_thread_blocked, id=12104, stack(0x0000005654400000,0x0000005654500000)]
  0x000001ec7032ca50 JavaThread "Monitor Deflation Thread" daemon [_thread_blocked, id=14028, stack(0x0000005654500000,0x0000005654600000)]
=>0x000001ec7032d630 JavaThread "C2 CompilerThread0" daemon [_thread_in_native, id=13216, stack(0x0000005654600000,0x0000005654700000)]
  0x000001ec7032e330 JavaThread "C1 CompilerThread0" daemon [_thread_in_vm, id=13964, stack(0x0000005654700000,0x0000005654800000)]
  0x000001ec7c779040 JavaThread "Sweeper thread" daemon [_thread_blocked, id=13712, stack(0x0000005654800000,0x0000005654900000)]
  0x000001ec702fa380 JavaThread "Common-Cleaner" daemon [_thread_blocked, id=8864, stack(0x0000005654900000,0x0000005654a00000)]
  0x000001ec7c99bbf0 JavaThread "Monitor Ctrl-Break" daemon [_thread_in_native, id=8428, stack(0x0000005654a00000,0x0000005654b00000)]
  0x000001ec7c99ad10 JavaThread "Notification Thread" daemon [_thread_blocked, id=2408, stack(0x0000005654b00000,0x0000005654c00000)]

Other Threads:
  0x000001ec7030b330 VMThread "VM Thread" [stack: 0x0000005653f00000,0x0000005654000000] [id=2084]
  0x000001ec7c99b1d0 WatcherThread "VM Periodic Task Thread" [stack: 0x0000005654c00000,0x0000005654d00000] [id=9516]
  0x000001ec702b5400 WorkerThread "GC Thread#0" [stack: 0x0000005653a00000,0x0000005653b00000] [id=8848]
  0x000001ec7cef4ef0 WorkerThread "GC Thread#1" [stack: 0x0000005654d00000,0x0000005654e00000] [id=1320]
  0x000001ec7cf0bc50 WorkerThread "GC Thread#2" [stack: 0x0000005654e00000,0x0000005654f00000] [id=12076]
  0x000001ec7cf66d70 WorkerThread "GC Thread#3" [stack: 0x0000005654f00000,0x0000005655000000] [id=9600]
  0x000001ec702befd0 ConcurrentGCThread "G1 Main Marker" [stack: 0x0000005653b00000,0x0000005653c00000] [id=12516]
  0x000001ec702bf8d0 WorkerThread "G1 Conc#0" [stack: 0x0000005653c00000,0x0000005653d00000] [id=6584]
  0x000001ec702e6970 ConcurrentGCThread "G1 Refine#0" [stack: 0x0000005653d00000,0x0000005653e00000] [id=7652]
  0x000001ec7cf28370 ConcurrentGCThread "G1 Refine#1" [stack: 0x0000005655000000,0x0000005655100000] [id=3860]
  0x000001ec702e7190 ConcurrentGCThread "G1 Service" [stack: 0x0000005653e00000,0x0000005653f00000] [id=7424]

Threads with active compile tasks:
C2 CompilerThread0     3886 1409       4       java.lang.invoke.MethodType::makeImpl (109 bytes)
C1 CompilerThread0     3886 1452       3       sun.reflect.annotation.AnnotationParser::parseMemberValue (230 bytes)

VM state: not at safepoint (normal execution)

VM Mutex/Monitor currently owned by a thread: None

Heap address: 0x00000000c1400000, size: 1004 MB, Compressed Oops mode: 32-bit

CDS archive(s) mapped at: [0x0000000800000000-0x0000000800ba0000-0x0000000800ba0000), size 12189696, SharedBaseAddress: 0x0000000800000000, ArchiveRelocationMode: 0.
Compressed class space mapped at: 0x0000000800c00000-0x0000000840c00000, reserved size: 1073741824
Narrow klass base: 0x0000000800000000, Narrow klass shift: 0, Narrow klass range: 0x100000000

GC Precious Log:
 CardTable entry size: 512
 Card Set container configuration: InlinePtr #cards 5 size 8 Array Of Cards #cards 12 size 40 Howl #buckets 4 coarsen threshold 1843 Howl Bitmap #cards 512 size 80 coarsen threshold 460 Card regions per heap region 1 cards per card region 2048
 CPUs: 4 total, 4 available
 Memory: 4012M
 Large Page Support: Disabled
 NUMA Support: Disabled
 Compressed Oops: Enabled (32-bit)
 Heap Region Size: 1M
 Heap Min Capacity: 8M
 Heap Initial Capacity: 64M
 Heap Max Capacity: 1004M
 Pre-touch: Disabled
 Parallel Workers: 4
 Concurrent Workers: 1
 Concurrent Refinement Workers: 4
 Periodic GC: Disabled

Heap:
 garbage-first heap   total 65536K, used 15815K [0x00000000c1400000, 0x0000000100000000)
  region size 1024K, 11 young (11264K), 2 survivors (2048K)
 Metaspace       used 7419K, committed 7680K, reserved 1114112K
  class space    used 899K, committed 1024K, reserved 1048576K

Heap Regions: E=young(eden), S=young(survivor), O=old, HS=humongous(starts), HC=humongous(continues), CS=collection set, F=free, OA=open archive, CA=closed archive, TAMS=top-at-mark-start (previous, next)
|   0|0x00000000c1400000, 0x00000000c1500000, 0x00000000c1500000|100%|HS|  |TAMS 0x00000000c1400000, 0x00000000c1400000| Complete 
|   1|0x00000000c1500000, 0x00000000c1600000, 0x00000000c1600000|100%| O|  |TAMS 0x00000000c1500000, 0x00000000c1500000| Untracked 
|   2|0x00000000c1600000, 0x00000000c1700000, 0x00000000c1700000|100%| O|  |TAMS 0x00000000c1600000, 0x00000000c1600000| Untracked 
|   3|0x00000000c1700000, 0x00000000c1800000, 0x00000000c1800000|100%| O|  |TAMS 0x00000000c1700000, 0x00000000c1700000| Untracked 
|   4|0x00000000c1800000, 0x00000000c1900000, 0x00000000c1900000|100%| O|  |TAMS 0x00000000c1800000, 0x00000000c1800000| Untracked 
|   5|0x00000000c1900000, 0x00000000c1a00000, 0x00000000c1a00000|100%| O|  |TAMS 0x00000000c1900000, 0x00000000c1900000| Untracked 
|   6|0x00000000c1a00000, 0x00000000c1a18400, 0x00000000c1b00000|  9%| O|  |TAMS 0x00000000c1a00000, 0x00000000c1a00000| Untracked 
|   7|0x00000000c1b00000, 0x00000000c1b00000, 0x00000000c1c00000|  0%| F|  |TAMS 0x00000000c1b00000, 0x00000000c1b00000| Untracked 
|   8|0x00000000c1c00000, 0x00000000c1c00000, 0x00000000c1d00000|  0%| F|  |TAMS 0x00000000c1c00000, 0x00000000c1c00000| Untracked 
|   9|0x00000000c1d00000, 0x00000000c1d00000, 0x00000000c1e00000|  0%| F|  |TAMS 0x00000000c1d00000, 0x00000000c1d00000| Untracked 
|  10|0x00000000c1e00000, 0x00000000c1e00000, 0x00000000c1f00000|  0%| F|  |TAMS 0x00000000c1e00000, 0x00000000c1e00000| Untracked 
|  11|0x00000000c1f00000, 0x00000000c1f00000, 0x00000000c2000000|  0%| F|  |TAMS 0x00000000c1f00000, 0x00000000c1f00000| Untracked 
|  12|0x00000000c2000000, 0x00000000c2000000, 0x00000000c2100000|  0%| F|  |TAMS 0x00000000c2000000, 0x00000000c2000000| Untracked 
|  13|0x00000000c2100000, 0x00000000c2100000, 0x00000000c2200000|  0%| F|  |TAMS 0x00000000c2100000, 0x00000000c2100000| Untracked 
|  14|0x00000000c2200000, 0x00000000c2200000, 0x00000000c2300000|  0%| F|  |TAMS 0x00000000c2200000, 0x00000000c2200000| Untracked 
|  15|0x00000000c2300000, 0x00000000c2300000, 0x00000000c2400000|  0%| F|  |TAMS 0x00000000c2300000, 0x00000000c2300000| Untracked 
|  16|0x00000000c2400000, 0x00000000c2400000, 0x00000000c2500000|  0%| F|  |TAMS 0x00000000c2400000, 0x00000000c2400000| Untracked 
|  17|0x00000000c2500000, 0x00000000c2500000, 0x00000000c2600000|  0%| F|  |TAMS 0x00000000c2500000, 0x00000000c2500000| Untracked 
|  18|0x00000000c2600000, 0x00000000c2600000, 0x00000000c2700000|  0%| F|  |TAMS 0x00000000c2600000, 0x00000000c2600000| Untracked 
|  19|0x00000000c2700000, 0x00000000c2700000, 0x00000000c2800000|  0%| F|  |TAMS 0x00000000c2700000, 0x00000000c2700000| Untracked 
|  20|0x00000000c2800000, 0x00000000c2800000, 0x00000000c2900000|  0%| F|  |TAMS 0x00000000c2800000, 0x00000000c2800000| Untracked 
|  21|0x00000000c2900000, 0x00000000c2900000, 0x00000000c2a00000|  0%| F|  |TAMS 0x00000000c2900000, 0x00000000c2900000| Untracked 
|  22|0x00000000c2a00000, 0x00000000c2a00000, 0x00000000c2b00000|  0%| F|  |TAMS 0x00000000c2a00000, 0x00000000c2a00000| Untracked 
|  23|0x00000000c2b00000, 0x00000000c2b00000, 0x00000000c2c00000|  0%| F|  |TAMS 0x00000000c2b00000, 0x00000000c2b00000| Untracked 
|  24|0x00000000c2c00000, 0x00000000c2c00000, 0x00000000c2d00000|  0%| F|  |TAMS 0x00000000c2c00000, 0x00000000c2c00000| Untracked 
|  25|0x00000000c2d00000, 0x00000000c2d00000, 0x00000000c2e00000|  0%| F|  |TAMS 0x00000000c2d00000, 0x00000000c2d00000| Untracked 
|  26|0x00000000c2e00000, 0x00000000c2e00000, 0x00000000c2f00000|  0%| F|  |TAMS 0x00000000c2e00000, 0x00000000c2e00000| Untracked 
|  27|0x00000000c2f00000, 0x00000000c2f00000, 0x00000000c3000000|  0%| F|  |TAMS 0x00000000c2f00000, 0x00000000c2f00000| Untracked 
|  28|0x00000000c3000000, 0x00000000c3000000, 0x00000000c3100000|  0%| F|  |TAMS 0x00000000c3000000, 0x00000000c3000000| Untracked 
|  29|0x00000000c3100000, 0x00000000c3100000, 0x00000000c3200000|  0%| F|  |TAMS 0x00000000c3100000, 0x00000000c3100000| Untracked 
|  30|0x00000000c3200000, 0x00000000c3200000, 0x00000000c3300000|  0%| F|  |TAMS 0x00000000c3200000, 0x00000000c3200000| Untracked 
|  31|0x00000000c3300000, 0x00000000c3300000, 0x00000000c3400000|  0%| F|  |TAMS 0x00000000c3300000, 0x00000000c3300000| Untracked 
|  32|0x00000000c3400000, 0x00000000c3400000, 0x00000000c3500000|  0%| F|  |TAMS 0x00000000c3400000, 0x00000000c3400000| Untracked 
|  33|0x00000000c3500000, 0x00000000c3500000, 0x00000000c3600000|  0%| F|  |TAMS 0x00000000c3500000, 0x00000000c3500000| Untracked 
|  34|0x00000000c3600000, 0x00000000c3600000, 0x00000000c3700000|  0%| F|  |TAMS 0x00000000c3600000, 0x00000000c3600000| Untracked 
|  35|0x00000000c3700000, 0x00000000c3700000, 0x00000000c3800000|  0%| F|  |TAMS 0x00000000c3700000, 0x00000000c3700000| Untracked 
|  36|0x00000000c3800000, 0x00000000c3800000, 0x00000000c3900000|  0%| F|  |TAMS 0x00000000c3800000, 0x00000000c3800000| Untracked 
|  37|0x00000000c3900000, 0x00000000c3900000, 0x00000000c3a00000|  0%| F|  |TAMS 0x00000000c3900000, 0x00000000c3900000| Untracked 
|  38|0x00000000c3a00000, 0x00000000c3a00000, 0x00000000c3b00000|  0%| F|  |TAMS 0x00000000c3a00000, 0x00000000c3a00000| Untracked 
|  39|0x00000000c3b00000, 0x00000000c3b00000, 0x00000000c3c00000|  0%| F|  |TAMS 0x00000000c3b00000, 0x00000000c3b00000| Untracked 
|  40|0x00000000c3c00000, 0x00000000c3c00000, 0x00000000c3d00000|  0%| F|  |TAMS 0x00000000c3c00000, 0x00000000c3c00000| Untracked 
|  41|0x00000000c3d00000, 0x00000000c3d00000, 0x00000000c3e00000|  0%| F|  |TAMS 0x00000000c3d00000, 0x00000000c3d00000| Untracked 
|  42|0x00000000c3e00000, 0x00000000c3e00000, 0x00000000c3f00000|  0%| F|  |TAMS 0x00000000c3e00000, 0x00000000c3e00000| Untracked 
|  43|0x00000000c3f00000, 0x00000000c3f00000, 0x00000000c4000000|  0%| F|  |TAMS 0x00000000c3f00000, 0x00000000c3f00000| Untracked 
|  44|0x00000000c4000000, 0x00000000c4000000, 0x00000000c4100000|  0%| F|  |TAMS 0x00000000c4000000, 0x00000000c4000000| Untracked 
|  45|0x00000000c4100000, 0x00000000c4100000, 0x00000000c4200000|  0%| F|  |TAMS 0x00000000c4100000, 0x00000000c4100000| Untracked 
|  46|0x00000000c4200000, 0x00000000c4200000, 0x00000000c4300000|  0%| F|  |TAMS 0x00000000c4200000, 0x00000000c4200000| Untracked 
|  47|0x00000000c4300000, 0x00000000c4300000, 0x00000000c4400000|  0%| F|  |TAMS 0x00000000c4300000, 0x00000000c4300000| Untracked 
|  48|0x00000000c4400000, 0x00000000c4400000, 0x00000000c4500000|  0%| F|  |TAMS 0x00000000c4400000, 0x00000000c4400000| Untracked 
|  49|0x00000000c4500000, 0x00000000c4500000, 0x00000000c4600000|  0%| F|  |TAMS 0x00000000c4500000, 0x00000000c4500000| Untracked 
|  50|0x00000000c4600000, 0x00000000c4600000, 0x00000000c4700000|  0%| F|  |TAMS 0x00000000c4600000, 0x00000000c4600000| Untracked 
|  51|0x00000000c4700000, 0x00000000c4700000, 0x00000000c4800000|  0%| F|  |TAMS 0x00000000c4700000, 0x00000000c4700000| Untracked 
|  52|0x00000000c4800000, 0x00000000c4800000, 0x00000000c4900000|  0%| F|  |TAMS 0x00000000c4800000, 0x00000000c4800000| Untracked 
|  53|0x00000000c4900000, 0x00000000c49598e0, 0x00000000c4a00000| 34%| S|CS|TAMS 0x00000000c4900000, 0x00000000c4900000| Complete 
|  54|0x00000000c4a00000, 0x00000000c4b00000, 0x00000000c4b00000|100%| S|CS|TAMS 0x00000000c4a00000, 0x00000000c4a00000| Complete 
|  55|0x00000000c4b00000, 0x00000000c4be1808, 0x00000000c4c00000| 88%| E|  |TAMS 0x00000000c4b00000, 0x00000000c4b00000| Complete 
|  56|0x00000000c4c00000, 0x00000000c4d00000, 0x00000000c4d00000|100%| E|CS|TAMS 0x00000000c4c00000, 0x00000000c4c00000| Complete 
|  57|0x00000000c4d00000, 0x00000000c4e00000, 0x00000000c4e00000|100%| E|CS|TAMS 0x00000000c4d00000, 0x00000000c4d00000| Complete 
|  58|0x00000000c4e00000, 0x00000000c4f00000, 0x00000000c4f00000|100%| E|CS|TAMS 0x00000000c4e00000, 0x00000000c4e00000| Complete 
|  59|0x00000000c4f00000, 0x00000000c5000000, 0x00000000c5000000|100%| E|CS|TAMS 0x00000000c4f00000, 0x00000000c4f00000| Complete 
|  60|0x00000000c5000000, 0x00000000c5100000, 0x00000000c5100000|100%| E|CS|TAMS 0x00000000c5000000, 0x00000000c5000000| Complete 
|  61|0x00000000c5100000, 0x00000000c5200000, 0x00000000c5200000|100%| E|CS|TAMS 0x00000000c5100000, 0x00000000c5100000| Complete 
|  62|0x00000000c5200000, 0x00000000c5300000, 0x00000000c5300000|100%| E|CS|TAMS 0x00000000c5200000, 0x00000000c5200000| Complete 
|  63|0x00000000c5300000, 0x00000000c5400000, 0x00000000c5400000|100%| E|CS|TAMS 0x00000000c5300000, 0x00000000c5300000| Complete 

Card table byte_map: [0x000001ec77e30000,0x000001ec78030000] _byte_map_base: 0x000001ec77826000

Marking Bits (Prev, Next): (CMBitMap*) 0x000001ec702b6920, (CMBitMap*) 0x000001ec702b6960
 Prev Bits: [0x000001ec78230000, 0x000001ec791e0000)
 Next Bits: [0x000001ec791e0000, 0x000001ec7a190000)

Polling page: 0x000001ec6e060000

Metaspace:

Usage:
  Non-class:      6.40 MB used.
      Class:    901.84 KB used.
       Both:      7.28 MB used.

Virtual space:
  Non-class space:       64.00 MB reserved,       6.50 MB ( 10%) committed,  1 nodes.
      Class space:        1.00 GB reserved,       1.00 MB ( <1%) committed,  1 nodes.
             Both:        1.06 GB reserved,       7.50 MB ( <1%) committed. 

Chunk freelists:
   Non-Class:  706.00 KB
       Class:  2.98 MB
        Both:  3.67 MB

MaxMetaspaceSize: unlimited
CompressedClassSpaceSize: 1.00 GB
Initial GC threshold: 21.00 MB
Current GC threshold: 21.00 MB
CDS: on
MetaspaceReclaimPolicy: balanced
 - commit_granule_bytes: 65536.
 - commit_granule_words: 8192.
 - virtual_space_node_default_size: 8388608.
 - enlarge_chunks_in_place: 1.
 - new_chunks_are_fully_committed: 0.
 - uncommit_free_chunks: 1.
 - use_allocation_guard: 0.


Internal statistics:

num_allocs_failed_limit: 0.
num_arena_births: 166.
num_arena_deaths: 0.
num_vsnodes_births: 2.
num_vsnodes_deaths: 0.
num_space_committed: 120.
num_space_uncommitted: 0.
num_chunks_returned_to_freelist: 0.
num_chunks_taken_from_freelist: 390.
num_chunk_merges: 0.
num_chunk_splits: 238.
num_chunks_enlarged: 161.
num_inconsistent_stats: 0.

CodeHeap 'non-profiled nmethods': size=120000Kb used=495Kb max_used=495Kb free=119504Kb
 bounds [0x000001ec07ad0000, 0x000001ec07d40000, 0x000001ec0f000000]
CodeHeap 'profiled nmethods': size=120000Kb used=2883Kb max_used=2883Kb free=117116Kb
 bounds [0x000001ec005a0000, 0x000001ec00880000, 0x000001ec07ad0000]
CodeHeap 'non-nmethods': size=5760Kb used=1171Kb max_used=1180Kb free=4588Kb
 bounds [0x000001ec00000000, 0x000001ec00270000, 0x000001ec005a0000]
 total_blobs=1899 nmethods=1451 adapters=360
 compilation: enabled
              stopped_count=0, restarted_count=0
 full_count=0

Compilation events (20 events):
Event: 3.776 Thread 0x000001ec7032e330 nmethod 1403 0x000001ec07b4a390 code [0x000001ec07b4a520, 0x000001ec07b4a5f8]
Event: 3.776 Thread 0x000001ec7032e330 1404       3       java.util.Properties$LineReader::readLine (584 bytes)
Event: 3.780 Thread 0x000001ec7032e330 nmethod 1404 0x000001ec00850910 code [0x000001ec00850ce0, 0x000001ec00853858]
Event: 3.780 Thread 0x000001ec7032e330 1405       3       java.util.LinkedHashMap::afterNodeInsertion (40 bytes)
Event: 3.781 Thread 0x000001ec7032e330 nmethod 1405 0x000001ec00854510 code [0x000001ec008546e0, 0x000001ec00854b68]
Event: 3.781 Thread 0x000001ec7032e330 1406       3       java.util.LinkedHashMap::newNode (23 bytes)
Event: 3.781 Thread 0x000001ec7032e330 nmethod 1406 0x000001ec00854d10 code [0x000001ec00854ee0, 0x000001ec008552c8]
Event: 3.781 Thread 0x000001ec7032e330 1408       3       org.springframework.util.StringUtils::hasLength (17 bytes)
Event: 3.781 Thread 0x000001ec7032e330 nmethod 1408 0x000001ec00855490 code [0x000001ec00855640, 0x000001ec00855898]
Event: 3.781 Thread 0x000001ec7032e330 1407       1       sun.nio.fs.WindowsPath::getFileSystem (5 bytes)
Event: 3.781 Thread 0x000001ec7032e330 nmethod 1407 0x000001ec07b4a690 code [0x000001ec07b4a820, 0x000001ec07b4a8f8]
Event: 3.782 Thread 0x000001ec7032d630 1409       4       java.lang.invoke.MethodType::makeImpl (109 bytes)
Event: 3.784 Thread 0x000001ec7032e330 1410       3       java.util.stream.StreamOpFlag::isKnown (19 bytes)
Event: 3.785 Thread 0x000001ec7032e330 nmethod 1410 0x000001ec00855990 code [0x000001ec00855b20, 0x000001ec00855c98]
Event: 3.801 Thread 0x000001ec7032e330 1412       3       java.lang.invoke.LambdaFormBuffer::ownedCount (7 bytes)
Event: 3.801 Thread 0x000001ec7032e330 nmethod 1412 0x000001ec00855d10 code [0x000001ec00855ea0, 0x000001ec00855fb8]
Event: 3.811 Thread 0x000001ec7032e330 1413       3       sun.invoke.util.Wrapper::isSubwordOrInt (20 bytes)
Event: 3.811 Thread 0x000001ec7032e330 nmethod 1413 0x000001ec00856090 code [0x000001ec00856240, 0x000001ec00856658]
Event: 3.811 Thread 0x000001ec7032e330 1414       3       sun.invoke.util.Wrapper::isSingleWord (15 bytes)
Event: 3.812 Thread 0x000001ec7032e330 nmethod 1414 0x000001ec00856790 code [0x000001ec00856920, 0x000001ec00856a98]

GC Heap History (4 events):
Event: 2.223 GC heap before
{Heap before GC invocations=0 (full 0):
 garbage-first heap   total 65536K, used 13312K [0x00000000c1400000, 0x0000000100000000)
  region size 1024K, 13 young (13312K), 0 survivors (0K)
 Metaspace       used 2740K, committed 2944K, reserved 1114112K
  class space    used 270K, committed 384K, reserved 1048576K
}
Event: 2.232 GC heap after
{Heap after GC invocations=1 (full 0):
 garbage-first heap   total 65536K, used 6101K [0x00000000c1400000, 0x0000000100000000)
  region size 1024K, 2 young (2048K), 2 survivors (2048K)
 Metaspace       used 2740K, committed 2944K, reserved 1114112K
  class space    used 270K, committed 384K, reserved 1048576K
}
Event: 2.897 GC heap before
{Heap before GC invocations=1 (full 0):
 garbage-first heap   total 65536K, used 15317K [0x00000000c1400000, 0x0000000100000000)
  region size 1024K, 11 young (11264K), 2 survivors (2048K)
 Metaspace       used 4739K, committed 4992K, reserved 1114112K
  class space    used 562K, committed 704K, reserved 1048576K
}
Event: 2.906 GC heap after
{Heap after GC invocations=2 (full 0):
 garbage-first heap   total 65536K, used 7623K [0x00000000c1400000, 0x0000000100000000)
  region size 1024K, 2 young (2048K), 2 survivors (2048K)
 Metaspace       used 4739K, committed 4992K, reserved 1114112K
  class space    used 562K, committed 704K, reserved 1048576K
}

Deoptimization events (20 events):
Event: 3.113 Thread 0x000001ec70273800 DEOPT PACKING pc=0x000001ec07b26e18 sp=0x00000056539fc670
Event: 3.113 Thread 0x000001ec70273800 DEOPT UNPACKING pc=0x000001ec000523a3 sp=0x00000056539fc5a8 mode 2
Event: 3.185 Thread 0x000001ec70273800 Uncommon trap: trap_request=0xffffff45 fr.pc=0x000001ec07b30220 relative=0x0000000000000080
Event: 3.185 Thread 0x000001ec70273800 Uncommon trap: reason=unstable_if action=reinterpret pc=0x000001ec07b30220 method=sun.net.www.ParseUtil.firstEncodeIndex(Ljava/lang/String;)I @ 51 c2
Event: 3.185 Thread 0x000001ec70273800 DEOPT PACKING pc=0x000001ec07b30220 sp=0x00000056539fb6b0
Event: 3.185 Thread 0x000001ec70273800 DEOPT UNPACKING pc=0x000001ec000523a3 sp=0x00000056539fb638 mode 2
Event: 3.411 Thread 0x000001ec70273800 Uncommon trap: trap_request=0xffffff45 fr.pc=0x000001ec07b3a598 relative=0x0000000000000278
Event: 3.411 Thread 0x000001ec70273800 Uncommon trap: reason=unstable_if action=reinterpret pc=0x000001ec07b3a598 method=java.io.BufferedReader.read()I @ 19 c2
Event: 3.411 Thread 0x000001ec70273800 DEOPT PACKING pc=0x000001ec07b3a598 sp=0x00000056539fb620
Event: 3.411 Thread 0x000001ec70273800 DEOPT UNPACKING pc=0x000001ec000523a3 sp=0x00000056539fb568 mode 2
Event: 3.623 Thread 0x000001ec70273800 DEOPT PACKING pc=0x000001ec00822c81 sp=0x00000056539f8a40
Event: 3.623 Thread 0x000001ec70273800 DEOPT UNPACKING pc=0x000001ec00052b43 sp=0x00000056539f7f48 mode 0
Event: 3.647 Thread 0x000001ec70273800 Uncommon trap: trap_request=0xffffff45 fr.pc=0x000001ec07b2d8d4 relative=0x0000000000000cf4
Event: 3.647 Thread 0x000001ec70273800 Uncommon trap: reason=unstable_if action=reinterpret pc=0x000001ec07b2d8d4 method=java.util.HashMap.hash(Ljava/lang/Object;)I @ 1 c2
Event: 3.647 Thread 0x000001ec70273800 DEOPT PACKING pc=0x000001ec07b2d8d4 sp=0x00000056539fbad0
Event: 3.647 Thread 0x000001ec70273800 DEOPT UNPACKING pc=0x000001ec000523a3 sp=0x00000056539fba80 mode 2
Event: 3.709 Thread 0x000001ec70273800 DEOPT PACKING pc=0x000001ec00822c81 sp=0x00000056539fbd20
Event: 3.709 Thread 0x000001ec70273800 DEOPT UNPACKING pc=0x000001ec00052b43 sp=0x00000056539fb228 mode 0
Event: 3.792 Thread 0x000001ec70273800 DEOPT PACKING pc=0x000001ec00822c81 sp=0x00000056539fc3b0
Event: 3.792 Thread 0x000001ec70273800 DEOPT UNPACKING pc=0x000001ec00052b43 sp=0x00000056539fb8b8 mode 0

Classes loaded (20 events):
Event: 3.761 Loading class java/io/UncheckedIOException
Event: 3.761 Loading class java/io/UncheckedIOException done
Event: 3.765 Loading class java/net/HttpURLConnection
Event: 3.765 Loading class java/net/HttpURLConnection done
Event: 3.769 Loading class java/net/URLDecoder
Event: 3.769 Loading class java/net/URLDecoder done
Event: 3.783 Loading class java/util/ImmutableCollections$Access
Event: 3.783 Loading class java/util/ImmutableCollections$Access done
Event: 3.783 Loading class java/util/ImmutableCollections$Access$1
Event: 3.783 Loading class jdk/internal/access/JavaUtilCollectionAccess
Event: 3.783 Loading class jdk/internal/access/JavaUtilCollectionAccess done
Event: 3.783 Loading class java/util/ImmutableCollections$Access$1 done
Event: 3.784 Loading class java/util/stream/Nodes$SpinedNodeBuilder
Event: 3.784 Loading class java/util/stream/Nodes$SpinedNodeBuilder done
Event: 3.810 Loading class java/util/concurrent/atomic/AtomicLongArray
Event: 3.810 Loading class java/util/concurrent/atomic/AtomicLongArray done
Event: 3.810 Loading class java/lang/invoke/VarHandleLongs$Array
Event: 3.811 Loading class java/lang/invoke/VarHandleLongs$Array done
Event: 3.811 Loading class java/util/concurrent/atomic/AtomicReferenceArray
Event: 3.811 Loading class java/util/concurrent/atomic/AtomicReferenceArray done

Classes unloaded (0 events):
No events

Classes redefined (0 events):
No events

Internal exceptions (20 events):
Event: 2.553 Thread 0x000001ec70273800 Exception <a 'java/lang/NoSuchMethodError'{0x00000000c4f562c0}: 'void java.lang.invoke.DirectMethodHandle$Holder.invokeInterface(java.lang.Object, java.lang.Object, java.lang.Object, java.lang.Object, java.lang.Object)'> (0x00000000c4f562c0) 
thrown [s\src\hotspot\share\interpreter\linkResolver.cpp, line 759]
Event: 2.554 Thread 0x000001ec70273800 Exception <a 'java/lang/IncompatibleClassChangeError'{0x00000000c4f5a230}: Found class java.lang.Object, but interface was expected> (0x00000000c4f5a230) 
thrown [s\src\hotspot\share\interpreter\linkResolver.cpp, line 826]
Event: 2.601 Thread 0x000001ec70273800 Exception <a 'java/lang/NoSuchMethodError'{0x00000000c4f92cc0}: 'void java.lang.invoke.DirectMethodHandle$Holder.invokeInterface(java.lang.Object, java.lang.Object, java.lang.Object)'> (0x00000000c4f92cc0) 
thrown [s\src\hotspot\share\interpreter\linkResolver.cpp, line 759]
Event: 2.602 Thread 0x000001ec70273800 Exception <a 'java/lang/IncompatibleClassChangeError'{0x00000000c4f96328}: Found class java.lang.Object, but interface was expected> (0x00000000c4f96328) 
thrown [s\src\hotspot\share\interpreter\linkResolver.cpp, line 826]
Event: 2.611 Thread 0x000001ec70273800 Exception <a 'java/lang/NoSuchMethodError'{0x00000000c4fb4c08}: 'java.lang.Object java.lang.invoke.DirectMethodHandle$Holder.invokeStatic(java.lang.Object, java.lang.Object, int)'> (0x00000000c4fb4c08) 
thrown [s\src\hotspot\share\interpreter\linkResolver.cpp, line 759]
Event: 2.639 Thread 0x000001ec70273800 Exception <a 'java/lang/NoSuchMethodError'{0x00000000c4e0f588}: 'void java.lang.invoke.DirectMethodHandle$Holder.invokeSpecial(java.lang.Object, java.lang.Object, java.lang.Object, java.lang.Object, java.lang.Object)'> (0x00000000c4e0f588) 
thrown [s\src\hotspot\share\interpreter\linkResolver.cpp, line 759]
Event: 2.671 Thread 0x000001ec70273800 Exception <a 'java/lang/NoSuchMethodError'{0x00000000c4e70c18}: 'void java.lang.invoke.DirectMethodHandle$Holder.invokeInterface(java.lang.Object, java.lang.Object, java.lang.Object, java.lang.Object)'> (0x00000000c4e70c18) 
thrown [s\src\hotspot\share\interpreter\linkResolver.cpp, line 759]
Event: 2.672 Thread 0x000001ec70273800 Exception <a 'java/lang/IncompatibleClassChangeError'{0x00000000c4e74360}: Found class java.lang.Object, but interface was expected> (0x00000000c4e74360) 
thrown [s\src\hotspot\share\interpreter\linkResolver.cpp, line 826]
Event: 2.679 Thread 0x000001ec70273800 Exception <a 'java/lang/NoSuchMethodError'{0x00000000c4e8fd48}: 'void java.lang.invoke.DirectMethodHandle$Holder.invokeStatic(java.lang.Object, java.lang.Object, java.lang.Object, java.lang.Object)'> (0x00000000c4e8fd48) 
thrown [s\src\hotspot\share\interpreter\linkResolver.cpp, line 759]
Event: 2.759 Thread 0x000001ec70273800 Exception <a 'java/lang/NoSuchMethodError'{0x00000000c4d5ce60}: 'java.lang.Object java.lang.invoke.DirectMethodHandle$Holder.invokeStaticInit(java.lang.Object)'> (0x00000000c4d5ce60) 
thrown [s\src\hotspot\share\interpreter\linkResolver.cpp, line 759]
Event: 2.784 Thread 0x000001ec70273800 Exception <a 'java/lang/NoSuchMethodError'{0x00000000c4dfe6c8}: 'java.lang.Object java.lang.invoke.Invokers$Holder.invokeExact_MT(java.lang.Object, java.lang.Object, java.lang.Object, java.lang.Object, java.lang.Object, java.lang.Object)'> (0x00000000c4dfe6c8) 
thrown [s\src\hotspot\share\interpreter\linkResolver.cpp, line 759]
Event: 2.803 Thread 0x000001ec70273800 Exception <a 'java/lang/NoSuchMethodError'{0x00000000c4c46d08}: 'int java.lang.invoke.DirectMethodHandle$Holder.invokeStatic(java.lang.Object, java.lang.Object, java.lang.Object, java.lang.Object, java.lang.Object)'> (0x00000000c4c46d08) 
thrown [s\src\hotspot\share\interpreter\linkResolver.cpp, line 759]
Event: 2.832 Thread 0x000001ec70273800 Exception <a 'java/lang/NoSuchMethodError'{0x00000000c4b05b70}: 'void java.lang.invoke.DirectMethodHandle$Holder.invokeStaticInit(java.lang.Object)'> (0x00000000c4b05b70) 
thrown [s\src\hotspot\share\interpreter\linkResolver.cpp, line 759]
Event: 2.876 Thread 0x000001ec70273800 Exception <a 'java/lang/NoSuchMethodError'{0x00000000c4baf538}: 'void java.lang.invoke.DirectMethodHandle$Holder.invokeStaticInit(java.lang.Object, java.lang.Object, java.lang.Object, java.lang.Object)'> (0x00000000c4baf538) 
thrown [s\src\hotspot\share\interpreter\linkResolver.cpp, line 759]
Event: 2.914 Thread 0x000001ec70273800 Exception <a 'java/lang/NoSuchMethodError'{0x00000000c531cc50}: 'int java.lang.invoke.DirectMethodHandle$Holder.invokeStaticInit(java.lang.Object, java.lang.Object)'> (0x00000000c531cc50) 
thrown [s\src\hotspot\share\interpreter\linkResolver.cpp, line 759]
Event: 3.421 Thread 0x000001ec70273800 Exception <a 'java/lang/ClassNotFoundException'{0x00000000c50dc630}: javax/smartcardio/CardPermission> (0x00000000c50dc630) 
thrown [s\src\hotspot\share\classfile\systemDictionary.cpp, line 255]
Event: 3.555 Thread 0x000001ec70273800 Exception <a 'java/io/FileNotFoundException'{0x00000000c50eb060}> (0x00000000c50eb060) 
thrown [s\src\hotspot\share\prims\jni.cpp, line 516]
Event: 3.600 Thread 0x000001ec70273800 Exception <a 'java/lang/NoSuchMethodError'{0x00000000c4f5eca8}: 'java.lang.Object java.lang.invoke.DirectMethodHandle$Holder.invokeSpecial(java.lang.Object, java.lang.Object, java.lang.Object, long, java.lang.Object)'> (0x00000000c4f5eca8) 
thrown [s\src\hotspot\share\interpreter\linkResolver.cpp, line 759]
Event: 3.600 Thread 0x000001ec70273800 Exception <a 'java/lang/NoSuchMethodError'{0x00000000c4f62b20}: 'java.lang.Object java.lang.invoke.Invokers$Holder.linkToTargetMethod(java.lang.Object, long, java.lang.Object, java.lang.Object)'> (0x00000000c4f62b20) 
thrown [s\src\hotspot\share\interpreter\linkResolver.cpp, line 759]
Event: 3.647 Thread 0x000001ec70273800 Implicit null exception at 0x000001ec07b2cc20 to 0x000001ec07b2d8c0

VM Operations (20 events):
Event: 1.678 Executing VM operation: Cleanup
Event: 1.679 Executing VM operation: Cleanup done
Event: 2.210 Executing VM operation: HandshakeAllThreads
Event: 2.210 Executing VM operation: HandshakeAllThreads done
Event: 2.210 Executing VM operation: HandshakeAllThreads
Event: 2.210 Executing VM operation: HandshakeAllThreads done
Event: 2.223 Executing VM operation: G1CollectForAllocation
Event: 2.232 Executing VM operation: G1CollectForAllocation done
Event: 2.729 Executing VM operation: HandshakeAllThreads
Event: 2.747 Executing VM operation: HandshakeAllThreads done
Event: 2.897 Executing VM operation: G1CollectForAllocation
Event: 2.906 Executing VM operation: G1CollectForAllocation done
Event: 3.185 Executing VM operation: HandshakeAllThreads
Event: 3.185 Executing VM operation: HandshakeAllThreads done
Event: 3.562 Executing VM operation: HandshakeAllThreads
Event: 3.562 Executing VM operation: HandshakeAllThreads done
Event: 3.734 Executing VM operation: HandshakeAllThreads
Event: 3.734 Executing VM operation: HandshakeAllThreads done
Event: 3.734 Executing VM operation: HandshakeAllThreads
Event: 3.734 Executing VM operation: HandshakeAllThreads done

Events (20 events):
Event: 0.084 Thread 0x000001ec70273800 Thread added: 0x000001ec70273800
Event: 0.131 Thread 0x000001ec70310a00 Thread added: 0x000001ec70310a00
Event: 0.131 Thread 0x000001ec70311570 Thread added: 0x000001ec70311570
Event: 0.179 Thread 0x000001ec7032b040 Thread added: 0x000001ec7032b040
Event: 0.179 Thread 0x000001ec7032b8f0 Thread added: 0x000001ec7032b8f0
Event: 0.179 Thread 0x000001ec7032c1a0 Thread added: 0x000001ec7032c1a0
Event: 0.179 Thread 0x000001ec7032ca50 Thread added: 0x000001ec7032ca50
Event: 0.180 Thread 0x000001ec7032d630 Thread added: 0x000001ec7032d630
Event: 0.190 Thread 0x000001ec7032e330 Thread added: 0x000001ec7032e330
Event: 0.217 Thread 0x000001ec7c779040 Thread added: 0x000001ec7c779040
Event: 0.613 Thread 0x000001ec702fa380 Thread added: 0x000001ec702fa380
Event: 0.699 Loaded shared library C:\Users\ERIN_JAVALead\.jdks\corretto-18.0.2\bin\zip.dll
Event: 0.708 Loaded shared library C:\Users\ERIN_JAVALead\.jdks\corretto-18.0.2\bin\instrument.dll
Event: 0.721 Loaded shared library C:\Users\ERIN_JAVALead\.jdks\corretto-18.0.2\bin\net.dll
Event: 0.728 Loaded shared library C:\Users\ERIN_JAVALead\.jdks\corretto-18.0.2\bin\nio.dll
Event: 0.886 Loaded shared library C:\Users\ERIN_JAVALead\.jdks\corretto-18.0.2\bin\zip.dll
Event: 0.926 Loaded shared library C:\Program Files\JetBrains\IntelliJ IDEA Community Edition 2021.3.3\bin\breakgen64.dll
Event: 0.927 Thread 0x000001ec7c99bbf0 Thread added: 0x000001ec7c99bbf0
Event: 0.927 Thread 0x000001ec7c99ad10 Thread added: 0x000001ec7c99ad10
Event: 1.790 Loaded shared library C:\Users\ERIN_JAVALead\.jdks\corretto-18.0.2\bin\jimage.dll


Dynamic libraries:
0x00007ff74be10000 - 0x00007ff74be1d000 	C:\Users\ERIN_JAVALead\.jdks\corretto-18.0.2\bin\java.exe
0x00007ffc5d2d0000 - 0x00007ffc5d4c8000 	C:\WINDOWS\SYSTEM32\ntdll.dll
0x00007ffc5c180000 - 0x00007ffc5c23d000 	C:\WINDOWS\System32\KERNEL32.DLL
0x00007ffc5af00000 - 0x00007ffc5b1f6000 	C:\WINDOWS\System32\KERNELBASE.dll
0x00007ffc5ae00000 - 0x00007ffc5af00000 	C:\WINDOWS\System32\ucrtbase.dll
0x00007ffc56470000 - 0x00007ffc56487000 	C:\Users\ERIN_JAVALead\.jdks\corretto-18.0.2\bin\jli.dll
0x00007ffc5d0c0000 - 0x00007ffc5d25e000 	C:\WINDOWS\System32\USER32.dll
0x00007ffc5ad40000 - 0x00007ffc5ad62000 	C:\WINDOWS\System32\win32u.dll
0x00007ffc5b400000 - 0x00007ffc5b42b000 	C:\WINDOWS\System32\GDI32.dll
0x00007ffc5aa00000 - 0x00007ffc5ab17000 	C:\WINDOWS\System32\gdi32full.dll
0x00007ffc5a960000 - 0x00007ffc5a9fd000 	C:\WINDOWS\System32\msvcp_win.dll
0x00007ffc47f50000 - 0x00007ffc47f65000 	C:\Users\ERIN_JAVALead\.jdks\corretto-18.0.2\bin\VCRUNTIME140.dll
0x00007ffc44900000 - 0x00007ffc44b9a000 	C:\WINDOWS\WinSxS\amd64_microsoft.windows.common-controls_6595b64144ccf1df_6.0.19041.3636_none_60b6a03d71f818d5\COMCTL32.dll
0x00007ffc5b4f0000 - 0x00007ffc5b58e000 	C:\WINDOWS\System32\msvcrt.dll
0x00007ffc5b6d0000 - 0x00007ffc5b702000 	C:\WINDOWS\System32\IMM32.DLL
0x00007ffc32510000 - 0x00007ffc325ab000 	C:\Users\ERIN_JAVALead\.jdks\corretto-18.0.2\bin\msvcp140.dll
0x00007ffc20ef0000 - 0x00007ffc21b61000 	C:\Users\ERIN_JAVALead\.jdks\corretto-18.0.2\bin\server\jvm.dll
0x00007ffc5b430000 - 0x00007ffc5b4e3000 	C:\WINDOWS\System32\ADVAPI32.dll
0x00007ffc5ca20000 - 0x00007ffc5cabf000 	C:\WINDOWS\System32\sechost.dll
0x00007ffc5b5a0000 - 0x00007ffc5b6c6000 	C:\WINDOWS\System32\RPCRT4.dll
0x00007ffc5b200000 - 0x00007ffc5b227000 	C:\WINDOWS\System32\bcrypt.dll
0x00007ffc5baa0000 - 0x00007ffc5baa8000 	C:\WINDOWS\System32\PSAPI.DLL
0x00007ffbdf5a0000 - 0x00007ffbdf5a9000 	C:\WINDOWS\SYSTEM32\WSOCK32.dll
0x00007ffc5c9b0000 - 0x00007ffc5ca1b000 	C:\WINDOWS\System32\WS2_32.dll
0x00007ffc37f10000 - 0x00007ffc37f37000 	C:\WINDOWS\SYSTEM32\WINMM.dll
0x00007ffc54990000 - 0x00007ffc5499a000 	C:\WINDOWS\SYSTEM32\VERSION.dll
0x00007ffc587d0000 - 0x00007ffc587e2000 	C:\WINDOWS\SYSTEM32\kernel.appcore.dll
0x00007ffc55340000 - 0x00007ffc5534a000 	C:\Users\ERIN_JAVALead\.jdks\corretto-18.0.2\bin\jimage.dll
0x00007ffc3c230000 - 0x00007ffc3c414000 	C:\WINDOWS\SYSTEM32\DBGHELP.DLL
0x00007ffc3c1f0000 - 0x00007ffc3c224000 	C:\WINDOWS\SYSTEM32\dbgcore.DLL
0x00007ffc5ad70000 - 0x00007ffc5adf2000 	C:\WINDOWS\System32\bcryptPrimitives.dll
0x00007ffc3ef60000 - 0x00007ffc3ef6e000 	C:\Users\ERIN_JAVALead\.jdks\corretto-18.0.2\bin\instrument.dll
0x00007ffc47ec0000 - 0x00007ffc47ee5000 	C:\Users\ERIN_JAVALead\.jdks\corretto-18.0.2\bin\java.dll
0x00007ffc32310000 - 0x00007ffc323e6000 	C:\Users\ERIN_JAVALead\.jdks\corretto-18.0.2\bin\jsvml.dll
0x00007ffc5c260000 - 0x00007ffc5c9a5000 	C:\WINDOWS\System32\SHELL32.dll
0x00007ffc589d0000 - 0x00007ffc5916c000 	C:\WINDOWS\SYSTEM32\windows.storage.dll
0x00007ffc5cb20000 - 0x00007ffc5ce74000 	C:\WINDOWS\System32\combase.dll
0x00007ffc5a1e0000 - 0x00007ffc5a20e000 	C:\WINDOWS\SYSTEM32\Wldp.dll
0x00007ffc5bc40000 - 0x00007ffc5bd0d000 	C:\WINDOWS\System32\OLEAUT32.dll
0x00007ffc5bb90000 - 0x00007ffc5bc3d000 	C:\WINDOWS\System32\SHCORE.dll
0x00007ffc5b850000 - 0x00007ffc5b8a5000 	C:\WINDOWS\System32\shlwapi.dll
0x00007ffc5a890000 - 0x00007ffc5a8b5000 	C:\WINDOWS\SYSTEM32\profapi.dll
0x00007ffc47d70000 - 0x00007ffc47d88000 	C:\Users\ERIN_JAVALead\.jdks\corretto-18.0.2\bin\zip.dll
0x00007ffc47ea0000 - 0x00007ffc47eb3000 	C:\Users\ERIN_JAVALead\.jdks\corretto-18.0.2\bin\net.dll
0x00007ffc544a0000 - 0x00007ffc545aa000 	C:\WINDOWS\SYSTEM32\WINHTTP.dll
0x00007ffc59fc0000 - 0x00007ffc5a02a000 	C:\WINDOWS\system32\mswsock.dll
0x00007ffc47d90000 - 0x00007ffc47da5000 	C:\Users\ERIN_JAVALead\.jdks\corretto-18.0.2\bin\nio.dll
0x00007ffc3c470000 - 0x00007ffc3c48a000 	C:\Program Files\JetBrains\IntelliJ IDEA Community Edition 2021.3.3\bin\breakgen64.dll

dbghelp: loaded successfully - version: 4.0.5 - missing functions: none
symbol engine: initialized successfully - sym options: 0x614 - pdb path: .;C:\Users\ERIN_JAVALead\.jdks\corretto-18.0.2\bin;C:\WINDOWS\SYSTEM32;C:\WINDOWS\WinSxS\amd64_microsoft.windows.common-controls_6595b64144ccf1df_6.0.19041.3636_none_60b6a03d71f818d5;C:\Users\ERIN_JAVALead\.jdks\corretto-18.0.2\bin\server;C:\Program Files\JetBrains\IntelliJ IDEA Community Edition 2021.3.3\bin

VM Arguments:
jvm_args: -ea -Didea.test.cyclic.buffer.size=1048576 -javaagent:C:\Program Files\JetBrains\IntelliJ IDEA Community Edition 2021.3.3\lib\idea_rt.jar=63356:C:\Program Files\JetBrains\IntelliJ IDEA Community Edition 2021.3.3\bin -Dfile.encoding=UTF-8 
java_command: com.intellij.rt.junit.JUnitStarter -ideVersion5 -junit5 com.registry.studentregistration.restcontroller.StudentControllerTest,fetchStudentDataById
java_class_path (initial): C:\Users\ERIN_JAVALead\.m2\repository\org\junit\platform\junit-platform-launcher\1.10.2\junit-platform-launcher-1.10.2.jar;C:\Program Files\JetBrains\IntelliJ IDEA Community Edition 2021.3.3\lib\idea_rt.jar;C:\Program Files\JetBrains\IntelliJ IDEA Community Edition 2021.3.3\plugins\junit\lib\junit5-rt.jar;C:\Program Files\JetBrains\IntelliJ IDEA Community Edition 2021.3.3\plugins\junit\lib\junit-rt.jar;C:\Users\ERIN_JAVALead\Downloads\studentregistration\studentregistration\target\test-classes;C:\Users\ERIN_JAVALead\Downloads\studentregistration\studentregistration\target\classes;C:\Users\ERIN_JAVALead\.m2\repository\org\springframework\boot\spring-boot-starter-data-jpa\3.2.3\spring-boot-starter-data-jpa-3.2.3.jar;C:\Users\ERIN_JAVALead\.m2\repository\org\springframework\boot\spring-boot-starter-aop\3.2.3\spring-boot-starter-aop-3.2.3.jar;C:\Users\ERIN_JAVALead\.m2\repository\org\springframework\spring-aop\6.1.4\spring-aop-6.1.4.jar;C:\Users\ERIN_JAVALead\.m2\repository\org\aspectj\aspectjweaver\1.9.21\aspectjweaver-1.9.21.jar;C:\Users\ERIN_JAVALead\.m2\repository\org\springframework\boot\spring-boot-starter-jdbc\3.2.3\spring-boot-starter-jdbc-3.2.3.jar;C:\Users\ERIN_JAVALead\.m2\repository\com\zaxxer\HikariCP\5.0.1\HikariCP-5.0.1.jar;C:\Users\ERIN_JAVALead\.m2\repository\org\springframework\spring-jdbc\6.1.4\spring-jdbc-6.1.4.jar;C:\Users\ERIN_JAVALead\.m2\repository\org\hibernate\orm\hibernate-core\6.4.4.Final\hibernate-core-6.4.4.Final.jar;C:\Users\ERIN_JAVALead\.m2\repository\jakarta\persistence\jakarta.persistence-api\3.1.0\jakarta.persistence-api-3.1.0.jar;C:\Users\ERIN_JAVALead\.m2\repository\jakarta\transaction\jakarta.transaction-api\2.0.1\jakarta.transaction-api-2.0.1.jar;C:\Users\ERIN_JAVALead\.m2\repository\org\jboss\logging\jboss-logging\3.5.3.Final\jboss-logging-3.5.3.Final.jar;C:\Users\ERIN_JAVALead\.m2\repository\org\hibernate\common\hibernate-commons-annotations\6.0.6.Final\hibernate-commons-annotations-6.0.6.Final.jar;C:\Users\ERIN_JAVALead\.m2\repository\io\smallrye\jandex\3.1.2\jandex-3.1.2.jar;C:\Users\ERIN_JAVALead\.m2\repository\com\fasterxml\classmate\1.6.0\classmate-1.6.0.jar;C:\Users\ERIN_JAVALead\.m2\repository\net\bytebuddy\byte-buddy\1.14.12\byte-buddy-1.14.12.jar;C:\Users\ERIN_JAVALead\.m2\repository\org\glassfish\jaxb\jaxb-runtime\4.0.4\jaxb-runtime-4.0.4.jar;C:\Users\ERIN_JAVALead\.m2\repository\org\glassfish\jaxb\jaxb-core\4.0.4\jaxb-core-4.0.4.jar;C:\Users\ERIN_JAVALead\.m2\repository\org\eclipse\angus\angus-activation\2.0.1\angus-activation-2.0.1.jar;C:\Users\ERIN_JAVALead\.m2\repository\org\glassfish\jaxb\txw2\4.0.4\txw2-4.0.4.jar;C:\Users\ERIN_JAVALead\.m2\repository\com\sun\istack\istack-commons-runtime\4.1.2\istack-commons-runtime-4.1.2.jar;C:\Users\ERIN_JAVALead\.m2\repository\jakarta\inject\jakarta.inject-api\2.0.1\jakarta.inject-api-2.0.1.jar;C:\Users\ERIN_JAVALead\.m2\repository\org\antlr\antlr4-runtime\4.13.0\antlr4-runtime-4.13.0.jar;C:\Users\ERIN_JAVALead\.m2\repository\org\springframework\data\spring-data-jpa\3.2.3\spring-data-jpa-3.2.3.jar;C:\Users\ERIN_JAVALead\.m2\repository\org\springframework\data\spring-data-commons\3.2.3\spring-data-commons-3.2.3.jar;C:\Users\ERIN_JAVALead\.m2\repository\org\springframework\spring-orm\6.1.4\spring-orm-6.1.4.jar;C:\Users\ERIN_JAVALead\.m2\repository\org\springframework\spring-context\6.1.4\spring-context-6.1.4.jar;C:\Users\ERIN_JAVALead\.m2\repository\org\springframework\spring-tx\6.1.4\spring-tx-6.1.4.jar;C:\Users\ERIN_JAVALead\.m2\repository\org\springframework\spring-beans\6.1.4\spring-beans-6.1.4.jar;C:\Users\ERIN_JAVALead\.m2\repository\jakarta\annotation\jakarta.annotation-api\2.1.1\jakarta.annotation-api-2.1.1.jar;C:\Users\ERIN_JAVALead\.m2\repository\org\slf4j\slf4j-api\2.0.12\slf4j-api-2.0.12.jar;C:\Users\ERIN_JAVALead\.m2\repository\org\springframework\spring-aspects\6.1.4\spring-aspects-6.1.4.jar;C:\Users\ERIN_JAVALead\.m2\repository\org\springframework\boot\spring-boot-starter-web\2.4.2\spring-boot-starter-web-2.4.2.jar;C:\Users\ERIN_JAVALead\.m2\repository\org\springframework\boot\spring-boot-starter\3.2.3\spring-boot-starter-3.2.3.jar;C:\Users\ERIN_JAVALead\.m2\repository\org\springframework\boot\spring-boot\3.2.3\spring-boot-3.2.3.jar;C:\Users\ERIN_JAVALead\.m2\repository\org\springframework\boot\spring-boot-autoconfigure\3.2.3\spring-boot-autoconfigure-3.2.3.jar;C:\Users\ERIN_JAVALead\.m2\repository\org\springframework\boot\spring-boot-starter-logging\3.2.3\spring-boot-starter-logging-3.2.3.jar;C:\Users\ERIN_JAVALead\.m2\repository\ch\qos\logback\logback-classic\1.4.14\logback-classic-1.4.14.jar;C:\Users\ERIN_JAVALead\.m2\repository\ch\qos\logback\logback-core\1.4.14\logback-core-1.4.14.jar;C:\Users\ERIN_JAVALead\.m2\repository\org\apache\logging\log4j\log4j-to-slf4j\2.21.1\log4j-to-slf4j-2.21.1.jar;C:\Users\ERIN_JAVALead\.m2\repository\org\apache\logging\log4j\log4j-api\2.21.1\log4j-api-2.21.1.jar;C:\Users\ERIN_JAVALead\.m2\repository\org\slf4j\jul-to-slf4j\2.0.12\jul-to-slf4j-2.0.12.jar;C:\Users\ERIN_JAVALead\.m2\repository\org\yaml\snakeyaml\2.2\snakeyaml-2.2.jar;C:\Users\ERIN_JAVALead\.m2\repository\org\springframework\boot\spring-boot-starter-json\3.2.3\spring-boot-starter-json-3.2.3.jar;C:\Users\ERIN_JAVALead\.m2\repository\com\fasterxml\jackson\core\jackson-databind\2.15.4\jackson-databind-2.15.4.jar;C:\Users\ERIN_JAVALead\.m2\repository\com\fasterxml\jackson\core\jackson-annotations\2.15.4\jackson-annotations-2.15.4.jar;C:\Users\ERIN_JAVALead\.m2\repository\com\fasterxml\jackson\core\jackson-core\2.15.4\jackson-core-2.15.4.jar;C:\Users\ERIN_JAVALead\.m2\repository\com\fasterxml\jackson\datatype\jackson-datatype-jdk8\2.15.4\jackson-datatype-jdk8-2.15.4.jar;C:\Users\ERIN_JAVALead\.m2\repository\com\fasterxml\jackson\datatype\jackson-datatype-jsr310\2.15.4\jackson-datatype-jsr310-2.15.4.jar;C:\Users\ERIN_JAVALead\.m2\repository\com\fasterxml\jackson\module\jackson-module-parameter-names\2.15.4\jackson-module-parameter-names-2.15.4.jar;C:\Users\ERIN_JAVALead\.m2\repository\org\springframework\boot\spring-boot-starter-tomcat\3.2.3\spring-boot-starter-tomcat-3.2.3.jar;C:\Users\ERIN_JAVALead\.m2\repository\org\apache\tomcat\embed\tomcat-embed-core\10.1.19\tomcat-embed-core-10.1.19.jar;C:\Users\ERIN_JAVALead\.m2\repository\org\apache\tomcat\embed\tomcat-embed-websocket\10.1.19\tomcat-embed-websocket-10.1.19.jar;C:\Users\ERIN_JAVALead\.m2\repository\org\springframework\spring-web\6.1.4\spring-web-6.1.4.jar;C:\Users\ERIN_JAVALead\.m2\repository\io\micrometer\micrometer-observation\1.12.3\micrometer-observation-1.12.3.jar;C:\Users\ERIN_JAVALead\.m2\repository\io\micrometer\micrometer-commons\1.12.3\micrometer-commons-1.12.3.jar;C:\Users\ERIN_JAVALead\.m2\repository\org\springframework\spring-webmvc\6.1.4\spring-webmvc-6.1.4.jar;C:\Users\ERIN_JAVALead\.m2\repository\org\springframework\spring-expression\6.1.4\spring-expression-6.1.4.jar;C:\Users\ERIN_JAVALead\.m2\repository\org\springframework\boot\spring-boot-starter-validation\3.2.3\spring-boot-starter-validation-3.2.3.jar;C:\Users\ERIN_JAVALead\.m2\repository\org\apache\tomcat\embed\tomcat-embed-el\10.1.19\tomcat-embed-el-10.1.19.jar;C:\Users\ERIN_JAVALead\.m2\repository\org\hibernate\validator\hibernate-validator\8.0.1.Final\hibernate-validator-8.0.1.Final.jar;C:\Users\ERIN_JAVALead\.m2\repository\jakarta\validation\jakarta.validation-api\3.0.2\jakarta.validation-api-3.0.2.jar;C:\Users\ERIN_JAVALead\.m2\repository\org\projectlombok\lombok\1.18.30\lombok-1.18.30.jar;C:\Users\ERIN_JAVALead\.m2\repository\com\microsoft\sqlserver\mssql-jdbc\12.4.2.jre11\mssql-jdbc-12.4.2.jre11.jar;C:\Users\ERIN_JAVALead\.m2\repository\org\springframework\boot\spring-boot-starter-test\3.2.3\spring-boot-starter-test-3.2.3.jar;C:\Users\ERIN_JAVALead\.m2\repository\org\springframework\boot\spring-boot-test\3.2.3\spring-boot-test-3.2.3.jar;C:\Users\ERIN_JAVALead\.m2\repository\org\springframework\boot\spring-boot-test-autoconfigure\3.2.3\spring-boot-test-autoconfigure-3.2.3.jar;C:\Users\ERIN_JAVALead\.m2\repository\com\jayway\jsonpath\json-path\2.9.0\json-path-2.9.0.jar;C:\Users\ERIN_JAVALead\.m2\repository\jakarta\xml\bind\jakarta.xml.bind-api\4.0.1\jakarta.xml.bind-api-4.0.1.jar;C:\Users\ERIN_JAVALead\.m2\repository\jakarta\activation\jakarta.activation-api\2.1.2\jakarta.activation-api-2.1.2.jar;C:\Users\ERIN_JAVALead\.m2\repository\net\minidev\json-smart\2.5.0\json-smart-2.5.0.jar;C:\Users\ERIN_JAVALead\.m2\repository\net\minidev\accessors-smart\2.5.0\accessors-smart-2.5.0.jar;C:\Users\ERIN_JAVALead\.m2\repository\org\ow2\asm\asm\9.3\asm-9.3.jar;C:\Users\ERIN_JAVALead\.m2\repository\org\assertj\assertj-core\3.24.2\assertj-core-3.24.2.jar;C:\Users\ERIN_JAVALead\.m2\repository\org\awaitility\awaitility\4.2.0\awaitility-4.2.0.jar;C:\Users\ERIN_JAVALead\.m2\repository\org\hamcrest\hamcrest\2.2\hamcrest-2.2.jar;C:\Users\ERIN_JAVALead\.m2\repository\org\junit\jupiter\junit-jupiter\5.10.2\junit-jupiter-5.10.2.jar;C:\Users\ERIN_JAVALead\.m2\repository\org\junit\jupiter\junit-jupiter-api\5.10.2\junit-jupiter-api-5.10.2.jar;C:\Users\ERIN_JAVALead\.m2\repository\org\opentest4j\opentest4j\1.3.0\opentest4j-1.3.0.jar;C:\Users\ERIN_JAVALead\.m2\repository\org\junit\platform\junit-platform-commons\1.10.2\junit-platform-commons-1.10.2.jar;C:\Users\ERIN_JAVALead\.m2\repository\org\apiguardian\apiguardian-api\1.1.2\apiguardian-api-1.1.2.jar;C:\Users\ERIN_JAVALead\.m2\repository\org\junit\jupiter\junit-jupiter-params\5.10.2\junit-jupiter-params-5.10.2.jar;C:\Users\ERIN_JAVALead\.m2\repository\org\junit\jupiter\junit-jupiter-engine\5.10.2\junit-jupiter-engine-5.10.2.jar;C:\Users\ERIN_JAVALead\.m2\repository\org\junit\platform\junit-platform-engine\1.10.2\junit-platform-engine-1.10.2.jar;C:\Users\ERIN_JAVALead\.m2\repository\org\mockito\mockito-core\5.7.0\mockito-core-5.7.0.jar;C:\Users\ERIN_JAVALead\.m2\repository\net\bytebuddy\byte-buddy-agent\1.14.12\byte-buddy-agent-1.14.12.jar;C:\Users\ERIN_JAVALead\.m2\repository\org\objenesis\objenesis\3.3\objenesis-3.3.jar;C:\Users\ERIN_JAVALead\.m2\repository\org\mockito\mockito-junit-jupiter\5.7.0\mockito-junit-jupiter-5.7.0.jar;C:\Users\ERIN_JAVALead\.m2\repository\org\skyscreamer\jsonassert\1.5.1\jsonassert-1.5.1.jar;C:\Users\ERIN_JAVALead\.m2\repository\com\vaadin\external\google\android-json\0.0.20131108.vaadin1\android-json-0.0.20131108.vaadin1.jar;C:\Users\ERIN_JAVALead\.m2\repository\org\springframework\spring-core\6.1.4\spring-core-6.1.4.jar;C:\Users\ERIN_JAVALead\.m2\repository\org\springframework\spring-jcl\6.1.4\spring-jcl-6.1.4.jar;C:\Users\ERIN_JAVALead\.m2\repository\org\springframework\spring-test\6.1.4\spring-test-6.1.4.jar;C:\Users\ERIN_JAVALead\.m2\repository\org\xmlunit\xmlunit-core\2.9.1\xmlunit-core-2.9.1.jar;C:\Users\ERIN_JAVALead\.m2\repository\org\mapstruct\mapstruct\1.6.0.Beta1\mapstruct-1.6.0.Beta1.jar
Launcher Type: SUN_STANDARD

[Global flags]
     intx CICompilerCount                          = 3                                         {product} {ergonomic}
     uint ConcGCThreads                            = 1                                         {product} {ergonomic}
     uint G1ConcRefinementThreads                  = 4                                         {product} {ergonomic}
   size_t G1HeapRegionSize                         = 1048576                                   {product} {ergonomic}
    uintx GCDrainStackTargetSize                   = 64                                        {product} {ergonomic}
   size_t InitialHeapSize                          = 67108864                                  {product} {ergonomic}
   size_t MarkStackSize                            = 4194304                                   {product} {ergonomic}
   size_t MaxHeapSize                              = 1052770304                                {product} {ergonomic}
   size_t MaxNewSize                               = 631242752                                 {product} {ergonomic}
   size_t MinHeapDeltaBytes                        = 1048576                                   {product} {ergonomic}
   size_t MinHeapSize                              = 8388608                                   {product} {ergonomic}
    uintx NonNMethodCodeHeapSize                   = 5832780                                {pd product} {ergonomic}
    uintx NonProfiledCodeHeapSize                  = 122912730                              {pd product} {ergonomic}
    uintx ProfiledCodeHeapSize                     = 122912730                              {pd product} {ergonomic}
    uintx ReservedCodeCacheSize                    = 251658240                              {pd product} {ergonomic}
     bool SegmentedCodeCache                       = true                                      {product} {ergonomic}
   size_t SoftMaxHeapSize                          = 1052770304                             {manageable} {ergonomic}
     bool UseCompressedClassPointers               = true                           {product lp64_product} {ergonomic}
     bool UseCompressedOops                        = true                           {product lp64_product} {ergonomic}
     bool UseG1GC                                  = true                                      {product} {ergonomic}
     bool UseLargePagesIndividualAllocation        = false                                  {pd product} {ergonomic}

Logging:
Log output configuration:
 #0: stdout all=warning uptime,level,tags foldmultilines=false
 #1: stderr all=off uptime,level,tags foldmultilines=false

Environment Variables:
JAVA_HOME=C:\Program Files\Java\jdk1.8.0_202
PATH=C:\Program Files (x86)\Common Files\Oracle\Java\javapath;C:\WINDOWS\system32;C:\WINDOWS;C:\WINDOWS\System32\Wbem;C:\WINDOWS\System32\WindowsPowerShell\v1.0\;C:\WINDOWS\System32\OpenSSH\;C:\Program Files (x86)\nodejs\;C:\Program Files (x86)\nodejs\npm;C:\Users\ERIN_JAVALead\AppData\Roaming\npm;C:\Program Files\Git\cmd;C:\Program Files (x86)\dotnet\;C:\Program Files (x86)\Microsoft SQL Server\160\DTS\Binn\;C:\Program Files\Azure Data Studio\bin;C:\Program Files (x86)\Microsoft SQL Server\160\Tools\Binn\;C:\Program Files\Microsoft SQL Server\160\Tools\Binn\;C:\Program Files\Microsoft SQL Server\Client SDK\ODBC\170\Tools\Binn\;C:\Program Files\Microsoft SQL Server\160\DTS\Binn\;C:\Program Files\Java\jdk1.8.0_202\bin;C:\Program Files\Java\jdk1.8.0_202\jre\bin;C:\kafkasrc\bin\windows;C:\Program Files\Docker\Docker\resources\bin;C:\Program Files\Docker\Docker;C:\Users\ERIN_JAVALead\AppData\Local\Microsoft\WindowsApps;;C:\Users\ERIN_JAVALead\AppData\Local\Programs\Microsoft VS Code\bin;C:\Users\ERIN_JAVALead\AppData\Roaming\npm;C:\Program Files\Azure Data Studio\bin
USERNAME=ERIN_JAVALead
OS=Windows_NT
PROCESSOR_IDENTIFIER=Intel64 Family 6 Model 78 Stepping 3, GenuineIntel



---------------  S Y S T E M  ---------------

OS:
 Windows 10 , 64 bit Build 19041 (10.0.19041.3636)
OS uptime: 0 days 6:35 hours
Hyper-V role detected

CPU: total 4 (initial active 4) (2 cores per cpu, 2 threads per core) family 6 model 78 stepping 3 microcode 0xcc, cx8, cmov, fxsr, ht, mmx, 3dnowpref, sse, sse2, sse3, ssse3, sse4.1, sse4.2, popcnt, lzcnt, tsc, tscinvbit, avx, avx2, aes, erms, clmul, bmi1, bmi2, adx, fma, vzeroupper, clflush, clflushopt, hv

Memory: 4k page, system-wide physical 4012M (351M free)
TotalPageFile size 6060M (AvailPageFile size 4M)
current process WorkingSet (physical memory assigned to process): 77M, peak: 77M
current process commit charge ("private bytes"): 156M, peak: 156M

vm_info: OpenJDK 64-Bit Server VM (18.0.2+9-FR) for windows-amd64 JRE (18.0.2+9-FR), built on Jul 15 2022 20:03:03 by "Administrator" with MS VC++ 15.9 (VS2017)

END.
